16:10:44.431 [main] ERROR o.s.c.s.b.BindingService - [rescheduleProducerBinding,353] - Failed to create producer binding; retrying in 30 seconds
org.springframework.cloud.stream.binder.BinderException: Exception thrown while building outbound endpoint
	at org.springframework.cloud.stream.binder.AbstractMessageChannelBinder.doBindProducer(AbstractMessageChannelBinder.java:257)
	at org.springframework.cloud.stream.binder.AbstractMessageChannelBinder.doBindProducer(AbstractMessageChannelBinder.java:98)
	at org.springframework.cloud.stream.binder.AbstractBinder.bindProducer(AbstractBinder.java:152)
	at org.springframework.cloud.stream.binding.BindingService.doBindProducer(BindingService.java:336)
	at org.springframework.cloud.stream.binding.BindingService.bindProducer(BindingService.java:293)
	at org.springframework.cloud.stream.binding.BindingService.bindProducer(BindingService.java:302)
	at org.springframework.cloud.stream.binding.BindingService.bindProducer(BindingService.java:306)
	at org.springframework.cloud.stream.binding.AbstractBindableProxyFactory.createAndBindOutputs(AbstractBindableProxyFactory.java:142)
	at org.springframework.cloud.stream.binding.OutputBindingLifecycle.doStartWithBindable(OutputBindingLifecycle.java:58)
	at java.util.LinkedHashMap$LinkedValues.forEach(LinkedHashMap.java:608)
	at org.springframework.cloud.stream.binding.AbstractBindingLifecycle.start(AbstractBindingLifecycle.java:57)
	at org.springframework.cloud.stream.binding.OutputBindingLifecycle.start(OutputBindingLifecycle.java:34)
	at org.springframework.context.support.DefaultLifecycleProcessor.doStart(DefaultLifecycleProcessor.java:178)
	at org.springframework.context.support.DefaultLifecycleProcessor.access$200(DefaultLifecycleProcessor.java:54)
	at org.springframework.context.support.DefaultLifecycleProcessor$LifecycleGroup.start(DefaultLifecycleProcessor.java:356)
	at java.lang.Iterable.forEach(Iterable.java:75)
	at org.springframework.context.support.DefaultLifecycleProcessor.startBeans(DefaultLifecycleProcessor.java:155)
	at org.springframework.context.support.DefaultLifecycleProcessor.onRefresh(DefaultLifecycleProcessor.java:123)
	at org.springframework.context.support.AbstractApplicationContext.finishRefresh(AbstractApplicationContext.java:935)
	at org.springframework.context.support.AbstractApplicationContext.refresh(AbstractApplicationContext.java:586)
	at org.springframework.boot.web.servlet.context.ServletWebServerApplicationContext.refresh(ServletWebServerApplicationContext.java:147)
	at org.springframework.boot.SpringApplication.refresh(SpringApplication.java:731)
	at org.springframework.boot.SpringApplication.refreshContext(SpringApplication.java:408)
	at org.springframework.boot.SpringApplication.run(SpringApplication.java:307)
	at org.springframework.boot.SpringApplication.run(SpringApplication.java:1303)
	at org.springframework.boot.SpringApplication.run(SpringApplication.java:1292)
	at com.towelove.spring.cloud.mq.SpringCloudRocketmqProducerApplication.main(SpringCloudRocketmqProducerApplication.java:18)
Caused by: java.lang.IllegalArgumentException: Property 'group' is required - producerGroup
	at org.springframework.util.Assert.notNull(Assert.java:201)
	at com.alibaba.cloud.stream.binder.rocketmq.integration.outbound.RocketMQProduceFactory.initRocketMQProducer(RocketMQProduceFactory.java:62)
	at com.alibaba.cloud.stream.binder.rocketmq.integration.outbound.RocketMQProducerMessageHandler.onInit(RocketMQProducerMessageHandler.java:98)
	at org.springframework.integration.context.IntegrationObjectSupport.afterPropertiesSet(IntegrationObjectSupport.java:209)
	at org.springframework.cloud.stream.binder.AbstractMessageChannelBinder.doBindProducer(AbstractMessageChannelBinder.java:246)
	... 26 common frames omitted
