22:27:59.470 [main] ERROR o.s.b.d.LoggingFailureAnalysisReporter - [report,40] - 

***************************
APPLICATION FAILED TO START
***************************

Description:

Failed to bind properties under 'spring.cloud.stream.bindings.group' to org.springframework.cloud.stream.config.BindingProperties:

    Reason: org.springframework.core.convert.ConverterNotFoundException: No converter found capable of converting from type [java.lang.String] to type [org.springframework.cloud.stream.config.BindingProperties]

Action:

Update your application's configuration

22:46:41.635 [main] ERROR o.s.c.s.b.BindingService - [rescheduleProducerBinding,353] - Failed to create producer binding; retrying in 30 seconds
org.springframework.cloud.stream.binder.BinderException: Exception thrown while building outbound endpoint
	at org.springframework.cloud.stream.binder.AbstractMessageChannelBinder.doBindProducer(AbstractMessageChannelBinder.java:257)
	at org.springframework.cloud.stream.binder.AbstractMessageChannelBinder.doBindProducer(AbstractMessageChannelBinder.java:98)
	at org.springframework.cloud.stream.binder.AbstractBinder.bindProducer(AbstractBinder.java:152)
	at org.springframework.cloud.stream.binding.BindingService.doBindProducer(BindingService.java:336)
	at org.springframework.cloud.stream.binding.BindingService.bindProducer(BindingService.java:293)
	at org.springframework.cloud.stream.binding.BindingService.bindProducer(BindingService.java:302)
	at org.springframework.cloud.stream.binding.BindingService.bindProducer(BindingService.java:306)
	at org.springframework.cloud.stream.binding.AbstractBindableProxyFactory.createAndBindOutputs(AbstractBindableProxyFactory.java:142)
	at org.springframework.cloud.stream.binding.OutputBindingLifecycle.doStartWithBindable(OutputBindingLifecycle.java:58)
	at java.util.LinkedHashMap$LinkedValues.forEach(LinkedHashMap.java:608)
	at org.springframework.cloud.stream.binding.AbstractBindingLifecycle.start(AbstractBindingLifecycle.java:57)
	at org.springframework.cloud.stream.binding.OutputBindingLifecycle.start(OutputBindingLifecycle.java:34)
	at org.springframework.context.support.DefaultLifecycleProcessor.doStart(DefaultLifecycleProcessor.java:178)
	at org.springframework.context.support.DefaultLifecycleProcessor.access$200(DefaultLifecycleProcessor.java:54)
	at org.springframework.context.support.DefaultLifecycleProcessor$LifecycleGroup.start(DefaultLifecycleProcessor.java:356)
	at java.lang.Iterable.forEach(Iterable.java:75)
	at org.springframework.context.support.DefaultLifecycleProcessor.startBeans(DefaultLifecycleProcessor.java:155)
	at org.springframework.context.support.DefaultLifecycleProcessor.onRefresh(DefaultLifecycleProcessor.java:123)
	at org.springframework.context.support.AbstractApplicationContext.finishRefresh(AbstractApplicationContext.java:935)
	at org.springframework.context.support.AbstractApplicationContext.refresh(AbstractApplicationContext.java:586)
	at org.springframework.boot.web.servlet.context.ServletWebServerApplicationContext.refresh(ServletWebServerApplicationContext.java:147)
	at org.springframework.boot.SpringApplication.refresh(SpringApplication.java:731)
	at org.springframework.boot.SpringApplication.refreshContext(SpringApplication.java:408)
	at org.springframework.boot.SpringApplication.run(SpringApplication.java:307)
	at org.springframework.boot.SpringApplication.run(SpringApplication.java:1303)
	at org.springframework.boot.SpringApplication.run(SpringApplication.java:1292)
	at SpringCloudRocketmqProducerApplication.main(SpringCloudRocketmqProducerApplication.java:17)
Caused by: java.lang.IllegalArgumentException: Property 'group' is required - producerGroup
	at org.springframework.util.Assert.notNull(Assert.java:201)
	at com.alibaba.cloud.stream.binder.rocketmq.integration.outbound.RocketMQProduceFactory.initRocketMQProducer(RocketMQProduceFactory.java:62)
	at com.alibaba.cloud.stream.binder.rocketmq.integration.outbound.RocketMQProducerMessageHandler.onInit(RocketMQProducerMessageHandler.java:98)
	at org.springframework.integration.context.IntegrationObjectSupport.afterPropertiesSet(IntegrationObjectSupport.java:209)
	at org.springframework.cloud.stream.binder.AbstractMessageChannelBinder.doBindProducer(AbstractMessageChannelBinder.java:246)
	... 26 common frames omitted
22:47:11.638 [scheduling-1] ERROR o.s.c.s.b.BindingService - [rescheduleProducerBinding,353] - Failed to create producer binding; retrying in 30 seconds
org.springframework.cloud.stream.binder.BinderException: Exception thrown while building outbound endpoint
	at org.springframework.cloud.stream.binder.AbstractMessageChannelBinder.doBindProducer(AbstractMessageChannelBinder.java:257)
	at org.springframework.cloud.stream.binder.AbstractMessageChannelBinder.doBindProducer(AbstractMessageChannelBinder.java:98)
	at org.springframework.cloud.stream.binder.AbstractBinder.bindProducer(AbstractBinder.java:152)
	at org.springframework.cloud.stream.binding.BindingService.lambda$rescheduleProducerBinding$4(BindingService.java:359)
	at org.springframework.scheduling.support.DelegatingErrorHandlingRunnable.run(DelegatingErrorHandlingRunnable.java:54)
	at java.util.concurrent.Executors$RunnableAdapter.call(Executors.java:511)
	at java.util.concurrent.FutureTask.run(FutureTask.java:266)
	at java.util.concurrent.ScheduledThreadPoolExecutor$ScheduledFutureTask.access$201(ScheduledThreadPoolExecutor.java:180)
	at java.util.concurrent.ScheduledThreadPoolExecutor$ScheduledFutureTask.run(ScheduledThreadPoolExecutor.java:293)
	at java.util.concurrent.ThreadPoolExecutor.runWorker(ThreadPoolExecutor.java:1149)
	at java.util.concurrent.ThreadPoolExecutor$Worker.run(ThreadPoolExecutor.java:624)
	at java.lang.Thread.run(Thread.java:750)
Caused by: java.lang.IllegalArgumentException: Property 'group' is required - producerGroup
	at org.springframework.util.Assert.notNull(Assert.java:201)
	at com.alibaba.cloud.stream.binder.rocketmq.integration.outbound.RocketMQProduceFactory.initRocketMQProducer(RocketMQProduceFactory.java:62)
	at com.alibaba.cloud.stream.binder.rocketmq.integration.outbound.RocketMQProducerMessageHandler.onInit(RocketMQProducerMessageHandler.java:98)
	at org.springframework.integration.context.IntegrationObjectSupport.afterPropertiesSet(IntegrationObjectSupport.java:209)
	at org.springframework.cloud.stream.binder.AbstractMessageChannelBinder.doBindProducer(AbstractMessageChannelBinder.java:246)
	... 11 common frames omitted
22:55:08.379 [main] ERROR o.s.c.s.b.BindingService - [rescheduleProducerBinding,353] - Failed to create producer binding; retrying in 30 seconds
org.springframework.cloud.stream.binder.BinderException: Exception thrown while building outbound endpoint
	at org.springframework.cloud.stream.binder.AbstractMessageChannelBinder.doBindProducer(AbstractMessageChannelBinder.java:257)
	at org.springframework.cloud.stream.binder.AbstractMessageChannelBinder.doBindProducer(AbstractMessageChannelBinder.java:98)
	at org.springframework.cloud.stream.binder.AbstractBinder.bindProducer(AbstractBinder.java:152)
	at org.springframework.cloud.stream.binding.BindingService.doBindProducer(BindingService.java:336)
	at org.springframework.cloud.stream.binding.BindingService.bindProducer(BindingService.java:293)
	at org.springframework.cloud.stream.binding.BindingService.bindProducer(BindingService.java:302)
	at org.springframework.cloud.stream.binding.BindingService.bindProducer(BindingService.java:306)
	at org.springframework.cloud.stream.binding.AbstractBindableProxyFactory.createAndBindOutputs(AbstractBindableProxyFactory.java:142)
	at org.springframework.cloud.stream.binding.OutputBindingLifecycle.doStartWithBindable(OutputBindingLifecycle.java:58)
	at java.util.LinkedHashMap$LinkedValues.forEach(LinkedHashMap.java:608)
	at org.springframework.cloud.stream.binding.AbstractBindingLifecycle.start(AbstractBindingLifecycle.java:57)
	at org.springframework.cloud.stream.binding.OutputBindingLifecycle.start(OutputBindingLifecycle.java:34)
	at org.springframework.context.support.DefaultLifecycleProcessor.doStart(DefaultLifecycleProcessor.java:178)
	at org.springframework.context.support.DefaultLifecycleProcessor.access$200(DefaultLifecycleProcessor.java:54)
	at org.springframework.context.support.DefaultLifecycleProcessor$LifecycleGroup.start(DefaultLifecycleProcessor.java:356)
	at java.lang.Iterable.forEach(Iterable.java:75)
	at org.springframework.context.support.DefaultLifecycleProcessor.startBeans(DefaultLifecycleProcessor.java:155)
	at org.springframework.context.support.DefaultLifecycleProcessor.onRefresh(DefaultLifecycleProcessor.java:123)
	at org.springframework.context.support.AbstractApplicationContext.finishRefresh(AbstractApplicationContext.java:935)
	at org.springframework.context.support.AbstractApplicationContext.refresh(AbstractApplicationContext.java:586)
	at org.springframework.boot.web.servlet.context.ServletWebServerApplicationContext.refresh(ServletWebServerApplicationContext.java:147)
	at org.springframework.boot.SpringApplication.refresh(SpringApplication.java:731)
	at org.springframework.boot.SpringApplication.refreshContext(SpringApplication.java:408)
	at org.springframework.boot.SpringApplication.run(SpringApplication.java:307)
	at org.springframework.boot.SpringApplication.run(SpringApplication.java:1303)
	at org.springframework.boot.SpringApplication.run(SpringApplication.java:1292)
	at SpringCloudRocketmqProducerApplication.main(SpringCloudRocketmqProducerApplication.java:22)
Caused by: java.lang.IllegalArgumentException: Property 'group' is required - producerGroup
	at org.springframework.util.Assert.notNull(Assert.java:201)
	at com.alibaba.cloud.stream.binder.rocketmq.integration.outbound.RocketMQProduceFactory.initRocketMQProducer(RocketMQProduceFactory.java:62)
	at com.alibaba.cloud.stream.binder.rocketmq.integration.outbound.RocketMQProducerMessageHandler.onInit(RocketMQProducerMessageHandler.java:98)
	at org.springframework.integration.context.IntegrationObjectSupport.afterPropertiesSet(IntegrationObjectSupport.java:209)
	at org.springframework.cloud.stream.binder.AbstractMessageChannelBinder.doBindProducer(AbstractMessageChannelBinder.java:246)
	... 26 common frames omitted
22:55:38.389 [scheduling-1] ERROR o.s.c.s.b.BindingService - [rescheduleProducerBinding,353] - Failed to create producer binding; retrying in 30 seconds
org.springframework.cloud.stream.binder.BinderException: Exception thrown while building outbound endpoint
	at org.springframework.cloud.stream.binder.AbstractMessageChannelBinder.doBindProducer(AbstractMessageChannelBinder.java:257)
	at org.springframework.cloud.stream.binder.AbstractMessageChannelBinder.doBindProducer(AbstractMessageChannelBinder.java:98)
	at org.springframework.cloud.stream.binder.AbstractBinder.bindProducer(AbstractBinder.java:152)
	at org.springframework.cloud.stream.binding.BindingService.lambda$rescheduleProducerBinding$4(BindingService.java:359)
	at org.springframework.scheduling.support.DelegatingErrorHandlingRunnable.run(DelegatingErrorHandlingRunnable.java:54)
	at java.util.concurrent.Executors$RunnableAdapter.call(Executors.java:511)
	at java.util.concurrent.FutureTask.run(FutureTask.java:266)
	at java.util.concurrent.ScheduledThreadPoolExecutor$ScheduledFutureTask.access$201(ScheduledThreadPoolExecutor.java:180)
	at java.util.concurrent.ScheduledThreadPoolExecutor$ScheduledFutureTask.run(ScheduledThreadPoolExecutor.java:293)
	at java.util.concurrent.ThreadPoolExecutor.runWorker(ThreadPoolExecutor.java:1149)
	at java.util.concurrent.ThreadPoolExecutor$Worker.run(ThreadPoolExecutor.java:624)
	at java.lang.Thread.run(Thread.java:750)
Caused by: java.lang.IllegalArgumentException: Property 'group' is required - producerGroup
	at org.springframework.util.Assert.notNull(Assert.java:201)
	at com.alibaba.cloud.stream.binder.rocketmq.integration.outbound.RocketMQProduceFactory.initRocketMQProducer(RocketMQProduceFactory.java:62)
	at com.alibaba.cloud.stream.binder.rocketmq.integration.outbound.RocketMQProducerMessageHandler.onInit(RocketMQProducerMessageHandler.java:98)
	at org.springframework.integration.context.IntegrationObjectSupport.afterPropertiesSet(IntegrationObjectSupport.java:209)
	at org.springframework.cloud.stream.binder.AbstractMessageChannelBinder.doBindProducer(AbstractMessageChannelBinder.java:246)
	... 11 common frames omitted
22:56:08.404 [scheduling-1] ERROR o.s.c.s.b.BindingService - [rescheduleProducerBinding,353] - Failed to create producer binding; retrying in 30 seconds
org.springframework.cloud.stream.binder.BinderException: Exception thrown while building outbound endpoint
	at org.springframework.cloud.stream.binder.AbstractMessageChannelBinder.doBindProducer(AbstractMessageChannelBinder.java:257)
	at org.springframework.cloud.stream.binder.AbstractMessageChannelBinder.doBindProducer(AbstractMessageChannelBinder.java:98)
	at org.springframework.cloud.stream.binder.AbstractBinder.bindProducer(AbstractBinder.java:152)
	at org.springframework.cloud.stream.binding.BindingService.lambda$rescheduleProducerBinding$4(BindingService.java:359)
	at org.springframework.scheduling.support.DelegatingErrorHandlingRunnable.run(DelegatingErrorHandlingRunnable.java:54)
	at java.util.concurrent.Executors$RunnableAdapter.call(Executors.java:511)
	at java.util.concurrent.FutureTask.run(FutureTask.java:266)
	at java.util.concurrent.ScheduledThreadPoolExecutor$ScheduledFutureTask.access$201(ScheduledThreadPoolExecutor.java:180)
	at java.util.concurrent.ScheduledThreadPoolExecutor$ScheduledFutureTask.run(ScheduledThreadPoolExecutor.java:293)
	at java.util.concurrent.ThreadPoolExecutor.runWorker(ThreadPoolExecutor.java:1149)
	at java.util.concurrent.ThreadPoolExecutor$Worker.run(ThreadPoolExecutor.java:624)
	at java.lang.Thread.run(Thread.java:750)
Caused by: java.lang.IllegalArgumentException: Property 'group' is required - producerGroup
	at org.springframework.util.Assert.notNull(Assert.java:201)
	at com.alibaba.cloud.stream.binder.rocketmq.integration.outbound.RocketMQProduceFactory.initRocketMQProducer(RocketMQProduceFactory.java:62)
	at com.alibaba.cloud.stream.binder.rocketmq.integration.outbound.RocketMQProducerMessageHandler.onInit(RocketMQProducerMessageHandler.java:98)
	at org.springframework.integration.context.IntegrationObjectSupport.afterPropertiesSet(IntegrationObjectSupport.java:209)
	at org.springframework.cloud.stream.binder.AbstractMessageChannelBinder.doBindProducer(AbstractMessageChannelBinder.java:246)
	... 11 common frames omitted
22:56:38.406 [scheduling-1] ERROR o.s.c.s.b.BindingService - [rescheduleProducerBinding,353] - Failed to create producer binding; retrying in 30 seconds
org.springframework.cloud.stream.binder.BinderException: Exception thrown while building outbound endpoint
	at org.springframework.cloud.stream.binder.AbstractMessageChannelBinder.doBindProducer(AbstractMessageChannelBinder.java:257)
	at org.springframework.cloud.stream.binder.AbstractMessageChannelBinder.doBindProducer(AbstractMessageChannelBinder.java:98)
	at org.springframework.cloud.stream.binder.AbstractBinder.bindProducer(AbstractBinder.java:152)
	at org.springframework.cloud.stream.binding.BindingService.lambda$rescheduleProducerBinding$4(BindingService.java:359)
	at org.springframework.scheduling.support.DelegatingErrorHandlingRunnable.run(DelegatingErrorHandlingRunnable.java:54)
	at java.util.concurrent.Executors$RunnableAdapter.call(Executors.java:511)
	at java.util.concurrent.FutureTask.run(FutureTask.java:266)
	at java.util.concurrent.ScheduledThreadPoolExecutor$ScheduledFutureTask.access$201(ScheduledThreadPoolExecutor.java:180)
	at java.util.concurrent.ScheduledThreadPoolExecutor$ScheduledFutureTask.run(ScheduledThreadPoolExecutor.java:293)
	at java.util.concurrent.ThreadPoolExecutor.runWorker(ThreadPoolExecutor.java:1149)
	at java.util.concurrent.ThreadPoolExecutor$Worker.run(ThreadPoolExecutor.java:624)
	at java.lang.Thread.run(Thread.java:750)
Caused by: java.lang.IllegalArgumentException: Property 'group' is required - producerGroup
	at org.springframework.util.Assert.notNull(Assert.java:201)
	at com.alibaba.cloud.stream.binder.rocketmq.integration.outbound.RocketMQProduceFactory.initRocketMQProducer(RocketMQProduceFactory.java:62)
	at com.alibaba.cloud.stream.binder.rocketmq.integration.outbound.RocketMQProducerMessageHandler.onInit(RocketMQProducerMessageHandler.java:98)
	at org.springframework.integration.context.IntegrationObjectSupport.afterPropertiesSet(IntegrationObjectSupport.java:209)
	at org.springframework.cloud.stream.binder.AbstractMessageChannelBinder.doBindProducer(AbstractMessageChannelBinder.java:246)
	... 11 common frames omitted
22:57:08.418 [scheduling-1] ERROR o.s.c.s.b.BindingService - [rescheduleProducerBinding,353] - Failed to create producer binding; retrying in 30 seconds
org.springframework.cloud.stream.binder.BinderException: Exception thrown while building outbound endpoint
	at org.springframework.cloud.stream.binder.AbstractMessageChannelBinder.doBindProducer(AbstractMessageChannelBinder.java:257)
	at org.springframework.cloud.stream.binder.AbstractMessageChannelBinder.doBindProducer(AbstractMessageChannelBinder.java:98)
	at org.springframework.cloud.stream.binder.AbstractBinder.bindProducer(AbstractBinder.java:152)
	at org.springframework.cloud.stream.binding.BindingService.lambda$rescheduleProducerBinding$4(BindingService.java:359)
	at org.springframework.scheduling.support.DelegatingErrorHandlingRunnable.run(DelegatingErrorHandlingRunnable.java:54)
	at java.util.concurrent.Executors$RunnableAdapter.call(Executors.java:511)
	at java.util.concurrent.FutureTask.run(FutureTask.java:266)
	at java.util.concurrent.ScheduledThreadPoolExecutor$ScheduledFutureTask.access$201(ScheduledThreadPoolExecutor.java:180)
	at java.util.concurrent.ScheduledThreadPoolExecutor$ScheduledFutureTask.run(ScheduledThreadPoolExecutor.java:293)
	at java.util.concurrent.ThreadPoolExecutor.runWorker(ThreadPoolExecutor.java:1149)
	at java.util.concurrent.ThreadPoolExecutor$Worker.run(ThreadPoolExecutor.java:624)
	at java.lang.Thread.run(Thread.java:750)
Caused by: java.lang.IllegalArgumentException: Property 'group' is required - producerGroup
	at org.springframework.util.Assert.notNull(Assert.java:201)
	at com.alibaba.cloud.stream.binder.rocketmq.integration.outbound.RocketMQProduceFactory.initRocketMQProducer(RocketMQProduceFactory.java:62)
	at com.alibaba.cloud.stream.binder.rocketmq.integration.outbound.RocketMQProducerMessageHandler.onInit(RocketMQProducerMessageHandler.java:98)
	at org.springframework.integration.context.IntegrationObjectSupport.afterPropertiesSet(IntegrationObjectSupport.java:209)
	at org.springframework.cloud.stream.binder.AbstractMessageChannelBinder.doBindProducer(AbstractMessageChannelBinder.java:246)
	... 11 common frames omitted
22:57:38.433 [scheduling-1] ERROR o.s.c.s.b.BindingService - [rescheduleProducerBinding,353] - Failed to create producer binding; retrying in 30 seconds
org.springframework.cloud.stream.binder.BinderException: Exception thrown while building outbound endpoint
	at org.springframework.cloud.stream.binder.AbstractMessageChannelBinder.doBindProducer(AbstractMessageChannelBinder.java:257)
	at org.springframework.cloud.stream.binder.AbstractMessageChannelBinder.doBindProducer(AbstractMessageChannelBinder.java:98)
	at org.springframework.cloud.stream.binder.AbstractBinder.bindProducer(AbstractBinder.java:152)
	at org.springframework.cloud.stream.binding.BindingService.lambda$rescheduleProducerBinding$4(BindingService.java:359)
	at org.springframework.scheduling.support.DelegatingErrorHandlingRunnable.run(DelegatingErrorHandlingRunnable.java:54)
	at java.util.concurrent.Executors$RunnableAdapter.call(Executors.java:511)
	at java.util.concurrent.FutureTask.run(FutureTask.java:266)
	at java.util.concurrent.ScheduledThreadPoolExecutor$ScheduledFutureTask.access$201(ScheduledThreadPoolExecutor.java:180)
	at java.util.concurrent.ScheduledThreadPoolExecutor$ScheduledFutureTask.run(ScheduledThreadPoolExecutor.java:293)
	at java.util.concurrent.ThreadPoolExecutor.runWorker(ThreadPoolExecutor.java:1149)
	at java.util.concurrent.ThreadPoolExecutor$Worker.run(ThreadPoolExecutor.java:624)
	at java.lang.Thread.run(Thread.java:750)
Caused by: java.lang.IllegalArgumentException: Property 'group' is required - producerGroup
	at org.springframework.util.Assert.notNull(Assert.java:201)
	at com.alibaba.cloud.stream.binder.rocketmq.integration.outbound.RocketMQProduceFactory.initRocketMQProducer(RocketMQProduceFactory.java:62)
	at com.alibaba.cloud.stream.binder.rocketmq.integration.outbound.RocketMQProducerMessageHandler.onInit(RocketMQProducerMessageHandler.java:98)
	at org.springframework.integration.context.IntegrationObjectSupport.afterPropertiesSet(IntegrationObjectSupport.java:209)
	at org.springframework.cloud.stream.binder.AbstractMessageChannelBinder.doBindProducer(AbstractMessageChannelBinder.java:246)
	... 11 common frames omitted
22:58:08.442 [scheduling-1] ERROR o.s.c.s.b.BindingService - [rescheduleProducerBinding,353] - Failed to create producer binding; retrying in 30 seconds
org.springframework.cloud.stream.binder.BinderException: Exception thrown while building outbound endpoint
	at org.springframework.cloud.stream.binder.AbstractMessageChannelBinder.doBindProducer(AbstractMessageChannelBinder.java:257)
	at org.springframework.cloud.stream.binder.AbstractMessageChannelBinder.doBindProducer(AbstractMessageChannelBinder.java:98)
	at org.springframework.cloud.stream.binder.AbstractBinder.bindProducer(AbstractBinder.java:152)
	at org.springframework.cloud.stream.binding.BindingService.lambda$rescheduleProducerBinding$4(BindingService.java:359)
	at org.springframework.scheduling.support.DelegatingErrorHandlingRunnable.run(DelegatingErrorHandlingRunnable.java:54)
	at java.util.concurrent.Executors$RunnableAdapter.call(Executors.java:511)
	at java.util.concurrent.FutureTask.run(FutureTask.java:266)
	at java.util.concurrent.ScheduledThreadPoolExecutor$ScheduledFutureTask.access$201(ScheduledThreadPoolExecutor.java:180)
	at java.util.concurrent.ScheduledThreadPoolExecutor$ScheduledFutureTask.run(ScheduledThreadPoolExecutor.java:293)
	at java.util.concurrent.ThreadPoolExecutor.runWorker(ThreadPoolExecutor.java:1149)
	at java.util.concurrent.ThreadPoolExecutor$Worker.run(ThreadPoolExecutor.java:624)
	at java.lang.Thread.run(Thread.java:750)
Caused by: java.lang.IllegalArgumentException: Property 'group' is required - producerGroup
	at org.springframework.util.Assert.notNull(Assert.java:201)
	at com.alibaba.cloud.stream.binder.rocketmq.integration.outbound.RocketMQProduceFactory.initRocketMQProducer(RocketMQProduceFactory.java:62)
	at com.alibaba.cloud.stream.binder.rocketmq.integration.outbound.RocketMQProducerMessageHandler.onInit(RocketMQProducerMessageHandler.java:98)
	at org.springframework.integration.context.IntegrationObjectSupport.afterPropertiesSet(IntegrationObjectSupport.java:209)
	at org.springframework.cloud.stream.binder.AbstractMessageChannelBinder.doBindProducer(AbstractMessageChannelBinder.java:246)
	... 11 common frames omitted
22:58:38.456 [scheduling-1] ERROR o.s.c.s.b.BindingService - [rescheduleProducerBinding,353] - Failed to create producer binding; retrying in 30 seconds
org.springframework.cloud.stream.binder.BinderException: Exception thrown while building outbound endpoint
	at org.springframework.cloud.stream.binder.AbstractMessageChannelBinder.doBindProducer(AbstractMessageChannelBinder.java:257)
	at org.springframework.cloud.stream.binder.AbstractMessageChannelBinder.doBindProducer(AbstractMessageChannelBinder.java:98)
	at org.springframework.cloud.stream.binder.AbstractBinder.bindProducer(AbstractBinder.java:152)
	at org.springframework.cloud.stream.binding.BindingService.lambda$rescheduleProducerBinding$4(BindingService.java:359)
	at org.springframework.scheduling.support.DelegatingErrorHandlingRunnable.run(DelegatingErrorHandlingRunnable.java:54)
	at java.util.concurrent.Executors$RunnableAdapter.call(Executors.java:511)
	at java.util.concurrent.FutureTask.run(FutureTask.java:266)
	at java.util.concurrent.ScheduledThreadPoolExecutor$ScheduledFutureTask.access$201(ScheduledThreadPoolExecutor.java:180)
	at java.util.concurrent.ScheduledThreadPoolExecutor$ScheduledFutureTask.run(ScheduledThreadPoolExecutor.java:293)
	at java.util.concurrent.ThreadPoolExecutor.runWorker(ThreadPoolExecutor.java:1149)
	at java.util.concurrent.ThreadPoolExecutor$Worker.run(ThreadPoolExecutor.java:624)
	at java.lang.Thread.run(Thread.java:750)
Caused by: java.lang.IllegalArgumentException: Property 'group' is required - producerGroup
	at org.springframework.util.Assert.notNull(Assert.java:201)
	at com.alibaba.cloud.stream.binder.rocketmq.integration.outbound.RocketMQProduceFactory.initRocketMQProducer(RocketMQProduceFactory.java:62)
	at com.alibaba.cloud.stream.binder.rocketmq.integration.outbound.RocketMQProducerMessageHandler.onInit(RocketMQProducerMessageHandler.java:98)
	at org.springframework.integration.context.IntegrationObjectSupport.afterPropertiesSet(IntegrationObjectSupport.java:209)
	at org.springframework.cloud.stream.binder.AbstractMessageChannelBinder.doBindProducer(AbstractMessageChannelBinder.java:246)
	... 11 common frames omitted
