13:15:06.096 [background-preinit] INFO  o.h.v.i.util.Version - [<clinit>,21] - HV000001: Hibernate Validator 6.2.5.Final
13:15:07.230 [main] INFO  c.a.n.c.r.client - [lambda$createClient$0,80] - [RpcClientFactory] create a new rpc client of deac805e-9704-49a7-a121-3097e28ebba3_config-0
13:15:07.298 [main] INFO  o.r.Reflections - [scan,232] - Reflections took 39 ms to scan 1 urls, producing 3 keys and 6 values 
13:15:07.328 [main] INFO  o.r.Reflections - [scan,232] - Reflections took 10 ms to scan 1 urls, producing 4 keys and 9 values 
13:15:07.339 [main] INFO  o.r.Reflections - [scan,232] - Reflections took 8 ms to scan 1 urls, producing 3 keys and 10 values 
13:15:07.476 [main] INFO  o.r.Reflections - [scan,232] - Reflections took 135 ms to scan 298 urls, producing 0 keys and 0 values 
13:15:07.482 [main] INFO  o.r.Reflections - [scan,232] - Reflections took 5 ms to scan 1 urls, producing 1 keys and 5 values 
13:15:07.492 [main] INFO  o.r.Reflections - [scan,232] - Reflections took 7 ms to scan 1 urls, producing 1 keys and 7 values 
13:15:07.500 [main] INFO  o.r.Reflections - [scan,232] - Reflections took 6 ms to scan 1 urls, producing 2 keys and 8 values 
13:15:07.628 [main] INFO  o.r.Reflections - [scan,232] - Reflections took 125 ms to scan 298 urls, producing 0 keys and 0 values 
13:15:07.629 [main] INFO  c.a.n.c.r.client - [printIfInfoEnabled,60] - [deac805e-9704-49a7-a121-3097e28ebba3_config-0] RpcClient init label, labels = {module=config, Vipserver-Tag=null, source=sdk, Amory-Tag=null, Location-Tag=null, taskId=0, AppName=unknown}
13:15:07.630 [main] INFO  c.a.n.c.r.client - [printIfInfoEnabled,60] - [deac805e-9704-49a7-a121-3097e28ebba3_config-0] Register server push request handler:com.alibaba.nacos.client.config.impl.ClientWorker$ConfigRpcTransportClient$$Lambda$702/131301148
13:15:07.630 [main] INFO  c.a.n.c.r.client - [printIfInfoEnabled,60] - [deac805e-9704-49a7-a121-3097e28ebba3_config-0] Register server push request handler:com.alibaba.nacos.client.config.impl.ClientWorker$ConfigRpcTransportClient$$Lambda$703/1775675341
13:15:07.630 [main] INFO  c.a.n.c.r.client - [printIfInfoEnabled,60] - [deac805e-9704-49a7-a121-3097e28ebba3_config-0] Registry connection listener to current client:com.alibaba.nacos.client.config.impl.ClientWorker$ConfigRpcTransportClient$1
13:15:07.631 [main] INFO  c.a.n.c.r.client - [printIfInfoEnabled,60] - [deac805e-9704-49a7-a121-3097e28ebba3_config-0] RpcClient init, ServerListFactory = com.alibaba.nacos.client.config.impl.ClientWorker$ConfigRpcTransportClient$2
13:15:07.664 [main] INFO  c.a.n.c.r.client - [printIfInfoEnabled,60] - [deac805e-9704-49a7-a121-3097e28ebba3_config-0] Try to connect to server on start up, server: {serverIp = '123.249.97.220', server main port = 8848}
13:15:09.135 [main] INFO  c.a.n.c.r.client - [printIfInfoEnabled,60] - [deac805e-9704-49a7-a121-3097e28ebba3_config-0] Success to connect to server [123.249.97.220:8848] on start up, connectionId = 1678166108464_116.2.246.63_53645
13:15:09.136 [com.alibaba.nacos.client.remote.worker] INFO  c.a.n.c.r.client - [printIfInfoEnabled,60] - [deac805e-9704-49a7-a121-3097e28ebba3_config-0] Notify connected event to listeners.
13:15:09.136 [main] INFO  c.a.n.c.r.client - [printIfInfoEnabled,60] - [deac805e-9704-49a7-a121-3097e28ebba3_config-0] Register server push request handler:com.alibaba.nacos.common.remote.client.RpcClient$ConnectResetRequestHandler
13:15:09.136 [main] INFO  c.a.n.c.r.client - [printIfInfoEnabled,60] - [deac805e-9704-49a7-a121-3097e28ebba3_config-0] Register server push request handler:com.alibaba.nacos.common.remote.client.RpcClient$$Lambda$712/1003663195
13:15:09.510 [main] INFO  c.t.s.m.PersonConvertTest - [logStartupProfileInfo,637] - The following 1 profile is active: "dev"
13:15:14.666 [main] INFO  c.z.h.HikariDataSource - [getConnection,110] - HikariPool-1 - Starting...
13:15:17.189 [main] INFO  c.z.h.HikariDataSource - [getConnection,123] - HikariPool-1 - Start completed.
13:15:17.284 [main] INFO  c.t.s.s.m.MailTemplateServiceImpl - [initLocalCache,69] - [initLocalCache][缓存邮件模版，数量:3]
13:15:17.343 [main] INFO  c.t.s.s.m.MailAccountServiceImpl - [initLocalCache,61] - [initLocalCache][缓存邮箱账号，数量:2]
13:15:18.697 [main] INFO  c.a.c.s.SentinelWebMvcConfigurer - [addInterceptors,52] - [Sentinel Starter] register SentinelWebInterceptor with urlPatterns: [/**].
13:15:22.823 [main] INFO  c.a.n.c.r.client - [lambda$createClient$0,80] - [RpcClientFactory] create a new rpc client of 74a57276-d58e-4611-b182-f3352e81f3c3
13:15:22.823 [main] INFO  c.a.n.c.r.client - [printIfInfoEnabled,60] - [74a57276-d58e-4611-b182-f3352e81f3c3] RpcClient init label, labels = {module=naming, source=sdk}
13:15:22.824 [main] INFO  c.a.n.c.r.client - [printIfInfoEnabled,60] - [74a57276-d58e-4611-b182-f3352e81f3c3] RpcClient init, ServerListFactory = com.alibaba.nacos.client.naming.core.ServerListManager
13:15:22.825 [main] INFO  c.a.n.c.r.client - [printIfInfoEnabled,60] - [74a57276-d58e-4611-b182-f3352e81f3c3] Registry connection listener to current client:com.alibaba.nacos.client.naming.remote.gprc.redo.NamingGrpcRedoService
13:15:22.825 [main] INFO  c.a.n.c.r.client - [printIfInfoEnabled,60] - [74a57276-d58e-4611-b182-f3352e81f3c3] Register server push request handler:com.alibaba.nacos.client.naming.remote.gprc.NamingPushRequestHandler
13:15:22.826 [main] INFO  c.a.n.c.r.client - [printIfInfoEnabled,60] - [74a57276-d58e-4611-b182-f3352e81f3c3] Try to connect to server on start up, server: {serverIp = '123.249.97.220', server main port = 8848}
13:15:23.043 [main] INFO  c.a.n.c.r.client - [printIfInfoEnabled,60] - [74a57276-d58e-4611-b182-f3352e81f3c3] Success to connect to server [123.249.97.220:8848] on start up, connectionId = 1678166122435_116.2.246.63_53655
13:15:23.044 [com.alibaba.nacos.client.remote.worker] INFO  c.a.n.c.r.client - [printIfInfoEnabled,60] - [74a57276-d58e-4611-b182-f3352e81f3c3] Notify connected event to listeners.
13:15:23.044 [main] INFO  c.a.n.c.r.client - [printIfInfoEnabled,60] - [74a57276-d58e-4611-b182-f3352e81f3c3] Register server push request handler:com.alibaba.nacos.common.remote.client.RpcClient$ConnectResetRequestHandler
13:15:23.044 [main] INFO  c.a.n.c.r.client - [printIfInfoEnabled,60] - [74a57276-d58e-4611-b182-f3352e81f3c3] Register server push request handler:com.alibaba.nacos.common.remote.client.RpcClient$$Lambda$712/1003663195
13:15:23.649 [nacos-grpc-client-executor-4] INFO  c.a.n.c.r.client - [printIfInfoEnabled,60] - [74a57276-d58e-4611-b182-f3352e81f3c3] Receive server push request, request = NotifySubscriberRequest, requestId = 116
13:15:23.656 [nacos-grpc-client-executor-4] INFO  c.a.n.c.r.client - [printIfInfoEnabled,60] - [74a57276-d58e-4611-b182-f3352e81f3c3] Ack server push request, request = NotifySubscriberRequest, requestId = 116
13:15:27.753 [main] INFO  c.t.s.m.PersonConvertTest - [logStarted,61] - Started PersonConvertTest in 22.561 seconds (JVM running for 25.202)
13:15:27.793 [main] INFO  c.a.c.n.r.NacosContextRefresher - [registerNacosListener,129] - [Nacos Config] Listening config: dataId=towelove-base-dev.yaml, group=DEFAULT_GROUP
13:15:27.794 [main] INFO  c.a.c.n.r.NacosContextRefresher - [registerNacosListener,129] - [Nacos Config] Listening config: dataId=towelove-system.yaml, group=DEFAULT_GROUP
13:15:27.800 [main] INFO  c.a.c.n.r.NacosContextRefresher - [registerNacosListener,129] - [Nacos Config] Listening config: dataId=towelove-mysql-dev.yaml, group=DEFAULT_GROUP
13:15:27.801 [main] INFO  c.a.c.n.r.NacosContextRefresher - [registerNacosListener,129] - [Nacos Config] Listening config: dataId=towelove-system, group=DEFAULT_GROUP
13:15:27.801 [main] INFO  c.a.c.n.r.NacosContextRefresher - [registerNacosListener,129] - [Nacos Config] Listening config: dataId=towelove-system-dev.yaml, group=DEFAULT_GROUP
13:15:27.806 [main] INFO  c.a.c.n.r.NacosContextRefresher - [registerNacosListener,129] - [Nacos Config] Listening config: dataId=towelove-redis-dev.yaml, group=DEFAULT_GROUP
13:15:28.590 [SpringApplicationShutdownHook] INFO  c.a.n.c.r.client - [shutdown,454] - Shutdown rpc client, set status to shutdown
13:15:28.590 [SpringApplicationShutdownHook] INFO  c.a.n.c.r.client - [shutdown,456] - Shutdown client event executor java.util.concurrent.ScheduledThreadPoolExecutor@329617ce[Running, pool size = 2, active threads = 2, queued tasks = 0, completed tasks = 0]
13:15:28.590 [SpringApplicationShutdownHook] INFO  c.a.n.c.r.client - [closeConnection,591] - Close current connection 1678166122435_116.2.246.63_53655
13:15:28.595 [SpringApplicationShutdownHook] INFO  c.a.n.c.r.c.g.GrpcClient - [shutdown,85] - Shutdown grpc executor java.util.concurrent.ThreadPoolExecutor@5dc6ffff[Running, pool size = 8, active threads = 0, queued tasks = 0, completed tasks = 8]
13:15:28.616 [SpringApplicationShutdownHook] INFO  c.z.h.HikariDataSource - [close,350] - HikariPool-1 - Shutdown initiated...
13:15:28.873 [SpringApplicationShutdownHook] INFO  c.z.h.HikariDataSource - [close,352] - HikariPool-1 - Shutdown completed.
13:16:08.559 [background-preinit] INFO  o.h.v.i.util.Version - [<clinit>,21] - HV000001: Hibernate Validator 6.2.5.Final
13:16:09.472 [main] INFO  c.a.n.c.r.client - [lambda$createClient$0,80] - [RpcClientFactory] create a new rpc client of 4cf571ad-c4b9-40f4-9127-e1195a903db8_config-0
13:16:09.530 [main] INFO  o.r.Reflections - [scan,232] - Reflections took 32 ms to scan 1 urls, producing 3 keys and 6 values 
13:16:09.554 [main] INFO  o.r.Reflections - [scan,232] - Reflections took 10 ms to scan 1 urls, producing 4 keys and 9 values 
13:16:09.564 [main] INFO  o.r.Reflections - [scan,232] - Reflections took 8 ms to scan 1 urls, producing 3 keys and 10 values 
13:16:09.694 [main] INFO  o.r.Reflections - [scan,232] - Reflections took 128 ms to scan 297 urls, producing 0 keys and 0 values 
13:16:09.702 [main] INFO  o.r.Reflections - [scan,232] - Reflections took 6 ms to scan 1 urls, producing 1 keys and 5 values 
13:16:09.714 [main] INFO  o.r.Reflections - [scan,232] - Reflections took 10 ms to scan 1 urls, producing 1 keys and 7 values 
13:16:09.722 [main] INFO  o.r.Reflections - [scan,232] - Reflections took 6 ms to scan 1 urls, producing 2 keys and 8 values 
13:16:09.823 [main] INFO  o.r.Reflections - [scan,232] - Reflections took 100 ms to scan 297 urls, producing 0 keys and 0 values 
13:16:09.824 [main] INFO  c.a.n.c.r.client - [printIfInfoEnabled,60] - [4cf571ad-c4b9-40f4-9127-e1195a903db8_config-0] RpcClient init label, labels = {module=config, Vipserver-Tag=null, source=sdk, Amory-Tag=null, Location-Tag=null, taskId=0, AppName=unknown}
13:16:09.825 [main] INFO  c.a.n.c.r.client - [printIfInfoEnabled,60] - [4cf571ad-c4b9-40f4-9127-e1195a903db8_config-0] Register server push request handler:com.alibaba.nacos.client.config.impl.ClientWorker$ConfigRpcTransportClient$$Lambda$702/592088871
13:16:09.825 [main] INFO  c.a.n.c.r.client - [printIfInfoEnabled,60] - [4cf571ad-c4b9-40f4-9127-e1195a903db8_config-0] Register server push request handler:com.alibaba.nacos.client.config.impl.ClientWorker$ConfigRpcTransportClient$$Lambda$703/1531782631
13:16:09.826 [main] INFO  c.a.n.c.r.client - [printIfInfoEnabled,60] - [4cf571ad-c4b9-40f4-9127-e1195a903db8_config-0] Registry connection listener to current client:com.alibaba.nacos.client.config.impl.ClientWorker$ConfigRpcTransportClient$1
13:16:09.827 [main] INFO  c.a.n.c.r.client - [printIfInfoEnabled,60] - [4cf571ad-c4b9-40f4-9127-e1195a903db8_config-0] RpcClient init, ServerListFactory = com.alibaba.nacos.client.config.impl.ClientWorker$ConfigRpcTransportClient$2
13:16:09.833 [main] INFO  c.a.n.c.r.client - [printIfInfoEnabled,60] - [4cf571ad-c4b9-40f4-9127-e1195a903db8_config-0] Try to connect to server on start up, server: {serverIp = '123.249.97.220', server main port = 8848}
13:16:11.280 [main] INFO  c.a.n.c.r.client - [printIfInfoEnabled,60] - [4cf571ad-c4b9-40f4-9127-e1195a903db8_config-0] Success to connect to server [123.249.97.220:8848] on start up, connectionId = 1678166170607_116.2.246.63_53760
13:16:11.281 [com.alibaba.nacos.client.remote.worker] INFO  c.a.n.c.r.client - [printIfInfoEnabled,60] - [4cf571ad-c4b9-40f4-9127-e1195a903db8_config-0] Notify connected event to listeners.
13:16:11.281 [main] INFO  c.a.n.c.r.client - [printIfInfoEnabled,60] - [4cf571ad-c4b9-40f4-9127-e1195a903db8_config-0] Register server push request handler:com.alibaba.nacos.common.remote.client.RpcClient$ConnectResetRequestHandler
13:16:11.282 [main] INFO  c.a.n.c.r.client - [printIfInfoEnabled,60] - [4cf571ad-c4b9-40f4-9127-e1195a903db8_config-0] Register server push request handler:com.alibaba.nacos.common.remote.client.RpcClient$$Lambda$712/2007004340
13:16:11.589 [main] INFO  c.t.s.m.PersonConvertTest - [logStartupProfileInfo,637] - The following 1 profile is active: "dev"
13:16:15.823 [main] INFO  c.z.h.HikariDataSource - [getConnection,110] - HikariPool-1 - Starting...
13:16:18.336 [main] INFO  c.z.h.HikariDataSource - [getConnection,123] - HikariPool-1 - Start completed.
13:16:18.434 [main] INFO  c.t.s.s.m.MailTemplateServiceImpl - [initLocalCache,69] - [initLocalCache][缓存邮件模版，数量:3]
13:16:18.494 [main] INFO  c.t.s.s.m.MailAccountServiceImpl - [initLocalCache,61] - [initLocalCache][缓存邮箱账号，数量:2]
13:16:19.987 [main] INFO  c.a.c.s.SentinelWebMvcConfigurer - [addInterceptors,52] - [Sentinel Starter] register SentinelWebInterceptor with urlPatterns: [/**].
13:16:24.936 [main] INFO  c.a.n.c.r.client - [lambda$createClient$0,80] - [RpcClientFactory] create a new rpc client of d041d6be-2ff3-4d47-87b5-0282bca28939
13:16:24.936 [main] INFO  c.a.n.c.r.client - [printIfInfoEnabled,60] - [d041d6be-2ff3-4d47-87b5-0282bca28939] RpcClient init label, labels = {module=naming, source=sdk}
13:16:24.938 [main] INFO  c.a.n.c.r.client - [printIfInfoEnabled,60] - [d041d6be-2ff3-4d47-87b5-0282bca28939] RpcClient init, ServerListFactory = com.alibaba.nacos.client.naming.core.ServerListManager
13:16:24.939 [main] INFO  c.a.n.c.r.client - [printIfInfoEnabled,60] - [d041d6be-2ff3-4d47-87b5-0282bca28939] Registry connection listener to current client:com.alibaba.nacos.client.naming.remote.gprc.redo.NamingGrpcRedoService
13:16:24.939 [main] INFO  c.a.n.c.r.client - [printIfInfoEnabled,60] - [d041d6be-2ff3-4d47-87b5-0282bca28939] Register server push request handler:com.alibaba.nacos.client.naming.remote.gprc.NamingPushRequestHandler
13:16:24.939 [main] INFO  c.a.n.c.r.client - [printIfInfoEnabled,60] - [d041d6be-2ff3-4d47-87b5-0282bca28939] Try to connect to server on start up, server: {serverIp = '123.249.97.220', server main port = 8848}
13:16:25.165 [main] INFO  c.a.n.c.r.client - [printIfInfoEnabled,60] - [d041d6be-2ff3-4d47-87b5-0282bca28939] Success to connect to server [123.249.97.220:8848] on start up, connectionId = 1678166184550_116.2.246.63_53777
13:16:25.165 [com.alibaba.nacos.client.remote.worker] INFO  c.a.n.c.r.client - [printIfInfoEnabled,60] - [d041d6be-2ff3-4d47-87b5-0282bca28939] Notify connected event to listeners.
13:16:25.165 [main] INFO  c.a.n.c.r.client - [printIfInfoEnabled,60] - [d041d6be-2ff3-4d47-87b5-0282bca28939] Register server push request handler:com.alibaba.nacos.common.remote.client.RpcClient$ConnectResetRequestHandler
13:16:25.166 [main] INFO  c.a.n.c.r.client - [printIfInfoEnabled,60] - [d041d6be-2ff3-4d47-87b5-0282bca28939] Register server push request handler:com.alibaba.nacos.common.remote.client.RpcClient$$Lambda$712/2007004340
13:16:25.790 [nacos-grpc-client-executor-5] INFO  c.a.n.c.r.client - [printIfInfoEnabled,60] - [d041d6be-2ff3-4d47-87b5-0282bca28939] Receive server push request, request = NotifySubscriberRequest, requestId = 117
13:16:25.796 [nacos-grpc-client-executor-5] INFO  c.a.n.c.r.client - [printIfInfoEnabled,60] - [d041d6be-2ff3-4d47-87b5-0282bca28939] Ack server push request, request = NotifySubscriberRequest, requestId = 117
13:16:29.974 [main] INFO  c.t.s.m.PersonConvertTest - [logStarted,61] - Started PersonConvertTest in 22.062 seconds (JVM running for 23.349)
13:16:30.012 [main] INFO  c.a.c.n.r.NacosContextRefresher - [registerNacosListener,129] - [Nacos Config] Listening config: dataId=towelove-base-dev.yaml, group=DEFAULT_GROUP
13:16:30.013 [main] INFO  c.a.c.n.r.NacosContextRefresher - [registerNacosListener,129] - [Nacos Config] Listening config: dataId=towelove-system.yaml, group=DEFAULT_GROUP
13:16:30.014 [main] INFO  c.a.c.n.r.NacosContextRefresher - [registerNacosListener,129] - [Nacos Config] Listening config: dataId=towelove-mysql-dev.yaml, group=DEFAULT_GROUP
13:16:30.015 [main] INFO  c.a.c.n.r.NacosContextRefresher - [registerNacosListener,129] - [Nacos Config] Listening config: dataId=towelove-system, group=DEFAULT_GROUP
13:16:30.015 [main] INFO  c.a.c.n.r.NacosContextRefresher - [registerNacosListener,129] - [Nacos Config] Listening config: dataId=towelove-system-dev.yaml, group=DEFAULT_GROUP
13:16:30.016 [main] INFO  c.a.c.n.r.NacosContextRefresher - [registerNacosListener,129] - [Nacos Config] Listening config: dataId=towelove-redis-dev.yaml, group=DEFAULT_GROUP
13:16:30.804 [SpringApplicationShutdownHook] INFO  c.a.n.c.r.client - [shutdown,454] - Shutdown rpc client, set status to shutdown
13:16:30.804 [SpringApplicationShutdownHook] INFO  c.a.n.c.r.client - [shutdown,456] - Shutdown client event executor java.util.concurrent.ScheduledThreadPoolExecutor@5812f199[Running, pool size = 2, active threads = 2, queued tasks = 0, completed tasks = 0]
13:16:30.804 [SpringApplicationShutdownHook] INFO  c.a.n.c.r.client - [closeConnection,591] - Close current connection 1678166184550_116.2.246.63_53777
13:16:30.808 [SpringApplicationShutdownHook] INFO  c.a.n.c.r.c.g.GrpcClient - [shutdown,85] - Shutdown grpc executor java.util.concurrent.ThreadPoolExecutor@6c245ac9[Running, pool size = 9, active threads = 0, queued tasks = 0, completed tasks = 9]
13:16:30.829 [SpringApplicationShutdownHook] INFO  c.z.h.HikariDataSource - [close,350] - HikariPool-1 - Shutdown initiated...
13:16:32.873 [SpringApplicationShutdownHook] INFO  c.z.h.HikariDataSource - [close,352] - HikariPool-1 - Shutdown completed.
13:18:57.572 [background-preinit] INFO  o.h.v.i.util.Version - [<clinit>,21] - HV000001: Hibernate Validator 6.2.5.Final
13:18:58.559 [main] INFO  c.a.n.c.r.client - [lambda$createClient$0,80] - [RpcClientFactory] create a new rpc client of edc1f42a-927f-40ca-b28b-ad57f1f0cf43_config-0
13:18:58.660 [main] INFO  o.r.Reflections - [scan,232] - Reflections took 69 ms to scan 1 urls, producing 3 keys and 6 values 
13:18:58.689 [main] INFO  o.r.Reflections - [scan,232] - Reflections took 12 ms to scan 1 urls, producing 4 keys and 9 values 
13:18:58.700 [main] INFO  o.r.Reflections - [scan,232] - Reflections took 9 ms to scan 1 urls, producing 3 keys and 10 values 
13:18:58.849 [main] INFO  o.r.Reflections - [scan,232] - Reflections took 146 ms to scan 298 urls, producing 0 keys and 0 values 
13:18:58.855 [main] INFO  o.r.Reflections - [scan,232] - Reflections took 5 ms to scan 1 urls, producing 1 keys and 5 values 
13:18:58.864 [main] INFO  o.r.Reflections - [scan,232] - Reflections took 7 ms to scan 1 urls, producing 1 keys and 7 values 
13:18:58.871 [main] INFO  o.r.Reflections - [scan,232] - Reflections took 5 ms to scan 1 urls, producing 2 keys and 8 values 
13:18:59.105 [main] INFO  o.r.Reflections - [scan,232] - Reflections took 232 ms to scan 298 urls, producing 0 keys and 0 values 
13:18:59.106 [main] INFO  c.a.n.c.r.client - [printIfInfoEnabled,60] - [edc1f42a-927f-40ca-b28b-ad57f1f0cf43_config-0] RpcClient init label, labels = {module=config, Vipserver-Tag=null, source=sdk, Amory-Tag=null, Location-Tag=null, taskId=0, AppName=unknown}
13:18:59.106 [main] INFO  c.a.n.c.r.client - [printIfInfoEnabled,60] - [edc1f42a-927f-40ca-b28b-ad57f1f0cf43_config-0] Register server push request handler:com.alibaba.nacos.client.config.impl.ClientWorker$ConfigRpcTransportClient$$Lambda$702/834842620
13:18:59.107 [main] INFO  c.a.n.c.r.client - [printIfInfoEnabled,60] - [edc1f42a-927f-40ca-b28b-ad57f1f0cf43_config-0] Register server push request handler:com.alibaba.nacos.client.config.impl.ClientWorker$ConfigRpcTransportClient$$Lambda$703/499310212
13:18:59.107 [main] INFO  c.a.n.c.r.client - [printIfInfoEnabled,60] - [edc1f42a-927f-40ca-b28b-ad57f1f0cf43_config-0] Registry connection listener to current client:com.alibaba.nacos.client.config.impl.ClientWorker$ConfigRpcTransportClient$1
13:18:59.108 [main] INFO  c.a.n.c.r.client - [printIfInfoEnabled,60] - [edc1f42a-927f-40ca-b28b-ad57f1f0cf43_config-0] RpcClient init, ServerListFactory = com.alibaba.nacos.client.config.impl.ClientWorker$ConfigRpcTransportClient$2
13:18:59.116 [main] INFO  c.a.n.c.r.client - [printIfInfoEnabled,60] - [edc1f42a-927f-40ca-b28b-ad57f1f0cf43_config-0] Try to connect to server on start up, server: {serverIp = '123.249.97.220', server main port = 8848}
13:19:00.674 [main] INFO  c.a.n.c.r.client - [printIfInfoEnabled,60] - [edc1f42a-927f-40ca-b28b-ad57f1f0cf43_config-0] Success to connect to server [123.249.97.220:8848] on start up, connectionId = 1678166339949_116.2.246.63_53327
13:19:00.675 [com.alibaba.nacos.client.remote.worker] INFO  c.a.n.c.r.client - [printIfInfoEnabled,60] - [edc1f42a-927f-40ca-b28b-ad57f1f0cf43_config-0] Notify connected event to listeners.
13:19:00.675 [main] INFO  c.a.n.c.r.client - [printIfInfoEnabled,60] - [edc1f42a-927f-40ca-b28b-ad57f1f0cf43_config-0] Register server push request handler:com.alibaba.nacos.common.remote.client.RpcClient$ConnectResetRequestHandler
13:19:00.676 [main] INFO  c.a.n.c.r.client - [printIfInfoEnabled,60] - [edc1f42a-927f-40ca-b28b-ad57f1f0cf43_config-0] Register server push request handler:com.alibaba.nacos.common.remote.client.RpcClient$$Lambda$712/1812861879
13:19:01.143 [main] INFO  c.t.s.m.PersonConvertTest - [logStartupProfileInfo,637] - The following 1 profile is active: "dev"
13:19:05.579 [main] INFO  c.z.h.HikariDataSource - [getConnection,110] - HikariPool-1 - Starting...
13:19:08.092 [main] INFO  c.z.h.HikariDataSource - [getConnection,123] - HikariPool-1 - Start completed.
13:19:08.185 [main] INFO  c.t.s.s.m.MailTemplateServiceImpl - [initLocalCache,69] - [initLocalCache][缓存邮件模版，数量:3]
13:19:08.254 [main] INFO  c.t.s.s.m.MailAccountServiceImpl - [initLocalCache,61] - [initLocalCache][缓存邮箱账号，数量:2]
13:19:09.471 [main] INFO  c.a.c.s.SentinelWebMvcConfigurer - [addInterceptors,52] - [Sentinel Starter] register SentinelWebInterceptor with urlPatterns: [/**].
13:19:13.473 [main] INFO  c.a.n.c.r.client - [lambda$createClient$0,80] - [RpcClientFactory] create a new rpc client of b175828a-3fe9-4f3e-9b45-04bca2ef5d6a
13:19:13.473 [main] INFO  c.a.n.c.r.client - [printIfInfoEnabled,60] - [b175828a-3fe9-4f3e-9b45-04bca2ef5d6a] RpcClient init label, labels = {module=naming, source=sdk}
13:19:13.475 [main] INFO  c.a.n.c.r.client - [printIfInfoEnabled,60] - [b175828a-3fe9-4f3e-9b45-04bca2ef5d6a] RpcClient init, ServerListFactory = com.alibaba.nacos.client.naming.core.ServerListManager
13:19:13.475 [main] INFO  c.a.n.c.r.client - [printIfInfoEnabled,60] - [b175828a-3fe9-4f3e-9b45-04bca2ef5d6a] Registry connection listener to current client:com.alibaba.nacos.client.naming.remote.gprc.redo.NamingGrpcRedoService
13:19:13.476 [main] INFO  c.a.n.c.r.client - [printIfInfoEnabled,60] - [b175828a-3fe9-4f3e-9b45-04bca2ef5d6a] Register server push request handler:com.alibaba.nacos.client.naming.remote.gprc.NamingPushRequestHandler
13:19:13.476 [main] INFO  c.a.n.c.r.client - [printIfInfoEnabled,60] - [b175828a-3fe9-4f3e-9b45-04bca2ef5d6a] Try to connect to server on start up, server: {serverIp = '123.249.97.220', server main port = 8848}
13:19:13.689 [main] INFO  c.a.n.c.r.client - [printIfInfoEnabled,60] - [b175828a-3fe9-4f3e-9b45-04bca2ef5d6a] Success to connect to server [123.249.97.220:8848] on start up, connectionId = 1678166353072_116.2.246.63_53336
13:19:13.689 [com.alibaba.nacos.client.remote.worker] INFO  c.a.n.c.r.client - [printIfInfoEnabled,60] - [b175828a-3fe9-4f3e-9b45-04bca2ef5d6a] Notify connected event to listeners.
13:19:13.689 [main] INFO  c.a.n.c.r.client - [printIfInfoEnabled,60] - [b175828a-3fe9-4f3e-9b45-04bca2ef5d6a] Register server push request handler:com.alibaba.nacos.common.remote.client.RpcClient$ConnectResetRequestHandler
13:19:13.690 [main] INFO  c.a.n.c.r.client - [printIfInfoEnabled,60] - [b175828a-3fe9-4f3e-9b45-04bca2ef5d6a] Register server push request handler:com.alibaba.nacos.common.remote.client.RpcClient$$Lambda$712/1812861879
13:19:14.360 [nacos-grpc-client-executor-4] INFO  c.a.n.c.r.client - [printIfInfoEnabled,60] - [b175828a-3fe9-4f3e-9b45-04bca2ef5d6a] Receive server push request, request = NotifySubscriberRequest, requestId = 118
13:19:14.366 [nacos-grpc-client-executor-4] INFO  c.a.n.c.r.client - [printIfInfoEnabled,60] - [b175828a-3fe9-4f3e-9b45-04bca2ef5d6a] Ack server push request, request = NotifySubscriberRequest, requestId = 118
13:19:18.455 [main] INFO  c.t.s.m.PersonConvertTest - [logStarted,61] - Started PersonConvertTest in 21.553 seconds (JVM running for 23.402)
13:19:18.501 [main] INFO  c.a.c.n.r.NacosContextRefresher - [registerNacosListener,129] - [Nacos Config] Listening config: dataId=towelove-base-dev.yaml, group=DEFAULT_GROUP
13:19:18.502 [main] INFO  c.a.c.n.r.NacosContextRefresher - [registerNacosListener,129] - [Nacos Config] Listening config: dataId=towelove-system.yaml, group=DEFAULT_GROUP
13:19:18.509 [main] INFO  c.a.c.n.r.NacosContextRefresher - [registerNacosListener,129] - [Nacos Config] Listening config: dataId=towelove-mysql-dev.yaml, group=DEFAULT_GROUP
13:19:18.509 [main] INFO  c.a.c.n.r.NacosContextRefresher - [registerNacosListener,129] - [Nacos Config] Listening config: dataId=towelove-system, group=DEFAULT_GROUP
13:19:18.510 [main] INFO  c.a.c.n.r.NacosContextRefresher - [registerNacosListener,129] - [Nacos Config] Listening config: dataId=towelove-system-dev.yaml, group=DEFAULT_GROUP
13:19:18.517 [main] INFO  c.a.c.n.r.NacosContextRefresher - [registerNacosListener,129] - [Nacos Config] Listening config: dataId=towelove-redis-dev.yaml, group=DEFAULT_GROUP
13:19:19.669 [SpringApplicationShutdownHook] INFO  c.a.n.c.r.client - [shutdown,454] - Shutdown rpc client, set status to shutdown
13:19:19.669 [SpringApplicationShutdownHook] INFO  c.a.n.c.r.client - [shutdown,456] - Shutdown client event executor java.util.concurrent.ScheduledThreadPoolExecutor@3d89c740[Running, pool size = 2, active threads = 2, queued tasks = 0, completed tasks = 0]
13:19:19.669 [SpringApplicationShutdownHook] INFO  c.a.n.c.r.client - [closeConnection,591] - Close current connection 1678166353072_116.2.246.63_53336
13:19:19.674 [SpringApplicationShutdownHook] INFO  c.a.n.c.r.c.g.GrpcClient - [shutdown,85] - Shutdown grpc executor java.util.concurrent.ThreadPoolExecutor@4797e6f0[Running, pool size = 8, active threads = 0, queued tasks = 0, completed tasks = 8]
13:19:19.702 [SpringApplicationShutdownHook] INFO  c.z.h.HikariDataSource - [close,350] - HikariPool-1 - Shutdown initiated...
13:19:19.932 [SpringApplicationShutdownHook] INFO  c.z.h.HikariDataSource - [close,352] - HikariPool-1 - Shutdown completed.
13:21:32.153 [background-preinit] INFO  o.h.v.i.util.Version - [<clinit>,21] - HV000001: Hibernate Validator 6.2.5.Final
13:21:33.378 [main] INFO  c.a.n.c.r.client - [lambda$createClient$0,80] - [RpcClientFactory] create a new rpc client of d4f0d631-15d3-4e15-a1ec-05a96389c2bb_config-0
13:21:33.440 [main] INFO  o.r.Reflections - [scan,232] - Reflections took 37 ms to scan 1 urls, producing 3 keys and 6 values 
13:21:33.472 [main] INFO  o.r.Reflections - [scan,232] - Reflections took 11 ms to scan 1 urls, producing 4 keys and 9 values 
13:21:33.482 [main] INFO  o.r.Reflections - [scan,232] - Reflections took 7 ms to scan 1 urls, producing 3 keys and 10 values 
13:21:33.635 [main] INFO  o.r.Reflections - [scan,232] - Reflections took 150 ms to scan 298 urls, producing 0 keys and 0 values 
13:21:33.644 [main] INFO  o.r.Reflections - [scan,232] - Reflections took 6 ms to scan 1 urls, producing 1 keys and 5 values 
13:21:33.661 [main] INFO  o.r.Reflections - [scan,232] - Reflections took 15 ms to scan 1 urls, producing 1 keys and 7 values 
13:21:33.687 [main] INFO  o.r.Reflections - [scan,232] - Reflections took 21 ms to scan 1 urls, producing 2 keys and 8 values 
13:21:33.813 [main] INFO  o.r.Reflections - [scan,232] - Reflections took 122 ms to scan 298 urls, producing 0 keys and 0 values 
13:21:33.814 [main] INFO  c.a.n.c.r.client - [printIfInfoEnabled,60] - [d4f0d631-15d3-4e15-a1ec-05a96389c2bb_config-0] RpcClient init label, labels = {module=config, Vipserver-Tag=null, source=sdk, Amory-Tag=null, Location-Tag=null, taskId=0, AppName=unknown}
13:21:33.814 [main] INFO  c.a.n.c.r.client - [printIfInfoEnabled,60] - [d4f0d631-15d3-4e15-a1ec-05a96389c2bb_config-0] Register server push request handler:com.alibaba.nacos.client.config.impl.ClientWorker$ConfigRpcTransportClient$$Lambda$651/1497538476
13:21:33.815 [main] INFO  c.a.n.c.r.client - [printIfInfoEnabled,60] - [d4f0d631-15d3-4e15-a1ec-05a96389c2bb_config-0] Register server push request handler:com.alibaba.nacos.client.config.impl.ClientWorker$ConfigRpcTransportClient$$Lambda$652/1470772251
13:21:33.815 [main] INFO  c.a.n.c.r.client - [printIfInfoEnabled,60] - [d4f0d631-15d3-4e15-a1ec-05a96389c2bb_config-0] Registry connection listener to current client:com.alibaba.nacos.client.config.impl.ClientWorker$ConfigRpcTransportClient$1
13:21:33.816 [main] INFO  c.a.n.c.r.client - [printIfInfoEnabled,60] - [d4f0d631-15d3-4e15-a1ec-05a96389c2bb_config-0] RpcClient init, ServerListFactory = com.alibaba.nacos.client.config.impl.ClientWorker$ConfigRpcTransportClient$2
13:21:33.825 [main] INFO  c.a.n.c.r.client - [printIfInfoEnabled,60] - [d4f0d631-15d3-4e15-a1ec-05a96389c2bb_config-0] Try to connect to server on start up, server: {serverIp = '123.249.97.220', server main port = 8848}
13:21:35.278 [main] INFO  c.a.n.c.r.client - [printIfInfoEnabled,60] - [d4f0d631-15d3-4e15-a1ec-05a96389c2bb_config-0] Success to connect to server [123.249.97.220:8848] on start up, connectionId = 1678166494582_116.2.246.63_53500
13:21:35.279 [com.alibaba.nacos.client.remote.worker] INFO  c.a.n.c.r.client - [printIfInfoEnabled,60] - [d4f0d631-15d3-4e15-a1ec-05a96389c2bb_config-0] Notify connected event to listeners.
13:21:35.279 [main] INFO  c.a.n.c.r.client - [printIfInfoEnabled,60] - [d4f0d631-15d3-4e15-a1ec-05a96389c2bb_config-0] Register server push request handler:com.alibaba.nacos.common.remote.client.RpcClient$ConnectResetRequestHandler
13:21:35.280 [main] INFO  c.a.n.c.r.client - [printIfInfoEnabled,60] - [d4f0d631-15d3-4e15-a1ec-05a96389c2bb_config-0] Register server push request handler:com.alibaba.nacos.common.remote.client.RpcClient$$Lambda$661/342740966
13:21:35.605 [main] INFO  c.t.s.SpringbootMapstructApplicationTests - [logStartupProfileInfo,637] - The following 1 profile is active: "dev"
13:21:39.911 [main] INFO  c.z.h.HikariDataSource - [getConnection,110] - HikariPool-1 - Starting...
13:21:42.453 [main] INFO  c.z.h.HikariDataSource - [getConnection,123] - HikariPool-1 - Start completed.
13:21:42.545 [main] INFO  c.t.s.s.m.MailTemplateServiceImpl - [initLocalCache,69] - [initLocalCache][缓存邮件模版，数量:3]
13:21:42.605 [main] INFO  c.t.s.s.m.MailAccountServiceImpl - [initLocalCache,61] - [initLocalCache][缓存邮箱账号，数量:2]
13:21:43.760 [main] INFO  c.a.c.s.SentinelWebMvcConfigurer - [addInterceptors,52] - [Sentinel Starter] register SentinelWebInterceptor with urlPatterns: [/**].
13:21:47.498 [main] INFO  c.a.n.c.r.client - [lambda$createClient$0,80] - [RpcClientFactory] create a new rpc client of 3d7e7e5e-6ec4-424d-bc8c-6352abb15f63
13:21:47.499 [main] INFO  c.a.n.c.r.client - [printIfInfoEnabled,60] - [3d7e7e5e-6ec4-424d-bc8c-6352abb15f63] RpcClient init label, labels = {module=naming, source=sdk}
13:21:47.500 [main] INFO  c.a.n.c.r.client - [printIfInfoEnabled,60] - [3d7e7e5e-6ec4-424d-bc8c-6352abb15f63] RpcClient init, ServerListFactory = com.alibaba.nacos.client.naming.core.ServerListManager
13:21:47.501 [main] INFO  c.a.n.c.r.client - [printIfInfoEnabled,60] - [3d7e7e5e-6ec4-424d-bc8c-6352abb15f63] Registry connection listener to current client:com.alibaba.nacos.client.naming.remote.gprc.redo.NamingGrpcRedoService
13:21:47.501 [main] INFO  c.a.n.c.r.client - [printIfInfoEnabled,60] - [3d7e7e5e-6ec4-424d-bc8c-6352abb15f63] Register server push request handler:com.alibaba.nacos.client.naming.remote.gprc.NamingPushRequestHandler
13:21:47.502 [main] INFO  c.a.n.c.r.client - [printIfInfoEnabled,60] - [3d7e7e5e-6ec4-424d-bc8c-6352abb15f63] Try to connect to server on start up, server: {serverIp = '123.249.97.220', server main port = 8848}
13:21:47.718 [main] INFO  c.a.n.c.r.client - [printIfInfoEnabled,60] - [3d7e7e5e-6ec4-424d-bc8c-6352abb15f63] Success to connect to server [123.249.97.220:8848] on start up, connectionId = 1678166507089_116.2.246.63_53508
13:21:47.718 [com.alibaba.nacos.client.remote.worker] INFO  c.a.n.c.r.client - [printIfInfoEnabled,60] - [3d7e7e5e-6ec4-424d-bc8c-6352abb15f63] Notify connected event to listeners.
13:21:47.718 [main] INFO  c.a.n.c.r.client - [printIfInfoEnabled,60] - [3d7e7e5e-6ec4-424d-bc8c-6352abb15f63] Register server push request handler:com.alibaba.nacos.common.remote.client.RpcClient$ConnectResetRequestHandler
13:21:47.718 [main] INFO  c.a.n.c.r.client - [printIfInfoEnabled,60] - [3d7e7e5e-6ec4-424d-bc8c-6352abb15f63] Register server push request handler:com.alibaba.nacos.common.remote.client.RpcClient$$Lambda$661/342740966
13:21:48.307 [nacos-grpc-client-executor-5] INFO  c.a.n.c.r.client - [printIfInfoEnabled,60] - [3d7e7e5e-6ec4-424d-bc8c-6352abb15f63] Receive server push request, request = NotifySubscriberRequest, requestId = 119
13:21:48.314 [nacos-grpc-client-executor-5] INFO  c.a.n.c.r.client - [printIfInfoEnabled,60] - [3d7e7e5e-6ec4-424d-bc8c-6352abb15f63] Ack server push request, request = NotifySubscriberRequest, requestId = 119
13:21:52.379 [main] INFO  c.t.s.SpringbootMapstructApplicationTests - [logStarted,61] - Started SpringbootMapstructApplicationTests in 21.248 seconds (JVM running for 23.072)
13:21:52.415 [main] INFO  c.a.c.n.r.NacosContextRefresher - [registerNacosListener,129] - [Nacos Config] Listening config: dataId=towelove-base-dev.yaml, group=DEFAULT_GROUP
13:21:52.415 [main] INFO  c.a.c.n.r.NacosContextRefresher - [registerNacosListener,129] - [Nacos Config] Listening config: dataId=towelove-system.yaml, group=DEFAULT_GROUP
13:21:52.421 [main] INFO  c.a.c.n.r.NacosContextRefresher - [registerNacosListener,129] - [Nacos Config] Listening config: dataId=towelove-mysql-dev.yaml, group=DEFAULT_GROUP
13:21:52.422 [main] INFO  c.a.c.n.r.NacosContextRefresher - [registerNacosListener,129] - [Nacos Config] Listening config: dataId=towelove-system, group=DEFAULT_GROUP
13:21:52.422 [main] INFO  c.a.c.n.r.NacosContextRefresher - [registerNacosListener,129] - [Nacos Config] Listening config: dataId=towelove-system-dev.yaml, group=DEFAULT_GROUP
13:21:52.423 [main] INFO  c.a.c.n.r.NacosContextRefresher - [registerNacosListener,129] - [Nacos Config] Listening config: dataId=towelove-redis-dev.yaml, group=DEFAULT_GROUP
13:21:53.445 [SpringApplicationShutdownHook] INFO  c.a.n.c.r.client - [shutdown,454] - Shutdown rpc client, set status to shutdown
13:21:53.445 [SpringApplicationShutdownHook] INFO  c.a.n.c.r.client - [shutdown,456] - Shutdown client event executor java.util.concurrent.ScheduledThreadPoolExecutor@1ec77ba5[Running, pool size = 2, active threads = 2, queued tasks = 0, completed tasks = 0]
13:21:53.445 [SpringApplicationShutdownHook] INFO  c.a.n.c.r.client - [closeConnection,591] - Close current connection 1678166507089_116.2.246.63_53508
13:21:53.450 [SpringApplicationShutdownHook] INFO  c.a.n.c.r.c.g.GrpcClient - [shutdown,85] - Shutdown grpc executor java.util.concurrent.ThreadPoolExecutor@3a251215[Running, pool size = 9, active threads = 0, queued tasks = 0, completed tasks = 9]
13:21:53.491 [SpringApplicationShutdownHook] INFO  c.z.h.HikariDataSource - [close,350] - HikariPool-1 - Shutdown initiated...
13:21:54.161 [SpringApplicationShutdownHook] INFO  c.z.h.HikariDataSource - [close,352] - HikariPool-1 - Shutdown completed.
13:22:09.498 [background-preinit] INFO  o.h.v.i.util.Version - [<clinit>,21] - HV000001: Hibernate Validator 6.2.5.Final
13:22:10.469 [main] INFO  c.a.n.c.r.client - [lambda$createClient$0,80] - [RpcClientFactory] create a new rpc client of 01c12699-ceca-4290-b9b4-885892722391_config-0
13:22:10.528 [main] INFO  o.r.Reflections - [scan,232] - Reflections took 32 ms to scan 1 urls, producing 3 keys and 6 values 
13:22:10.557 [main] INFO  o.r.Reflections - [scan,232] - Reflections took 12 ms to scan 1 urls, producing 4 keys and 9 values 
13:22:10.571 [main] INFO  o.r.Reflections - [scan,232] - Reflections took 10 ms to scan 1 urls, producing 3 keys and 10 values 
13:22:10.732 [main] INFO  o.r.Reflections - [scan,232] - Reflections took 158 ms to scan 298 urls, producing 0 keys and 0 values 
13:22:10.742 [main] INFO  o.r.Reflections - [scan,232] - Reflections took 7 ms to scan 1 urls, producing 1 keys and 5 values 
13:22:10.753 [main] INFO  o.r.Reflections - [scan,232] - Reflections took 9 ms to scan 1 urls, producing 1 keys and 7 values 
13:22:10.764 [main] INFO  o.r.Reflections - [scan,232] - Reflections took 9 ms to scan 1 urls, producing 2 keys and 8 values 
13:22:10.883 [main] INFO  o.r.Reflections - [scan,232] - Reflections took 117 ms to scan 298 urls, producing 0 keys and 0 values 
13:22:10.884 [main] INFO  c.a.n.c.r.client - [printIfInfoEnabled,60] - [01c12699-ceca-4290-b9b4-885892722391_config-0] RpcClient init label, labels = {module=config, Vipserver-Tag=null, source=sdk, Amory-Tag=null, Location-Tag=null, taskId=0, AppName=unknown}
13:22:10.885 [main] INFO  c.a.n.c.r.client - [printIfInfoEnabled,60] - [01c12699-ceca-4290-b9b4-885892722391_config-0] Register server push request handler:com.alibaba.nacos.client.config.impl.ClientWorker$ConfigRpcTransportClient$$Lambda$702/834842620
13:22:10.885 [main] INFO  c.a.n.c.r.client - [printIfInfoEnabled,60] - [01c12699-ceca-4290-b9b4-885892722391_config-0] Register server push request handler:com.alibaba.nacos.client.config.impl.ClientWorker$ConfigRpcTransportClient$$Lambda$703/499310212
13:22:10.886 [main] INFO  c.a.n.c.r.client - [printIfInfoEnabled,60] - [01c12699-ceca-4290-b9b4-885892722391_config-0] Registry connection listener to current client:com.alibaba.nacos.client.config.impl.ClientWorker$ConfigRpcTransportClient$1
13:22:10.886 [main] INFO  c.a.n.c.r.client - [printIfInfoEnabled,60] - [01c12699-ceca-4290-b9b4-885892722391_config-0] RpcClient init, ServerListFactory = com.alibaba.nacos.client.config.impl.ClientWorker$ConfigRpcTransportClient$2
13:22:10.892 [main] INFO  c.a.n.c.r.client - [printIfInfoEnabled,60] - [01c12699-ceca-4290-b9b4-885892722391_config-0] Try to connect to server on start up, server: {serverIp = '123.249.97.220', server main port = 8848}
13:22:12.537 [main] INFO  c.a.n.c.r.client - [printIfInfoEnabled,60] - [01c12699-ceca-4290-b9b4-885892722391_config-0] Success to connect to server [123.249.97.220:8848] on start up, connectionId = 1678166531860_116.2.246.63_53617
13:22:12.538 [com.alibaba.nacos.client.remote.worker] INFO  c.a.n.c.r.client - [printIfInfoEnabled,60] - [01c12699-ceca-4290-b9b4-885892722391_config-0] Notify connected event to listeners.
13:22:12.538 [main] INFO  c.a.n.c.r.client - [printIfInfoEnabled,60] - [01c12699-ceca-4290-b9b4-885892722391_config-0] Register server push request handler:com.alibaba.nacos.common.remote.client.RpcClient$ConnectResetRequestHandler
13:22:12.539 [main] INFO  c.a.n.c.r.client - [printIfInfoEnabled,60] - [01c12699-ceca-4290-b9b4-885892722391_config-0] Register server push request handler:com.alibaba.nacos.common.remote.client.RpcClient$$Lambda$712/1812861879
13:22:12.868 [main] INFO  c.t.s.m.PersonConvertTest - [logStartupProfileInfo,637] - The following 1 profile is active: "dev"
13:22:17.470 [main] INFO  c.z.h.HikariDataSource - [getConnection,110] - HikariPool-1 - Starting...
13:22:20.011 [main] INFO  c.z.h.HikariDataSource - [getConnection,123] - HikariPool-1 - Start completed.
13:22:20.103 [main] INFO  c.t.s.s.m.MailTemplateServiceImpl - [initLocalCache,69] - [initLocalCache][缓存邮件模版，数量:3]
13:22:20.160 [main] INFO  c.t.s.s.m.MailAccountServiceImpl - [initLocalCache,61] - [initLocalCache][缓存邮箱账号，数量:2]
13:22:21.283 [main] INFO  c.a.c.s.SentinelWebMvcConfigurer - [addInterceptors,52] - [Sentinel Starter] register SentinelWebInterceptor with urlPatterns: [/**].
13:22:25.417 [main] INFO  c.a.n.c.r.client - [lambda$createClient$0,80] - [RpcClientFactory] create a new rpc client of 0e3672b0-d9bc-49c2-aaef-98bd3dd9119b
13:22:25.417 [main] INFO  c.a.n.c.r.client - [printIfInfoEnabled,60] - [0e3672b0-d9bc-49c2-aaef-98bd3dd9119b] RpcClient init label, labels = {module=naming, source=sdk}
13:22:25.419 [main] INFO  c.a.n.c.r.client - [printIfInfoEnabled,60] - [0e3672b0-d9bc-49c2-aaef-98bd3dd9119b] RpcClient init, ServerListFactory = com.alibaba.nacos.client.naming.core.ServerListManager
13:22:25.420 [main] INFO  c.a.n.c.r.client - [printIfInfoEnabled,60] - [0e3672b0-d9bc-49c2-aaef-98bd3dd9119b] Registry connection listener to current client:com.alibaba.nacos.client.naming.remote.gprc.redo.NamingGrpcRedoService
13:22:25.421 [main] INFO  c.a.n.c.r.client - [printIfInfoEnabled,60] - [0e3672b0-d9bc-49c2-aaef-98bd3dd9119b] Register server push request handler:com.alibaba.nacos.client.naming.remote.gprc.NamingPushRequestHandler
13:22:25.421 [main] INFO  c.a.n.c.r.client - [printIfInfoEnabled,60] - [0e3672b0-d9bc-49c2-aaef-98bd3dd9119b] Try to connect to server on start up, server: {serverIp = '123.249.97.220', server main port = 8848}
13:22:25.636 [main] INFO  c.a.n.c.r.client - [printIfInfoEnabled,60] - [0e3672b0-d9bc-49c2-aaef-98bd3dd9119b] Success to connect to server [123.249.97.220:8848] on start up, connectionId = 1678166545015_116.2.246.63_53626
13:22:25.636 [main] INFO  c.a.n.c.r.client - [printIfInfoEnabled,60] - [0e3672b0-d9bc-49c2-aaef-98bd3dd9119b] Register server push request handler:com.alibaba.nacos.common.remote.client.RpcClient$ConnectResetRequestHandler
13:22:25.636 [com.alibaba.nacos.client.remote.worker] INFO  c.a.n.c.r.client - [printIfInfoEnabled,60] - [0e3672b0-d9bc-49c2-aaef-98bd3dd9119b] Notify connected event to listeners.
13:22:25.636 [main] INFO  c.a.n.c.r.client - [printIfInfoEnabled,60] - [0e3672b0-d9bc-49c2-aaef-98bd3dd9119b] Register server push request handler:com.alibaba.nacos.common.remote.client.RpcClient$$Lambda$712/1812861879
13:22:26.247 [nacos-grpc-client-executor-4] INFO  c.a.n.c.r.client - [printIfInfoEnabled,60] - [0e3672b0-d9bc-49c2-aaef-98bd3dd9119b] Receive server push request, request = NotifySubscriberRequest, requestId = 120
13:22:26.253 [nacos-grpc-client-executor-4] INFO  c.a.n.c.r.client - [printIfInfoEnabled,60] - [0e3672b0-d9bc-49c2-aaef-98bd3dd9119b] Ack server push request, request = NotifySubscriberRequest, requestId = 120
13:22:30.290 [main] INFO  c.t.s.m.PersonConvertTest - [logStarted,61] - Started PersonConvertTest in 21.537 seconds (JVM running for 22.965)
13:22:30.323 [main] INFO  c.a.c.n.r.NacosContextRefresher - [registerNacosListener,129] - [Nacos Config] Listening config: dataId=towelove-base-dev.yaml, group=DEFAULT_GROUP
13:22:30.324 [main] INFO  c.a.c.n.r.NacosContextRefresher - [registerNacosListener,129] - [Nacos Config] Listening config: dataId=towelove-system.yaml, group=DEFAULT_GROUP
13:22:30.325 [main] INFO  c.a.c.n.r.NacosContextRefresher - [registerNacosListener,129] - [Nacos Config] Listening config: dataId=towelove-mysql-dev.yaml, group=DEFAULT_GROUP
13:22:30.325 [main] INFO  c.a.c.n.r.NacosContextRefresher - [registerNacosListener,129] - [Nacos Config] Listening config: dataId=towelove-system, group=DEFAULT_GROUP
13:22:30.327 [main] INFO  c.a.c.n.r.NacosContextRefresher - [registerNacosListener,129] - [Nacos Config] Listening config: dataId=towelove-system-dev.yaml, group=DEFAULT_GROUP
13:22:30.328 [main] INFO  c.a.c.n.r.NacosContextRefresher - [registerNacosListener,129] - [Nacos Config] Listening config: dataId=towelove-redis-dev.yaml, group=DEFAULT_GROUP
13:22:31.371 [SpringApplicationShutdownHook] INFO  c.a.n.c.r.client - [shutdown,454] - Shutdown rpc client, set status to shutdown
13:22:31.371 [SpringApplicationShutdownHook] INFO  c.a.n.c.r.client - [shutdown,456] - Shutdown client event executor java.util.concurrent.ScheduledThreadPoolExecutor@3c423cac[Running, pool size = 2, active threads = 2, queued tasks = 0, completed tasks = 0]
13:22:31.371 [SpringApplicationShutdownHook] INFO  c.a.n.c.r.client - [closeConnection,591] - Close current connection 1678166545015_116.2.246.63_53626
13:22:31.375 [SpringApplicationShutdownHook] INFO  c.a.n.c.r.c.g.GrpcClient - [shutdown,85] - Shutdown grpc executor java.util.concurrent.ThreadPoolExecutor@3788ce21[Running, pool size = 8, active threads = 0, queued tasks = 0, completed tasks = 8]
13:22:31.396 [SpringApplicationShutdownHook] INFO  c.z.h.HikariDataSource - [close,350] - HikariPool-1 - Shutdown initiated...
13:22:31.673 [SpringApplicationShutdownHook] INFO  c.z.h.HikariDataSource - [close,352] - HikariPool-1 - Shutdown completed.
13:22:44.141 [background-preinit] INFO  o.h.v.i.util.Version - [<clinit>,21] - HV000001: Hibernate Validator 6.2.5.Final
13:22:45.042 [main] INFO  c.a.n.c.r.client - [lambda$createClient$0,80] - [RpcClientFactory] create a new rpc client of 2ef86a5b-d241-4105-b9e0-6094568dd0a2_config-0
13:22:45.094 [main] INFO  o.r.Reflections - [scan,232] - Reflections took 27 ms to scan 1 urls, producing 3 keys and 6 values 
13:22:45.119 [main] INFO  o.r.Reflections - [scan,232] - Reflections took 10 ms to scan 1 urls, producing 4 keys and 9 values 
13:22:45.129 [main] INFO  o.r.Reflections - [scan,232] - Reflections took 8 ms to scan 1 urls, producing 3 keys and 10 values 
13:22:45.268 [main] INFO  o.r.Reflections - [scan,232] - Reflections took 137 ms to scan 298 urls, producing 0 keys and 0 values 
13:22:45.275 [main] INFO  o.r.Reflections - [scan,232] - Reflections took 5 ms to scan 1 urls, producing 1 keys and 5 values 
13:22:45.282 [main] INFO  o.r.Reflections - [scan,232] - Reflections took 6 ms to scan 1 urls, producing 1 keys and 7 values 
13:22:45.294 [main] INFO  o.r.Reflections - [scan,232] - Reflections took 8 ms to scan 1 urls, producing 2 keys and 8 values 
13:22:45.400 [main] INFO  o.r.Reflections - [scan,232] - Reflections took 104 ms to scan 298 urls, producing 0 keys and 0 values 
13:22:45.402 [main] INFO  c.a.n.c.r.client - [printIfInfoEnabled,60] - [2ef86a5b-d241-4105-b9e0-6094568dd0a2_config-0] RpcClient init label, labels = {module=config, Vipserver-Tag=null, source=sdk, Amory-Tag=null, Location-Tag=null, taskId=0, AppName=unknown}
13:22:45.402 [main] INFO  c.a.n.c.r.client - [printIfInfoEnabled,60] - [2ef86a5b-d241-4105-b9e0-6094568dd0a2_config-0] Register server push request handler:com.alibaba.nacos.client.config.impl.ClientWorker$ConfigRpcTransportClient$$Lambda$651/1970528559
13:22:45.403 [main] INFO  c.a.n.c.r.client - [printIfInfoEnabled,60] - [2ef86a5b-d241-4105-b9e0-6094568dd0a2_config-0] Register server push request handler:com.alibaba.nacos.client.config.impl.ClientWorker$ConfigRpcTransportClient$$Lambda$652/1370597622
13:22:45.403 [main] INFO  c.a.n.c.r.client - [printIfInfoEnabled,60] - [2ef86a5b-d241-4105-b9e0-6094568dd0a2_config-0] Registry connection listener to current client:com.alibaba.nacos.client.config.impl.ClientWorker$ConfigRpcTransportClient$1
13:22:45.404 [main] INFO  c.a.n.c.r.client - [printIfInfoEnabled,60] - [2ef86a5b-d241-4105-b9e0-6094568dd0a2_config-0] RpcClient init, ServerListFactory = com.alibaba.nacos.client.config.impl.ClientWorker$ConfigRpcTransportClient$2
13:22:45.410 [main] INFO  c.a.n.c.r.client - [printIfInfoEnabled,60] - [2ef86a5b-d241-4105-b9e0-6094568dd0a2_config-0] Try to connect to server on start up, server: {serverIp = '123.249.97.220', server main port = 8848}
13:22:46.871 [main] INFO  c.a.n.c.r.client - [printIfInfoEnabled,60] - [2ef86a5b-d241-4105-b9e0-6094568dd0a2_config-0] Success to connect to server [123.249.97.220:8848] on start up, connectionId = 1678166566179_116.2.246.63_53704
13:22:46.872 [com.alibaba.nacos.client.remote.worker] INFO  c.a.n.c.r.client - [printIfInfoEnabled,60] - [2ef86a5b-d241-4105-b9e0-6094568dd0a2_config-0] Notify connected event to listeners.
13:22:46.872 [main] INFO  c.a.n.c.r.client - [printIfInfoEnabled,60] - [2ef86a5b-d241-4105-b9e0-6094568dd0a2_config-0] Register server push request handler:com.alibaba.nacos.common.remote.client.RpcClient$ConnectResetRequestHandler
13:22:46.873 [main] INFO  c.a.n.c.r.client - [printIfInfoEnabled,60] - [2ef86a5b-d241-4105-b9e0-6094568dd0a2_config-0] Register server push request handler:com.alibaba.nacos.common.remote.client.RpcClient$$Lambda$661/599316979
13:22:47.162 [main] INFO  c.t.s.m.PersonConvertTest - [logStartupProfileInfo,637] - The following 1 profile is active: "dev"
13:22:51.267 [main] INFO  c.z.h.HikariDataSource - [getConnection,110] - HikariPool-1 - Starting...
13:22:53.789 [main] INFO  c.z.h.HikariDataSource - [getConnection,123] - HikariPool-1 - Start completed.
13:22:53.889 [main] INFO  c.t.s.s.m.MailTemplateServiceImpl - [initLocalCache,69] - [initLocalCache][缓存邮件模版，数量:3]
13:22:53.947 [main] INFO  c.t.s.s.m.MailAccountServiceImpl - [initLocalCache,61] - [initLocalCache][缓存邮箱账号，数量:2]
13:22:55.103 [main] INFO  c.a.c.s.SentinelWebMvcConfigurer - [addInterceptors,52] - [Sentinel Starter] register SentinelWebInterceptor with urlPatterns: [/**].
13:22:58.919 [main] INFO  c.a.n.c.r.client - [lambda$createClient$0,80] - [RpcClientFactory] create a new rpc client of 3c17e964-f7e3-4073-9dc8-ac3ef334d591
13:22:58.919 [main] INFO  c.a.n.c.r.client - [printIfInfoEnabled,60] - [3c17e964-f7e3-4073-9dc8-ac3ef334d591] RpcClient init label, labels = {module=naming, source=sdk}
13:22:58.921 [main] INFO  c.a.n.c.r.client - [printIfInfoEnabled,60] - [3c17e964-f7e3-4073-9dc8-ac3ef334d591] RpcClient init, ServerListFactory = com.alibaba.nacos.client.naming.core.ServerListManager
13:22:58.922 [main] INFO  c.a.n.c.r.client - [printIfInfoEnabled,60] - [3c17e964-f7e3-4073-9dc8-ac3ef334d591] Registry connection listener to current client:com.alibaba.nacos.client.naming.remote.gprc.redo.NamingGrpcRedoService
13:22:58.922 [main] INFO  c.a.n.c.r.client - [printIfInfoEnabled,60] - [3c17e964-f7e3-4073-9dc8-ac3ef334d591] Register server push request handler:com.alibaba.nacos.client.naming.remote.gprc.NamingPushRequestHandler
13:22:58.923 [main] INFO  c.a.n.c.r.client - [printIfInfoEnabled,60] - [3c17e964-f7e3-4073-9dc8-ac3ef334d591] Try to connect to server on start up, server: {serverIp = '123.249.97.220', server main port = 8848}
13:22:59.157 [main] INFO  c.a.n.c.r.client - [printIfInfoEnabled,60] - [3c17e964-f7e3-4073-9dc8-ac3ef334d591] Success to connect to server [123.249.97.220:8848] on start up, connectionId = 1678166578532_116.2.246.63_53716
13:22:59.157 [com.alibaba.nacos.client.remote.worker] INFO  c.a.n.c.r.client - [printIfInfoEnabled,60] - [3c17e964-f7e3-4073-9dc8-ac3ef334d591] Notify connected event to listeners.
13:22:59.157 [main] INFO  c.a.n.c.r.client - [printIfInfoEnabled,60] - [3c17e964-f7e3-4073-9dc8-ac3ef334d591] Register server push request handler:com.alibaba.nacos.common.remote.client.RpcClient$ConnectResetRequestHandler
13:22:59.158 [main] INFO  c.a.n.c.r.client - [printIfInfoEnabled,60] - [3c17e964-f7e3-4073-9dc8-ac3ef334d591] Register server push request handler:com.alibaba.nacos.common.remote.client.RpcClient$$Lambda$661/599316979
13:22:59.779 [nacos-grpc-client-executor-5] INFO  c.a.n.c.r.client - [printIfInfoEnabled,60] - [3c17e964-f7e3-4073-9dc8-ac3ef334d591] Receive server push request, request = NotifySubscriberRequest, requestId = 121
13:22:59.785 [nacos-grpc-client-executor-5] INFO  c.a.n.c.r.client - [printIfInfoEnabled,60] - [3c17e964-f7e3-4073-9dc8-ac3ef334d591] Ack server push request, request = NotifySubscriberRequest, requestId = 121
13:23:03.777 [main] INFO  c.t.s.m.PersonConvertTest - [logStarted,61] - Started PersonConvertTest in 20.299 seconds (JVM running for 21.693)
13:23:03.812 [main] INFO  c.a.c.n.r.NacosContextRefresher - [registerNacosListener,129] - [Nacos Config] Listening config: dataId=towelove-base-dev.yaml, group=DEFAULT_GROUP
13:23:03.813 [main] INFO  c.a.c.n.r.NacosContextRefresher - [registerNacosListener,129] - [Nacos Config] Listening config: dataId=towelove-system.yaml, group=DEFAULT_GROUP
13:23:03.814 [main] INFO  c.a.c.n.r.NacosContextRefresher - [registerNacosListener,129] - [Nacos Config] Listening config: dataId=towelove-mysql-dev.yaml, group=DEFAULT_GROUP
13:23:03.815 [main] INFO  c.a.c.n.r.NacosContextRefresher - [registerNacosListener,129] - [Nacos Config] Listening config: dataId=towelove-system, group=DEFAULT_GROUP
13:23:03.815 [main] INFO  c.a.c.n.r.NacosContextRefresher - [registerNacosListener,129] - [Nacos Config] Listening config: dataId=towelove-system-dev.yaml, group=DEFAULT_GROUP
13:23:03.817 [main] INFO  c.a.c.n.r.NacosContextRefresher - [registerNacosListener,129] - [Nacos Config] Listening config: dataId=towelove-redis-dev.yaml, group=DEFAULT_GROUP
13:23:04.834 [SpringApplicationShutdownHook] INFO  c.a.n.c.r.client - [shutdown,454] - Shutdown rpc client, set status to shutdown
13:23:04.834 [SpringApplicationShutdownHook] INFO  c.a.n.c.r.client - [shutdown,456] - Shutdown client event executor java.util.concurrent.ScheduledThreadPoolExecutor@5f1c40e[Running, pool size = 2, active threads = 2, queued tasks = 0, completed tasks = 0]
13:23:04.834 [SpringApplicationShutdownHook] INFO  c.a.n.c.r.client - [closeConnection,591] - Close current connection 1678166578532_116.2.246.63_53716
13:23:04.837 [SpringApplicationShutdownHook] INFO  c.a.n.c.r.c.g.GrpcClient - [shutdown,85] - Shutdown grpc executor java.util.concurrent.ThreadPoolExecutor@121df7fb[Running, pool size = 11, active threads = 0, queued tasks = 0, completed tasks = 11]
13:23:04.857 [SpringApplicationShutdownHook] INFO  c.z.h.HikariDataSource - [close,350] - HikariPool-1 - Shutdown initiated...
13:23:05.451 [SpringApplicationShutdownHook] INFO  c.z.h.HikariDataSource - [close,352] - HikariPool-1 - Shutdown completed.
