21:40:43.267 [background-preinit] INFO  o.h.v.i.util.Version - [<clinit>,21] - HV000001: Hibernate Validator 6.2.5.Final
21:40:45.844 [main] INFO  c.a.n.c.r.client - [lambda$createClient$0,80] - [RpcClientFactory] create a new rpc client of 3cdc5b82-97bc-4f8a-80f2-cd0f92907c0b_config-0
21:40:45.934 [main] INFO  o.r.Reflections - [scan,232] - Reflections took 59 ms to scan 1 urls, producing 3 keys and 6 values 
21:40:46.033 [main] INFO  o.r.Reflections - [scan,232] - Reflections took 48 ms to scan 1 urls, producing 4 keys and 9 values 
21:40:46.059 [main] INFO  o.r.Reflections - [scan,232] - Reflections took 21 ms to scan 1 urls, producing 3 keys and 10 values 
21:40:46.729 [main] INFO  o.r.Reflections - [scan,232] - Reflections took 665 ms to scan 292 urls, producing 0 keys and 0 values 
21:40:46.805 [main] INFO  o.r.Reflections - [scan,232] - Reflections took 57 ms to scan 1 urls, producing 1 keys and 5 values 
21:40:46.888 [main] INFO  o.r.Reflections - [scan,232] - Reflections took 68 ms to scan 1 urls, producing 1 keys and 7 values 
21:40:46.923 [main] INFO  o.r.Reflections - [scan,232] - Reflections took 27 ms to scan 1 urls, producing 2 keys and 8 values 
21:40:47.273 [main] INFO  o.r.Reflections - [scan,232] - Reflections took 344 ms to scan 292 urls, producing 0 keys and 0 values 
21:40:47.280 [main] INFO  c.a.n.c.r.client - [printIfInfoEnabled,60] - [3cdc5b82-97bc-4f8a-80f2-cd0f92907c0b_config-0] RpcClient init label, labels = {module=config, Vipserver-Tag=null, source=sdk, Amory-Tag=null, Location-Tag=null, taskId=0, AppName=unknown}
21:40:47.282 [main] INFO  c.a.n.c.r.client - [printIfInfoEnabled,60] - [3cdc5b82-97bc-4f8a-80f2-cd0f92907c0b_config-0] Register server push request handler:com.alibaba.nacos.client.config.impl.ClientWorker$ConfigRpcTransportClient$$Lambda$340/75480150
21:40:47.284 [main] INFO  c.a.n.c.r.client - [printIfInfoEnabled,60] - [3cdc5b82-97bc-4f8a-80f2-cd0f92907c0b_config-0] Register server push request handler:com.alibaba.nacos.client.config.impl.ClientWorker$ConfigRpcTransportClient$$Lambda$341/354350463
21:40:47.286 [main] INFO  c.a.n.c.r.client - [printIfInfoEnabled,60] - [3cdc5b82-97bc-4f8a-80f2-cd0f92907c0b_config-0] Registry connection listener to current client:com.alibaba.nacos.client.config.impl.ClientWorker$ConfigRpcTransportClient$1
21:40:47.287 [main] INFO  c.a.n.c.r.client - [printIfInfoEnabled,60] - [3cdc5b82-97bc-4f8a-80f2-cd0f92907c0b_config-0] RpcClient init, ServerListFactory = com.alibaba.nacos.client.config.impl.ClientWorker$ConfigRpcTransportClient$2
21:40:47.299 [main] INFO  c.a.n.c.r.client - [printIfInfoEnabled,60] - [3cdc5b82-97bc-4f8a-80f2-cd0f92907c0b_config-0] Try to connect to server on start up, server: {serverIp = '123.249.97.220', server main port = 8848}
21:40:51.904 [main] INFO  c.a.n.c.r.client - [printIfInfoEnabled,60] - [3cdc5b82-97bc-4f8a-80f2-cd0f92907c0b_config-0] Success to connect to server [123.249.97.220:8848] on start up, connectionId = 1678196451190_111.23.19.128_55685
21:40:51.905 [com.alibaba.nacos.client.remote.worker] INFO  c.a.n.c.r.client - [printIfInfoEnabled,60] - [3cdc5b82-97bc-4f8a-80f2-cd0f92907c0b_config-0] Notify connected event to listeners.
21:40:51.906 [main] INFO  c.a.n.c.r.client - [printIfInfoEnabled,60] - [3cdc5b82-97bc-4f8a-80f2-cd0f92907c0b_config-0] Register server push request handler:com.alibaba.nacos.common.remote.client.RpcClient$ConnectResetRequestHandler
21:40:51.907 [main] INFO  c.a.n.c.r.client - [printIfInfoEnabled,60] - [3cdc5b82-97bc-4f8a-80f2-cd0f92907c0b_config-0] Register server push request handler:com.alibaba.nacos.common.remote.client.RpcClient$$Lambda$350/748229733
21:40:52.247 [main] INFO  c.t.s.ToweloveSystemApplication - [logStartupProfileInfo,637] - The following 1 profile is active: "dev"
21:40:55.445 [main] INFO  o.a.c.h.Http11NioProtocol - [log,173] - Initializing ProtocolHandler ["http-nio-9201"]
21:40:55.446 [main] INFO  o.a.c.c.StandardService - [log,173] - Starting service [Tomcat]
21:40:55.446 [main] INFO  o.a.c.c.StandardEngine - [log,173] - Starting Servlet engine: [Apache Tomcat/9.0.70]
21:40:55.673 [main] INFO  o.a.c.c.C.[.[.[/] - [log,173] - Initializing Spring embedded WebApplicationContext
21:40:57.782 [main] INFO  c.z.h.HikariDataSource - [getConnection,110] - HikariPool-1 - Starting...
21:41:00.286 [main] INFO  c.z.h.HikariDataSource - [getConnection,123] - HikariPool-1 - Start completed.
21:41:00.387 [main] INFO  c.t.s.s.m.MailTemplateServiceImpl - [initLocalCache,69] - [initLocalCache][缓存邮件模版，数量:4]
21:41:00.450 [main] INFO  c.t.s.s.m.MailAccountServiceImpl - [initLocalCache,61] - [initLocalCache][缓存邮箱账号，数量:4]
21:41:00.995 [main] INFO  c.a.c.s.SentinelWebMvcConfigurer - [addInterceptors,52] - [Sentinel Starter] register SentinelWebInterceptor with urlPatterns: [/**].
21:41:09.706 [main] INFO  c.a.n.c.r.client - [lambda$createClient$0,80] - [RpcClientFactory] create a new rpc client of 70b446c6-74f6-47d7-803c-3f81e4af74e7
21:41:09.706 [main] INFO  c.a.n.c.r.client - [printIfInfoEnabled,60] - [70b446c6-74f6-47d7-803c-3f81e4af74e7] RpcClient init label, labels = {module=naming, source=sdk}
21:41:09.709 [main] INFO  c.a.n.c.r.client - [printIfInfoEnabled,60] - [70b446c6-74f6-47d7-803c-3f81e4af74e7] RpcClient init, ServerListFactory = com.alibaba.nacos.client.naming.core.ServerListManager
21:41:09.710 [main] INFO  c.a.n.c.r.client - [printIfInfoEnabled,60] - [70b446c6-74f6-47d7-803c-3f81e4af74e7] Registry connection listener to current client:com.alibaba.nacos.client.naming.remote.gprc.redo.NamingGrpcRedoService
21:41:09.710 [main] INFO  c.a.n.c.r.client - [printIfInfoEnabled,60] - [70b446c6-74f6-47d7-803c-3f81e4af74e7] Register server push request handler:com.alibaba.nacos.client.naming.remote.gprc.NamingPushRequestHandler
21:41:09.711 [main] INFO  c.a.n.c.r.client - [printIfInfoEnabled,60] - [70b446c6-74f6-47d7-803c-3f81e4af74e7] Try to connect to server on start up, server: {serverIp = '123.249.97.220', server main port = 8848}
21:41:09.932 [main] INFO  c.a.n.c.r.client - [printIfInfoEnabled,60] - [70b446c6-74f6-47d7-803c-3f81e4af74e7] Success to connect to server [123.249.97.220:8848] on start up, connectionId = 1678196469274_111.23.19.128_55718
21:41:09.932 [main] INFO  c.a.n.c.r.client - [printIfInfoEnabled,60] - [70b446c6-74f6-47d7-803c-3f81e4af74e7] Register server push request handler:com.alibaba.nacos.common.remote.client.RpcClient$ConnectResetRequestHandler
21:41:09.932 [com.alibaba.nacos.client.remote.worker] INFO  c.a.n.c.r.client - [printIfInfoEnabled,60] - [70b446c6-74f6-47d7-803c-3f81e4af74e7] Notify connected event to listeners.
21:41:09.932 [main] INFO  c.a.n.c.r.client - [printIfInfoEnabled,60] - [70b446c6-74f6-47d7-803c-3f81e4af74e7] Register server push request handler:com.alibaba.nacos.common.remote.client.RpcClient$$Lambda$350/748229733
21:41:10.546 [nacos-grpc-client-executor-4] INFO  c.a.n.c.r.client - [printIfInfoEnabled,60] - [70b446c6-74f6-47d7-803c-3f81e4af74e7] Receive server push request, request = NotifySubscriberRequest, requestId = 206
21:41:10.548 [nacos-grpc-client-executor-4] INFO  c.a.n.c.r.client - [printIfInfoEnabled,60] - [70b446c6-74f6-47d7-803c-3f81e4af74e7] Ack server push request, request = NotifySubscriberRequest, requestId = 206
21:41:18.076 [main] INFO  o.a.c.h.Http11NioProtocol - [log,173] - Starting ProtocolHandler ["http-nio-9201"]
21:41:18.132 [main] INFO  c.a.c.n.r.NacosServiceRegistry - [register,75] - nacos registry, DEFAULT_GROUP towelove-system 192.168.75.1:9201 register finished
21:41:18.641 [nacos-grpc-client-executor-9] INFO  c.a.n.c.r.client - [printIfInfoEnabled,60] - [70b446c6-74f6-47d7-803c-3f81e4af74e7] Receive server push request, request = NotifySubscriberRequest, requestId = 207
21:41:18.652 [nacos-grpc-client-executor-9] INFO  c.a.n.c.r.client - [printIfInfoEnabled,60] - [70b446c6-74f6-47d7-803c-3f81e4af74e7] Ack server push request, request = NotifySubscriberRequest, requestId = 207
21:41:20.180 [main] INFO  c.t.s.ToweloveSystemApplication - [logStarted,61] - Started ToweloveSystemApplication in 40.877 seconds (JVM running for 45.179)
21:41:20.191 [main] INFO  c.a.c.n.r.NacosContextRefresher - [registerNacosListener,129] - [Nacos Config] Listening config: dataId=towelove-base-dev.yaml, group=DEFAULT_GROUP
21:41:20.192 [main] INFO  c.a.c.n.r.NacosContextRefresher - [registerNacosListener,129] - [Nacos Config] Listening config: dataId=towelove-system.yaml, group=DEFAULT_GROUP
21:41:20.193 [main] INFO  c.a.c.n.r.NacosContextRefresher - [registerNacosListener,129] - [Nacos Config] Listening config: dataId=towelove-mysql-dev.yaml, group=DEFAULT_GROUP
21:41:20.194 [main] INFO  c.a.c.n.r.NacosContextRefresher - [registerNacosListener,129] - [Nacos Config] Listening config: dataId=towelove-system, group=DEFAULT_GROUP
21:41:20.194 [main] INFO  c.a.c.n.r.NacosContextRefresher - [registerNacosListener,129] - [Nacos Config] Listening config: dataId=towelove-system-dev.yaml, group=DEFAULT_GROUP
21:41:20.196 [main] INFO  c.a.c.n.r.NacosContextRefresher - [registerNacosListener,129] - [Nacos Config] Listening config: dataId=towelove-redis-dev.yaml, group=DEFAULT_GROUP
21:41:21.646 [RMI TCP Connection(17)-192.168.254.1] INFO  o.a.c.c.C.[.[.[/] - [log,173] - Initializing Spring DispatcherServlet 'dispatcherServlet'
21:46:49.408 [SpringApplicationShutdownHook] INFO  c.a.c.n.r.NacosServiceRegistry - [deregister,94] - De-registering from Nacos Server now...
21:46:49.445 [SpringApplicationShutdownHook] INFO  c.a.c.n.r.NacosServiceRegistry - [deregister,114] - De-registration finished.
21:46:49.786 [SpringApplicationShutdownHook] INFO  c.a.n.c.r.client - [shutdown,454] - Shutdown rpc client, set status to shutdown
21:46:49.786 [SpringApplicationShutdownHook] INFO  c.a.n.c.r.client - [shutdown,456] - Shutdown client event executor java.util.concurrent.ScheduledThreadPoolExecutor@7b0aa863[Running, pool size = 2, active threads = 2, queued tasks = 0, completed tasks = 0]
21:46:49.786 [SpringApplicationShutdownHook] INFO  c.a.n.c.r.client - [closeConnection,591] - Close current connection 1678196469274_111.23.19.128_55718
21:46:49.791 [SpringApplicationShutdownHook] INFO  c.a.n.c.r.c.g.GrpcClient - [shutdown,85] - Shutdown grpc executor java.util.concurrent.ThreadPoolExecutor@687718d6[Running, pool size = 4, active threads = 0, queued tasks = 0, completed tasks = 77]
21:46:49.937 [SpringApplicationShutdownHook] INFO  c.z.h.HikariDataSource - [close,350] - HikariPool-1 - Shutdown initiated...
21:46:49.949 [SpringApplicationShutdownHook] INFO  c.z.h.HikariDataSource - [close,352] - HikariPool-1 - Shutdown completed.
21:59:54.810 [background-preinit] INFO  o.h.v.i.util.Version - [<clinit>,21] - HV000001: Hibernate Validator 6.2.5.Final
21:59:57.051 [main] INFO  c.a.n.c.r.client - [lambda$createClient$0,80] - [RpcClientFactory] create a new rpc client of ba19b97a-ae40-4be7-8348-387f8a79220b_config-0
21:59:57.102 [main] INFO  o.r.Reflections - [scan,232] - Reflections took 33 ms to scan 1 urls, producing 3 keys and 6 values 
21:59:57.129 [main] INFO  o.r.Reflections - [scan,232] - Reflections took 12 ms to scan 1 urls, producing 4 keys and 9 values 
21:59:57.141 [main] INFO  o.r.Reflections - [scan,232] - Reflections took 11 ms to scan 1 urls, producing 3 keys and 10 values 
21:59:57.368 [main] INFO  o.r.Reflections - [scan,232] - Reflections took 224 ms to scan 292 urls, producing 0 keys and 0 values 
21:59:57.378 [main] INFO  o.r.Reflections - [scan,232] - Reflections took 10 ms to scan 1 urls, producing 1 keys and 5 values 
21:59:57.392 [main] INFO  o.r.Reflections - [scan,232] - Reflections took 12 ms to scan 1 urls, producing 1 keys and 7 values 
21:59:57.404 [main] INFO  o.r.Reflections - [scan,232] - Reflections took 10 ms to scan 1 urls, producing 2 keys and 8 values 
21:59:57.577 [main] INFO  o.r.Reflections - [scan,232] - Reflections took 171 ms to scan 292 urls, producing 0 keys and 0 values 
21:59:57.579 [main] INFO  c.a.n.c.r.client - [printIfInfoEnabled,60] - [ba19b97a-ae40-4be7-8348-387f8a79220b_config-0] RpcClient init label, labels = {module=config, Vipserver-Tag=null, source=sdk, Amory-Tag=null, Location-Tag=null, taskId=0, AppName=unknown}
21:59:57.580 [main] INFO  c.a.n.c.r.client - [printIfInfoEnabled,60] - [ba19b97a-ae40-4be7-8348-387f8a79220b_config-0] Register server push request handler:com.alibaba.nacos.client.config.impl.ClientWorker$ConfigRpcTransportClient$$Lambda$340/276777344
21:59:57.580 [main] INFO  c.a.n.c.r.client - [printIfInfoEnabled,60] - [ba19b97a-ae40-4be7-8348-387f8a79220b_config-0] Register server push request handler:com.alibaba.nacos.client.config.impl.ClientWorker$ConfigRpcTransportClient$$Lambda$341/1973491942
21:59:57.581 [main] INFO  c.a.n.c.r.client - [printIfInfoEnabled,60] - [ba19b97a-ae40-4be7-8348-387f8a79220b_config-0] Registry connection listener to current client:com.alibaba.nacos.client.config.impl.ClientWorker$ConfigRpcTransportClient$1
21:59:57.581 [main] INFO  c.a.n.c.r.client - [printIfInfoEnabled,60] - [ba19b97a-ae40-4be7-8348-387f8a79220b_config-0] RpcClient init, ServerListFactory = com.alibaba.nacos.client.config.impl.ClientWorker$ConfigRpcTransportClient$2
21:59:57.589 [main] INFO  c.a.n.c.r.client - [printIfInfoEnabled,60] - [ba19b97a-ae40-4be7-8348-387f8a79220b_config-0] Try to connect to server on start up, server: {serverIp = '123.249.97.220', server main port = 8848}
21:59:59.994 [main] INFO  c.a.n.c.r.client - [printIfInfoEnabled,60] - [ba19b97a-ae40-4be7-8348-387f8a79220b_config-0] Success to connect to server [123.249.97.220:8848] on start up, connectionId = 1678197599281_111.23.19.128_49182
21:59:59.995 [main] INFO  c.a.n.c.r.client - [printIfInfoEnabled,60] - [ba19b97a-ae40-4be7-8348-387f8a79220b_config-0] Register server push request handler:com.alibaba.nacos.common.remote.client.RpcClient$ConnectResetRequestHandler
21:59:59.995 [com.alibaba.nacos.client.remote.worker] INFO  c.a.n.c.r.client - [printIfInfoEnabled,60] - [ba19b97a-ae40-4be7-8348-387f8a79220b_config-0] Notify connected event to listeners.
21:59:59.996 [main] INFO  c.a.n.c.r.client - [printIfInfoEnabled,60] - [ba19b97a-ae40-4be7-8348-387f8a79220b_config-0] Register server push request handler:com.alibaba.nacos.common.remote.client.RpcClient$$Lambda$350/1322057909
22:00:00.281 [main] INFO  c.t.s.ToweloveSystemApplication - [logStartupProfileInfo,637] - The following 1 profile is active: "dev"
22:00:02.684 [main] INFO  o.a.c.h.Http11NioProtocol - [log,173] - Initializing ProtocolHandler ["http-nio-9201"]
22:00:02.685 [main] INFO  o.a.c.c.StandardService - [log,173] - Starting service [Tomcat]
22:00:02.685 [main] INFO  o.a.c.c.StandardEngine - [log,173] - Starting Servlet engine: [Apache Tomcat/9.0.70]
22:00:02.889 [main] INFO  o.a.c.c.C.[.[.[/] - [log,173] - Initializing Spring embedded WebApplicationContext
22:00:04.922 [main] INFO  c.z.h.HikariDataSource - [getConnection,110] - HikariPool-1 - Starting...
22:00:07.390 [main] INFO  c.z.h.HikariDataSource - [getConnection,123] - HikariPool-1 - Start completed.
22:00:07.484 [main] INFO  c.t.s.s.m.MailTemplateServiceImpl - [initLocalCache,69] - [initLocalCache][缓存邮件模版，数量:4]
22:00:07.542 [main] INFO  c.t.s.s.m.MailAccountServiceImpl - [initLocalCache,61] - [initLocalCache][缓存邮箱账号，数量:4]
22:00:08.054 [main] INFO  c.a.c.s.SentinelWebMvcConfigurer - [addInterceptors,52] - [Sentinel Starter] register SentinelWebInterceptor with urlPatterns: [/**].
22:00:14.634 [main] INFO  c.a.n.c.r.client - [lambda$createClient$0,80] - [RpcClientFactory] create a new rpc client of 9e07db87-9127-4333-a17c-ac44b35bc78a
22:00:14.634 [main] INFO  c.a.n.c.r.client - [printIfInfoEnabled,60] - [9e07db87-9127-4333-a17c-ac44b35bc78a] RpcClient init label, labels = {module=naming, source=sdk}
22:00:14.636 [main] INFO  c.a.n.c.r.client - [printIfInfoEnabled,60] - [9e07db87-9127-4333-a17c-ac44b35bc78a] RpcClient init, ServerListFactory = com.alibaba.nacos.client.naming.core.ServerListManager
22:00:14.636 [main] INFO  c.a.n.c.r.client - [printIfInfoEnabled,60] - [9e07db87-9127-4333-a17c-ac44b35bc78a] Registry connection listener to current client:com.alibaba.nacos.client.naming.remote.gprc.redo.NamingGrpcRedoService
22:00:14.636 [main] INFO  c.a.n.c.r.client - [printIfInfoEnabled,60] - [9e07db87-9127-4333-a17c-ac44b35bc78a] Register server push request handler:com.alibaba.nacos.client.naming.remote.gprc.NamingPushRequestHandler
22:00:14.637 [main] INFO  c.a.n.c.r.client - [printIfInfoEnabled,60] - [9e07db87-9127-4333-a17c-ac44b35bc78a] Try to connect to server on start up, server: {serverIp = '123.249.97.220', server main port = 8848}
22:00:14.852 [main] INFO  c.a.n.c.r.client - [printIfInfoEnabled,60] - [9e07db87-9127-4333-a17c-ac44b35bc78a] Success to connect to server [123.249.97.220:8848] on start up, connectionId = 1678197614201_111.23.19.128_49198
22:00:14.852 [main] INFO  c.a.n.c.r.client - [printIfInfoEnabled,60] - [9e07db87-9127-4333-a17c-ac44b35bc78a] Register server push request handler:com.alibaba.nacos.common.remote.client.RpcClient$ConnectResetRequestHandler
22:00:14.852 [com.alibaba.nacos.client.remote.worker] INFO  c.a.n.c.r.client - [printIfInfoEnabled,60] - [9e07db87-9127-4333-a17c-ac44b35bc78a] Notify connected event to listeners.
22:00:14.853 [main] INFO  c.a.n.c.r.client - [printIfInfoEnabled,60] - [9e07db87-9127-4333-a17c-ac44b35bc78a] Register server push request handler:com.alibaba.nacos.common.remote.client.RpcClient$$Lambda$350/1322057909
22:00:15.426 [nacos-grpc-client-executor-4] INFO  c.a.n.c.r.client - [printIfInfoEnabled,60] - [9e07db87-9127-4333-a17c-ac44b35bc78a] Receive server push request, request = NotifySubscriberRequest, requestId = 222
22:00:15.428 [nacos-grpc-client-executor-4] INFO  c.a.n.c.r.client - [printIfInfoEnabled,60] - [9e07db87-9127-4333-a17c-ac44b35bc78a] Ack server push request, request = NotifySubscriberRequest, requestId = 222
22:00:21.160 [main] INFO  o.a.c.h.Http11NioProtocol - [log,173] - Starting ProtocolHandler ["http-nio-9201"]
22:00:21.218 [main] INFO  c.a.c.n.r.NacosServiceRegistry - [register,75] - nacos registry, DEFAULT_GROUP towelove-system 192.168.75.1:9201 register finished
22:00:21.722 [nacos-grpc-client-executor-8] INFO  c.a.n.c.r.client - [printIfInfoEnabled,60] - [9e07db87-9127-4333-a17c-ac44b35bc78a] Receive server push request, request = NotifySubscriberRequest, requestId = 224
22:00:21.729 [nacos-grpc-client-executor-8] INFO  c.a.n.c.r.client - [printIfInfoEnabled,60] - [9e07db87-9127-4333-a17c-ac44b35bc78a] Ack server push request, request = NotifySubscriberRequest, requestId = 224
22:00:23.171 [main] INFO  c.t.s.ToweloveSystemApplication - [logStarted,61] - Started ToweloveSystemApplication in 30.74 seconds (JVM running for 32.803)
22:00:23.182 [main] INFO  c.a.c.n.r.NacosContextRefresher - [registerNacosListener,129] - [Nacos Config] Listening config: dataId=towelove-base-dev.yaml, group=DEFAULT_GROUP
22:00:23.183 [main] INFO  c.a.c.n.r.NacosContextRefresher - [registerNacosListener,129] - [Nacos Config] Listening config: dataId=towelove-system.yaml, group=DEFAULT_GROUP
22:00:23.184 [main] INFO  c.a.c.n.r.NacosContextRefresher - [registerNacosListener,129] - [Nacos Config] Listening config: dataId=towelove-mysql-dev.yaml, group=DEFAULT_GROUP
22:00:23.184 [main] INFO  c.a.c.n.r.NacosContextRefresher - [registerNacosListener,129] - [Nacos Config] Listening config: dataId=towelove-system, group=DEFAULT_GROUP
22:00:23.185 [main] INFO  c.a.c.n.r.NacosContextRefresher - [registerNacosListener,129] - [Nacos Config] Listening config: dataId=towelove-system-dev.yaml, group=DEFAULT_GROUP
22:00:23.186 [main] INFO  c.a.c.n.r.NacosContextRefresher - [registerNacosListener,129] - [Nacos Config] Listening config: dataId=towelove-redis-dev.yaml, group=DEFAULT_GROUP
22:00:24.756 [RMI TCP Connection(4)-192.168.254.1] INFO  o.a.c.c.C.[.[.[/] - [log,173] - Initializing Spring DispatcherServlet 'dispatcherServlet'
22:01:43.859 [SpringApplicationShutdownHook] INFO  c.a.c.n.r.NacosServiceRegistry - [deregister,94] - De-registering from Nacos Server now...
22:01:43.896 [SpringApplicationShutdownHook] INFO  c.a.c.n.r.NacosServiceRegistry - [deregister,114] - De-registration finished.
22:01:44.223 [SpringApplicationShutdownHook] INFO  c.a.n.c.r.client - [shutdown,454] - Shutdown rpc client, set status to shutdown
22:01:44.224 [SpringApplicationShutdownHook] INFO  c.a.n.c.r.client - [shutdown,456] - Shutdown client event executor java.util.concurrent.ScheduledThreadPoolExecutor@7863e71f[Running, pool size = 2, active threads = 2, queued tasks = 0, completed tasks = 0]
22:01:44.224 [SpringApplicationShutdownHook] INFO  c.a.n.c.r.client - [closeConnection,591] - Close current connection 1678197614201_111.23.19.128_49198
22:01:44.228 [SpringApplicationShutdownHook] INFO  c.a.n.c.r.c.g.GrpcClient - [shutdown,85] - Shutdown grpc executor java.util.concurrent.ThreadPoolExecutor@5353c16[Running, pool size = 4, active threads = 0, queued tasks = 0, completed tasks = 28]
22:01:44.361 [SpringApplicationShutdownHook] INFO  c.z.h.HikariDataSource - [close,350] - HikariPool-1 - Shutdown initiated...
22:01:44.371 [SpringApplicationShutdownHook] INFO  c.z.h.HikariDataSource - [close,352] - HikariPool-1 - Shutdown completed.
22:01:51.131 [background-preinit] INFO  o.h.v.i.util.Version - [<clinit>,21] - HV000001: Hibernate Validator 6.2.5.Final
22:01:53.731 [main] INFO  c.a.n.c.r.client - [lambda$createClient$0,80] - [RpcClientFactory] create a new rpc client of 0987b69d-099e-43c5-a7a4-ce6f41befe86_config-0
22:01:53.791 [main] INFO  o.r.Reflections - [scan,232] - Reflections took 41 ms to scan 1 urls, producing 3 keys and 6 values 
22:01:53.817 [main] INFO  o.r.Reflections - [scan,232] - Reflections took 12 ms to scan 1 urls, producing 4 keys and 9 values 
22:01:53.830 [main] INFO  o.r.Reflections - [scan,232] - Reflections took 11 ms to scan 1 urls, producing 3 keys and 10 values 
22:01:54.052 [main] INFO  o.r.Reflections - [scan,232] - Reflections took 218 ms to scan 292 urls, producing 0 keys and 0 values 
22:01:54.061 [main] INFO  o.r.Reflections - [scan,232] - Reflections took 9 ms to scan 1 urls, producing 1 keys and 5 values 
22:01:54.077 [main] INFO  o.r.Reflections - [scan,232] - Reflections took 14 ms to scan 1 urls, producing 1 keys and 7 values 
22:01:54.088 [main] INFO  o.r.Reflections - [scan,232] - Reflections took 9 ms to scan 1 urls, producing 2 keys and 8 values 
22:01:54.269 [main] INFO  o.r.Reflections - [scan,232] - Reflections took 177 ms to scan 292 urls, producing 0 keys and 0 values 
22:01:54.271 [main] INFO  c.a.n.c.r.client - [printIfInfoEnabled,60] - [0987b69d-099e-43c5-a7a4-ce6f41befe86_config-0] RpcClient init label, labels = {module=config, Vipserver-Tag=null, source=sdk, Amory-Tag=null, Location-Tag=null, taskId=0, AppName=unknown}
22:01:54.271 [main] INFO  c.a.n.c.r.client - [printIfInfoEnabled,60] - [0987b69d-099e-43c5-a7a4-ce6f41befe86_config-0] Register server push request handler:com.alibaba.nacos.client.config.impl.ClientWorker$ConfigRpcTransportClient$$Lambda$340/1611966906
22:01:54.272 [main] INFO  c.a.n.c.r.client - [printIfInfoEnabled,60] - [0987b69d-099e-43c5-a7a4-ce6f41befe86_config-0] Register server push request handler:com.alibaba.nacos.client.config.impl.ClientWorker$ConfigRpcTransportClient$$Lambda$341/181260145
22:01:54.272 [main] INFO  c.a.n.c.r.client - [printIfInfoEnabled,60] - [0987b69d-099e-43c5-a7a4-ce6f41befe86_config-0] Registry connection listener to current client:com.alibaba.nacos.client.config.impl.ClientWorker$ConfigRpcTransportClient$1
22:01:54.273 [main] INFO  c.a.n.c.r.client - [printIfInfoEnabled,60] - [0987b69d-099e-43c5-a7a4-ce6f41befe86_config-0] RpcClient init, ServerListFactory = com.alibaba.nacos.client.config.impl.ClientWorker$ConfigRpcTransportClient$2
22:01:54.281 [main] INFO  c.a.n.c.r.client - [printIfInfoEnabled,60] - [0987b69d-099e-43c5-a7a4-ce6f41befe86_config-0] Try to connect to server on start up, server: {serverIp = '123.249.97.220', server main port = 8848}
22:01:57.889 [main] INFO  c.a.n.c.r.client - [printIfInfoEnabled,60] - [0987b69d-099e-43c5-a7a4-ce6f41befe86_config-0] Success to connect to server [123.249.97.220:8848] on start up, connectionId = 1678197717133_111.23.19.128_49370
22:01:57.892 [com.alibaba.nacos.client.remote.worker] INFO  c.a.n.c.r.client - [printIfInfoEnabled,60] - [0987b69d-099e-43c5-a7a4-ce6f41befe86_config-0] Notify connected event to listeners.
22:01:57.892 [main] INFO  c.a.n.c.r.client - [printIfInfoEnabled,60] - [0987b69d-099e-43c5-a7a4-ce6f41befe86_config-0] Register server push request handler:com.alibaba.nacos.common.remote.client.RpcClient$ConnectResetRequestHandler
22:01:57.894 [main] INFO  c.a.n.c.r.client - [printIfInfoEnabled,60] - [0987b69d-099e-43c5-a7a4-ce6f41befe86_config-0] Register server push request handler:com.alibaba.nacos.common.remote.client.RpcClient$$Lambda$350/912784040
22:01:58.256 [main] INFO  c.t.s.ToweloveSystemApplication - [logStartupProfileInfo,637] - The following 1 profile is active: "dev"
22:02:01.696 [main] INFO  o.a.c.h.Http11NioProtocol - [log,173] - Initializing ProtocolHandler ["http-nio-9201"]
22:02:01.697 [main] INFO  o.a.c.c.StandardService - [log,173] - Starting service [Tomcat]
22:02:01.697 [main] INFO  o.a.c.c.StandardEngine - [log,173] - Starting Servlet engine: [Apache Tomcat/9.0.70]
22:02:01.932 [main] INFO  o.a.c.c.C.[.[.[/] - [log,173] - Initializing Spring embedded WebApplicationContext
22:02:04.290 [main] INFO  c.z.h.HikariDataSource - [getConnection,110] - HikariPool-1 - Starting...
22:02:06.773 [main] INFO  c.z.h.HikariDataSource - [getConnection,123] - HikariPool-1 - Start completed.
22:02:06.883 [main] INFO  c.t.s.s.m.MailTemplateServiceImpl - [initLocalCache,69] - [initLocalCache][缓存邮件模版，数量:4]
22:02:06.945 [main] INFO  c.t.s.s.m.MailAccountServiceImpl - [initLocalCache,61] - [initLocalCache][缓存邮箱账号，数量:4]
22:02:07.517 [main] INFO  c.a.c.s.SentinelWebMvcConfigurer - [addInterceptors,52] - [Sentinel Starter] register SentinelWebInterceptor with urlPatterns: [/**].
22:02:14.949 [main] INFO  c.a.n.c.r.client - [lambda$createClient$0,80] - [RpcClientFactory] create a new rpc client of 743dff30-3a5b-409b-96f0-4a54f3ff25bb
22:02:14.949 [main] INFO  c.a.n.c.r.client - [printIfInfoEnabled,60] - [743dff30-3a5b-409b-96f0-4a54f3ff25bb] RpcClient init label, labels = {module=naming, source=sdk}
22:02:14.950 [main] INFO  c.a.n.c.r.client - [printIfInfoEnabled,60] - [743dff30-3a5b-409b-96f0-4a54f3ff25bb] RpcClient init, ServerListFactory = com.alibaba.nacos.client.naming.core.ServerListManager
22:02:14.951 [main] INFO  c.a.n.c.r.client - [printIfInfoEnabled,60] - [743dff30-3a5b-409b-96f0-4a54f3ff25bb] Registry connection listener to current client:com.alibaba.nacos.client.naming.remote.gprc.redo.NamingGrpcRedoService
22:02:14.951 [main] INFO  c.a.n.c.r.client - [printIfInfoEnabled,60] - [743dff30-3a5b-409b-96f0-4a54f3ff25bb] Register server push request handler:com.alibaba.nacos.client.naming.remote.gprc.NamingPushRequestHandler
22:02:14.952 [main] INFO  c.a.n.c.r.client - [printIfInfoEnabled,60] - [743dff30-3a5b-409b-96f0-4a54f3ff25bb] Try to connect to server on start up, server: {serverIp = '123.249.97.220', server main port = 8848}
22:02:15.169 [main] INFO  c.a.n.c.r.client - [printIfInfoEnabled,60] - [743dff30-3a5b-409b-96f0-4a54f3ff25bb] Success to connect to server [123.249.97.220:8848] on start up, connectionId = 1678197734519_111.23.19.128_49431
22:02:15.169 [com.alibaba.nacos.client.remote.worker] INFO  c.a.n.c.r.client - [printIfInfoEnabled,60] - [743dff30-3a5b-409b-96f0-4a54f3ff25bb] Notify connected event to listeners.
22:02:15.169 [main] INFO  c.a.n.c.r.client - [printIfInfoEnabled,60] - [743dff30-3a5b-409b-96f0-4a54f3ff25bb] Register server push request handler:com.alibaba.nacos.common.remote.client.RpcClient$ConnectResetRequestHandler
22:02:15.169 [main] INFO  c.a.n.c.r.client - [printIfInfoEnabled,60] - [743dff30-3a5b-409b-96f0-4a54f3ff25bb] Register server push request handler:com.alibaba.nacos.common.remote.client.RpcClient$$Lambda$350/912784040
22:02:15.742 [nacos-grpc-client-executor-4] INFO  c.a.n.c.r.client - [printIfInfoEnabled,60] - [743dff30-3a5b-409b-96f0-4a54f3ff25bb] Receive server push request, request = NotifySubscriberRequest, requestId = 229
22:02:15.744 [nacos-grpc-client-executor-4] INFO  c.a.n.c.r.client - [printIfInfoEnabled,60] - [743dff30-3a5b-409b-96f0-4a54f3ff25bb] Ack server push request, request = NotifySubscriberRequest, requestId = 229
22:02:22.454 [main] INFO  o.a.c.h.Http11NioProtocol - [log,173] - Starting ProtocolHandler ["http-nio-9201"]
22:02:22.518 [main] INFO  c.a.c.n.r.NacosServiceRegistry - [register,75] - nacos registry, DEFAULT_GROUP towelove-system 192.168.75.1:9201 register finished
22:02:23.038 [nacos-grpc-client-executor-10] INFO  c.a.n.c.r.client - [printIfInfoEnabled,60] - [743dff30-3a5b-409b-96f0-4a54f3ff25bb] Receive server push request, request = NotifySubscriberRequest, requestId = 235
22:02:23.046 [nacos-grpc-client-executor-10] INFO  c.a.n.c.r.client - [printIfInfoEnabled,60] - [743dff30-3a5b-409b-96f0-4a54f3ff25bb] Ack server push request, request = NotifySubscriberRequest, requestId = 235
22:02:24.590 [main] INFO  c.t.s.ToweloveSystemApplication - [logStarted,61] - Started ToweloveSystemApplication in 35.747 seconds (JVM running for 37.653)
22:02:24.603 [main] INFO  c.a.c.n.r.NacosContextRefresher - [registerNacosListener,129] - [Nacos Config] Listening config: dataId=towelove-base-dev.yaml, group=DEFAULT_GROUP
22:02:24.604 [main] INFO  c.a.c.n.r.NacosContextRefresher - [registerNacosListener,129] - [Nacos Config] Listening config: dataId=towelove-system.yaml, group=DEFAULT_GROUP
22:02:24.605 [main] INFO  c.a.c.n.r.NacosContextRefresher - [registerNacosListener,129] - [Nacos Config] Listening config: dataId=towelove-mysql-dev.yaml, group=DEFAULT_GROUP
22:02:24.606 [main] INFO  c.a.c.n.r.NacosContextRefresher - [registerNacosListener,129] - [Nacos Config] Listening config: dataId=towelove-system, group=DEFAULT_GROUP
22:02:24.607 [main] INFO  c.a.c.n.r.NacosContextRefresher - [registerNacosListener,129] - [Nacos Config] Listening config: dataId=towelove-system-dev.yaml, group=DEFAULT_GROUP
22:02:24.608 [main] INFO  c.a.c.n.r.NacosContextRefresher - [registerNacosListener,129] - [Nacos Config] Listening config: dataId=towelove-redis-dev.yaml, group=DEFAULT_GROUP
22:02:24.891 [RMI TCP Connection(5)-192.168.254.1] INFO  o.a.c.c.C.[.[.[/] - [log,173] - Initializing Spring DispatcherServlet 'dispatcherServlet'
22:08:59.580 [SpringApplicationShutdownHook] INFO  c.a.c.n.r.NacosServiceRegistry - [deregister,94] - De-registering from Nacos Server now...
22:08:59.618 [SpringApplicationShutdownHook] INFO  c.a.c.n.r.NacosServiceRegistry - [deregister,114] - De-registration finished.
22:08:59.942 [SpringApplicationShutdownHook] INFO  c.a.n.c.r.client - [shutdown,454] - Shutdown rpc client, set status to shutdown
22:08:59.942 [SpringApplicationShutdownHook] INFO  c.a.n.c.r.client - [shutdown,456] - Shutdown client event executor java.util.concurrent.ScheduledThreadPoolExecutor@33025e28[Running, pool size = 2, active threads = 2, queued tasks = 0, completed tasks = 0]
22:08:59.942 [SpringApplicationShutdownHook] INFO  c.a.n.c.r.client - [closeConnection,591] - Close current connection 1678197734519_111.23.19.128_49431
22:08:59.946 [SpringApplicationShutdownHook] INFO  c.a.n.c.r.c.g.GrpcClient - [shutdown,85] - Shutdown grpc executor java.util.concurrent.ThreadPoolExecutor@7dd601d5[Running, pool size = 4, active threads = 0, queued tasks = 0, completed tasks = 91]
22:09:00.079 [SpringApplicationShutdownHook] INFO  c.z.h.HikariDataSource - [close,350] - HikariPool-1 - Shutdown initiated...
22:09:00.089 [SpringApplicationShutdownHook] INFO  c.z.h.HikariDataSource - [close,352] - HikariPool-1 - Shutdown completed.
22:09:08.986 [background-preinit] INFO  o.h.v.i.util.Version - [<clinit>,21] - HV000001: Hibernate Validator 6.2.5.Final
22:09:11.206 [main] INFO  c.a.n.c.r.client - [lambda$createClient$0,80] - [RpcClientFactory] create a new rpc client of 46def75e-effe-42cd-bdd1-c4f43876b742_config-0
22:09:11.257 [main] INFO  o.r.Reflections - [scan,232] - Reflections took 33 ms to scan 1 urls, producing 3 keys and 6 values 
22:09:11.283 [main] INFO  o.r.Reflections - [scan,232] - Reflections took 13 ms to scan 1 urls, producing 4 keys and 9 values 
22:09:11.297 [main] INFO  o.r.Reflections - [scan,232] - Reflections took 11 ms to scan 1 urls, producing 3 keys and 10 values 
22:09:11.515 [main] INFO  o.r.Reflections - [scan,232] - Reflections took 216 ms to scan 292 urls, producing 0 keys and 0 values 
22:09:11.525 [main] INFO  o.r.Reflections - [scan,232] - Reflections took 9 ms to scan 1 urls, producing 1 keys and 5 values 
22:09:11.539 [main] INFO  o.r.Reflections - [scan,232] - Reflections took 12 ms to scan 1 urls, producing 1 keys and 7 values 
22:09:11.550 [main] INFO  o.r.Reflections - [scan,232] - Reflections took 9 ms to scan 1 urls, producing 2 keys and 8 values 
22:09:11.730 [main] INFO  o.r.Reflections - [scan,232] - Reflections took 178 ms to scan 292 urls, producing 0 keys and 0 values 
22:09:11.733 [main] INFO  c.a.n.c.r.client - [printIfInfoEnabled,60] - [46def75e-effe-42cd-bdd1-c4f43876b742_config-0] RpcClient init label, labels = {module=config, Vipserver-Tag=null, source=sdk, Amory-Tag=null, Location-Tag=null, taskId=0, AppName=unknown}
22:09:11.733 [main] INFO  c.a.n.c.r.client - [printIfInfoEnabled,60] - [46def75e-effe-42cd-bdd1-c4f43876b742_config-0] Register server push request handler:com.alibaba.nacos.client.config.impl.ClientWorker$ConfigRpcTransportClient$$Lambda$340/7575494
22:09:11.733 [main] INFO  c.a.n.c.r.client - [printIfInfoEnabled,60] - [46def75e-effe-42cd-bdd1-c4f43876b742_config-0] Register server push request handler:com.alibaba.nacos.client.config.impl.ClientWorker$ConfigRpcTransportClient$$Lambda$341/448782465
22:09:11.734 [main] INFO  c.a.n.c.r.client - [printIfInfoEnabled,60] - [46def75e-effe-42cd-bdd1-c4f43876b742_config-0] Registry connection listener to current client:com.alibaba.nacos.client.config.impl.ClientWorker$ConfigRpcTransportClient$1
22:09:11.735 [main] INFO  c.a.n.c.r.client - [printIfInfoEnabled,60] - [46def75e-effe-42cd-bdd1-c4f43876b742_config-0] RpcClient init, ServerListFactory = com.alibaba.nacos.client.config.impl.ClientWorker$ConfigRpcTransportClient$2
22:09:11.743 [main] INFO  c.a.n.c.r.client - [printIfInfoEnabled,60] - [46def75e-effe-42cd-bdd1-c4f43876b742_config-0] Try to connect to server on start up, server: {serverIp = '123.249.97.220', server main port = 8848}
22:09:14.268 [main] INFO  c.a.n.c.r.client - [printIfInfoEnabled,60] - [46def75e-effe-42cd-bdd1-c4f43876b742_config-0] Success to connect to server [123.249.97.220:8848] on start up, connectionId = 1678198153554_111.23.19.128_56227
22:09:14.269 [com.alibaba.nacos.client.remote.worker] INFO  c.a.n.c.r.client - [printIfInfoEnabled,60] - [46def75e-effe-42cd-bdd1-c4f43876b742_config-0] Notify connected event to listeners.
22:09:14.269 [main] INFO  c.a.n.c.r.client - [printIfInfoEnabled,60] - [46def75e-effe-42cd-bdd1-c4f43876b742_config-0] Register server push request handler:com.alibaba.nacos.common.remote.client.RpcClient$ConnectResetRequestHandler
22:09:14.270 [main] INFO  c.a.n.c.r.client - [printIfInfoEnabled,60] - [46def75e-effe-42cd-bdd1-c4f43876b742_config-0] Register server push request handler:com.alibaba.nacos.common.remote.client.RpcClient$$Lambda$350/1747237139
22:09:14.550 [main] INFO  c.t.s.ToweloveSystemApplication - [logStartupProfileInfo,637] - The following 1 profile is active: "dev"
22:09:16.936 [main] INFO  o.a.c.h.Http11NioProtocol - [log,173] - Initializing ProtocolHandler ["http-nio-9201"]
22:09:16.937 [main] INFO  o.a.c.c.StandardService - [log,173] - Starting service [Tomcat]
22:09:16.937 [main] INFO  o.a.c.c.StandardEngine - [log,173] - Starting Servlet engine: [Apache Tomcat/9.0.70]
22:09:17.147 [main] INFO  o.a.c.c.C.[.[.[/] - [log,173] - Initializing Spring embedded WebApplicationContext
22:09:19.577 [main] INFO  c.z.h.HikariDataSource - [getConnection,110] - HikariPool-1 - Starting...
22:09:22.057 [main] INFO  c.z.h.HikariDataSource - [getConnection,123] - HikariPool-1 - Start completed.
22:09:22.155 [main] INFO  c.t.s.s.m.MailTemplateServiceImpl - [initLocalCache,69] - [initLocalCache][缓存邮件模版，数量:4]
22:09:22.216 [main] INFO  c.t.s.s.m.MailAccountServiceImpl - [initLocalCache,61] - [initLocalCache][缓存邮箱账号，数量:4]
22:09:22.733 [main] INFO  c.a.c.s.SentinelWebMvcConfigurer - [addInterceptors,52] - [Sentinel Starter] register SentinelWebInterceptor with urlPatterns: [/**].
22:09:29.339 [main] INFO  c.a.n.c.r.client - [lambda$createClient$0,80] - [RpcClientFactory] create a new rpc client of 5168f347-9d79-469f-ab02-eefaa1785dd2
22:09:29.340 [main] INFO  c.a.n.c.r.client - [printIfInfoEnabled,60] - [5168f347-9d79-469f-ab02-eefaa1785dd2] RpcClient init label, labels = {module=naming, source=sdk}
22:09:29.341 [main] INFO  c.a.n.c.r.client - [printIfInfoEnabled,60] - [5168f347-9d79-469f-ab02-eefaa1785dd2] RpcClient init, ServerListFactory = com.alibaba.nacos.client.naming.core.ServerListManager
22:09:29.341 [main] INFO  c.a.n.c.r.client - [printIfInfoEnabled,60] - [5168f347-9d79-469f-ab02-eefaa1785dd2] Registry connection listener to current client:com.alibaba.nacos.client.naming.remote.gprc.redo.NamingGrpcRedoService
22:09:29.342 [main] INFO  c.a.n.c.r.client - [printIfInfoEnabled,60] - [5168f347-9d79-469f-ab02-eefaa1785dd2] Register server push request handler:com.alibaba.nacos.client.naming.remote.gprc.NamingPushRequestHandler
22:09:29.342 [main] INFO  c.a.n.c.r.client - [printIfInfoEnabled,60] - [5168f347-9d79-469f-ab02-eefaa1785dd2] Try to connect to server on start up, server: {serverIp = '123.249.97.220', server main port = 8848}
22:09:29.554 [main] INFO  c.a.n.c.r.client - [printIfInfoEnabled,60] - [5168f347-9d79-469f-ab02-eefaa1785dd2] Success to connect to server [123.249.97.220:8848] on start up, connectionId = 1678198168907_111.23.19.128_56246
22:09:29.555 [com.alibaba.nacos.client.remote.worker] INFO  c.a.n.c.r.client - [printIfInfoEnabled,60] - [5168f347-9d79-469f-ab02-eefaa1785dd2] Notify connected event to listeners.
22:09:29.555 [main] INFO  c.a.n.c.r.client - [printIfInfoEnabled,60] - [5168f347-9d79-469f-ab02-eefaa1785dd2] Register server push request handler:com.alibaba.nacos.common.remote.client.RpcClient$ConnectResetRequestHandler
22:09:29.555 [main] INFO  c.a.n.c.r.client - [printIfInfoEnabled,60] - [5168f347-9d79-469f-ab02-eefaa1785dd2] Register server push request handler:com.alibaba.nacos.common.remote.client.RpcClient$$Lambda$350/1747237139
22:09:30.154 [nacos-grpc-client-executor-4] INFO  c.a.n.c.r.client - [printIfInfoEnabled,60] - [5168f347-9d79-469f-ab02-eefaa1785dd2] Receive server push request, request = NotifySubscriberRequest, requestId = 244
22:09:30.155 [nacos-grpc-client-executor-4] INFO  c.a.n.c.r.client - [printIfInfoEnabled,60] - [5168f347-9d79-469f-ab02-eefaa1785dd2] Ack server push request, request = NotifySubscriberRequest, requestId = 244
22:09:36.028 [main] INFO  o.a.c.h.Http11NioProtocol - [log,173] - Starting ProtocolHandler ["http-nio-9201"]
22:09:36.087 [main] INFO  c.a.c.n.r.NacosServiceRegistry - [register,75] - nacos registry, DEFAULT_GROUP towelove-system 192.168.75.1:9201 register finished
22:09:36.650 [nacos-grpc-client-executor-8] INFO  c.a.n.c.r.client - [printIfInfoEnabled,60] - [5168f347-9d79-469f-ab02-eefaa1785dd2] Receive server push request, request = NotifySubscriberRequest, requestId = 247
22:09:36.657 [nacos-grpc-client-executor-8] INFO  c.a.n.c.r.client - [printIfInfoEnabled,60] - [5168f347-9d79-469f-ab02-eefaa1785dd2] Ack server push request, request = NotifySubscriberRequest, requestId = 247
22:09:38.023 [main] INFO  c.t.s.ToweloveSystemApplication - [logStarted,61] - Started ToweloveSystemApplication in 31.301 seconds (JVM running for 33.207)
22:09:38.033 [main] INFO  c.a.c.n.r.NacosContextRefresher - [registerNacosListener,129] - [Nacos Config] Listening config: dataId=towelove-base-dev.yaml, group=DEFAULT_GROUP
22:09:38.075 [main] INFO  c.a.c.n.r.NacosContextRefresher - [registerNacosListener,129] - [Nacos Config] Listening config: dataId=towelove-system.yaml, group=DEFAULT_GROUP
22:09:38.076 [main] INFO  c.a.c.n.r.NacosContextRefresher - [registerNacosListener,129] - [Nacos Config] Listening config: dataId=towelove-system, group=DEFAULT_GROUP
22:09:38.076 [main] INFO  c.a.c.n.r.NacosContextRefresher - [registerNacosListener,129] - [Nacos Config] Listening config: dataId=towelove-system-dev.yaml, group=DEFAULT_GROUP
22:09:38.313 [RMI TCP Connection(3)-192.168.254.1] INFO  o.a.c.c.C.[.[.[/] - [log,173] - Initializing Spring DispatcherServlet 'dispatcherServlet'
22:29:01.710 [SpringApplicationShutdownHook] INFO  c.a.c.n.r.NacosServiceRegistry - [deregister,94] - De-registering from Nacos Server now...
22:29:01.747 [SpringApplicationShutdownHook] INFO  c.a.c.n.r.NacosServiceRegistry - [deregister,114] - De-registration finished.
22:29:02.072 [SpringApplicationShutdownHook] INFO  c.a.n.c.r.client - [shutdown,454] - Shutdown rpc client, set status to shutdown
22:29:02.072 [SpringApplicationShutdownHook] INFO  c.a.n.c.r.client - [shutdown,456] - Shutdown client event executor java.util.concurrent.ScheduledThreadPoolExecutor@73fc3bea[Running, pool size = 2, active threads = 2, queued tasks = 0, completed tasks = 0]
22:29:02.072 [SpringApplicationShutdownHook] INFO  c.a.n.c.r.client - [closeConnection,591] - Close current connection 1678198168907_111.23.19.128_56246
22:29:02.076 [SpringApplicationShutdownHook] INFO  c.a.n.c.r.c.g.GrpcClient - [shutdown,85] - Shutdown grpc executor java.util.concurrent.ThreadPoolExecutor@1ab41274[Running, pool size = 4, active threads = 0, queued tasks = 0, completed tasks = 242]
22:29:02.206 [SpringApplicationShutdownHook] INFO  c.z.h.HikariDataSource - [close,350] - HikariPool-1 - Shutdown initiated...
22:29:02.216 [SpringApplicationShutdownHook] INFO  c.z.h.HikariDataSource - [close,352] - HikariPool-1 - Shutdown completed.
