14:01:19.832 [background-preinit] INFO  o.h.v.i.util.Version - [<clinit>,21] - HV000001: Hibernate Validator 6.2.5.Final
14:01:20.896 [main] INFO  c.t.m.m.ToweloveMonitorMQApplication - [logStartupProfileInfo,637] - The following 1 profile is active: "dev"
14:02:00.786 [background-preinit] INFO  o.h.v.i.util.Version - [<clinit>,21] - HV000001: Hibernate Validator 6.2.5.Final
14:02:01.466 [main] INFO  c.t.m.m.ToweloveMonitorMQApplication - [logStartupProfileInfo,637] - The following 1 profile is active: "dev"
14:02:02.666 [main] INFO  o.a.c.h.Http11NioProtocol - [log,173] - Initializing ProtocolHandler ["http-nio-7777"]
14:02:02.666 [main] INFO  o.a.c.c.StandardService - [log,173] - Starting service [Tomcat]
14:02:02.666 [main] INFO  o.a.c.c.StandardEngine - [log,173] - Starting Servlet engine: [Apache Tomcat/9.0.70]
14:02:02.762 [main] INFO  o.a.c.c.C.[.[.[/] - [log,173] - Initializing Spring embedded WebApplicationContext
14:02:09.654 [main] INFO  c.a.c.s.b.r.i.i.RocketMQInboundChannelAdapter - [info,292] - started com.alibaba.cloud.stream.binder.rocketmq.integration.inbound.RocketMQInboundChannelAdapter@3de79067
14:02:10.522 [main] INFO  c.a.c.s.b.r.i.i.RocketMQInboundChannelAdapter - [info,292] - started com.alibaba.cloud.stream.binder.rocketmq.integration.inbound.RocketMQInboundChannelAdapter@1693ff90
14:02:10.523 [main] INFO  o.a.c.h.Http11NioProtocol - [log,173] - Starting ProtocolHandler ["http-nio-7777"]
14:02:10.958 [main] INFO  c.t.m.m.ToweloveMonitorMQApplication - [logStarted,61] - Started ToweloveMonitorMQApplication in 10.955 seconds (JVM running for 11.966)
14:02:11.789 [RMI TCP Connection(2)-192.168.0.102] INFO  o.a.c.c.C.[.[.[/] - [log,173] - Initializing Spring DispatcherServlet 'dispatcherServlet'
14:09:22.160 [SpringApplicationShutdownHook] INFO  c.a.c.s.b.r.i.i.RocketMQInboundChannelAdapter - [info,292] - stopped com.alibaba.cloud.stream.binder.rocketmq.integration.inbound.RocketMQInboundChannelAdapter@3de79067
14:09:23.163 [SpringApplicationShutdownHook] INFO  c.a.c.s.b.r.i.i.RocketMQInboundChannelAdapter - [info,292] - stopped com.alibaba.cloud.stream.binder.rocketmq.integration.inbound.RocketMQInboundChannelAdapter@1693ff90
14:09:34.487 [background-preinit] INFO  o.h.v.i.util.Version - [<clinit>,21] - HV000001: Hibernate Validator 6.2.5.Final
14:09:35.222 [main] INFO  c.t.m.m.ToweloveMonitorMQApplication - [logStartupProfileInfo,637] - The following 1 profile is active: "dev"
14:09:36.508 [main] INFO  o.a.c.h.Http11NioProtocol - [log,173] - Initializing ProtocolHandler ["http-nio-7777"]
14:09:36.508 [main] INFO  o.a.c.c.StandardService - [log,173] - Starting service [Tomcat]
14:09:36.509 [main] INFO  o.a.c.c.StandardEngine - [log,173] - Starting Servlet engine: [Apache Tomcat/9.0.70]
14:09:36.619 [main] INFO  o.a.c.c.C.[.[.[/] - [log,173] - Initializing Spring embedded WebApplicationContext
14:09:40.738 [main] INFO  c.a.c.s.b.r.i.i.RocketMQInboundChannelAdapter - [info,292] - started com.alibaba.cloud.stream.binder.rocketmq.integration.inbound.RocketMQInboundChannelAdapter@447521e
14:09:41.650 [main] INFO  c.a.c.s.b.r.i.i.RocketMQInboundChannelAdapter - [info,292] - started com.alibaba.cloud.stream.binder.rocketmq.integration.inbound.RocketMQInboundChannelAdapter@2bf2d6eb
14:09:41.651 [main] INFO  o.a.c.h.Http11NioProtocol - [log,173] - Starting ProtocolHandler ["http-nio-7777"]
14:09:42.131 [main] INFO  c.t.m.m.ToweloveMonitorMQApplication - [logStarted,61] - Started ToweloveMonitorMQApplication in 8.755 seconds (JVM running for 9.869)
14:09:43.019 [RMI TCP Connection(5)-192.168.0.102] INFO  o.a.c.c.C.[.[.[/] - [log,173] - Initializing Spring DispatcherServlet 'dispatcherServlet'
14:10:30.624 [SpringApplicationShutdownHook] INFO  c.a.c.s.b.r.i.i.RocketMQInboundChannelAdapter - [info,292] - stopped com.alibaba.cloud.stream.binder.rocketmq.integration.inbound.RocketMQInboundChannelAdapter@447521e
14:10:30.730 [SpringApplicationShutdownHook] INFO  c.a.c.s.b.r.i.i.RocketMQInboundChannelAdapter - [info,292] - stopped com.alibaba.cloud.stream.binder.rocketmq.integration.inbound.RocketMQInboundChannelAdapter@2bf2d6eb
14:10:39.593 [background-preinit] INFO  o.h.v.i.util.Version - [<clinit>,21] - HV000001: Hibernate Validator 6.2.5.Final
14:10:40.640 [main] INFO  c.t.m.m.ToweloveMonitorMQApplication - [logStartupProfileInfo,637] - The following 1 profile is active: "dev"
14:10:42.293 [main] INFO  o.a.c.h.Http11NioProtocol - [log,173] - Initializing ProtocolHandler ["http-nio-7777"]
14:10:42.294 [main] INFO  o.a.c.c.StandardService - [log,173] - Starting service [Tomcat]
14:10:42.294 [main] INFO  o.a.c.c.StandardEngine - [log,173] - Starting Servlet engine: [Apache Tomcat/9.0.70]
14:10:42.393 [main] INFO  o.a.c.c.C.[.[.[/] - [log,173] - Initializing Spring embedded WebApplicationContext
14:10:46.205 [main] INFO  c.a.c.s.b.r.i.i.RocketMQInboundChannelAdapter - [info,292] - started com.alibaba.cloud.stream.binder.rocketmq.integration.inbound.RocketMQInboundChannelAdapter@54495935
14:10:47.091 [main] INFO  c.a.c.s.b.r.i.i.RocketMQInboundChannelAdapter - [info,292] - started com.alibaba.cloud.stream.binder.rocketmq.integration.inbound.RocketMQInboundChannelAdapter@54ccb3
14:10:47.091 [main] INFO  o.a.c.h.Http11NioProtocol - [log,173] - Starting ProtocolHandler ["http-nio-7777"]
14:10:47.631 [main] INFO  c.t.m.m.ToweloveMonitorMQApplication - [logStarted,61] - Started ToweloveMonitorMQApplication in 8.85 seconds (JVM running for 10.241)
14:10:48.337 [RMI TCP Connection(7)-192.168.0.102] INFO  o.a.c.c.C.[.[.[/] - [log,173] - Initializing Spring DispatcherServlet 'dispatcherServlet'
14:16:36.961 [SpringApplicationShutdownHook] INFO  c.a.c.s.b.r.i.i.RocketMQInboundChannelAdapter - [info,292] - stopped com.alibaba.cloud.stream.binder.rocketmq.integration.inbound.RocketMQInboundChannelAdapter@54495935
14:16:37.957 [SpringApplicationShutdownHook] INFO  c.a.c.s.b.r.i.i.RocketMQInboundChannelAdapter - [info,292] - stopped com.alibaba.cloud.stream.binder.rocketmq.integration.inbound.RocketMQInboundChannelAdapter@54ccb3
14:16:47.814 [background-preinit] INFO  o.h.v.i.util.Version - [<clinit>,21] - HV000001: Hibernate Validator 6.2.5.Final
14:16:48.539 [main] INFO  c.t.m.m.ToweloveMonitorMQApplication - [logStartupProfileInfo,637] - The following 1 profile is active: "dev"
14:16:49.856 [main] INFO  o.a.c.h.Http11NioProtocol - [log,173] - Initializing ProtocolHandler ["http-nio-7777"]
14:16:49.857 [main] INFO  o.a.c.c.StandardService - [log,173] - Starting service [Tomcat]
14:16:49.857 [main] INFO  o.a.c.c.StandardEngine - [log,173] - Starting Servlet engine: [Apache Tomcat/9.0.70]
14:16:49.965 [main] INFO  o.a.c.c.C.[.[.[/] - [log,173] - Initializing Spring embedded WebApplicationContext
14:16:53.825 [main] INFO  c.a.c.s.b.r.i.i.RocketMQInboundChannelAdapter - [info,292] - started com.alibaba.cloud.stream.binder.rocketmq.integration.inbound.RocketMQInboundChannelAdapter@22a4ca4a
14:16:54.768 [main] INFO  c.a.c.s.b.r.i.i.RocketMQInboundChannelAdapter - [info,292] - started com.alibaba.cloud.stream.binder.rocketmq.integration.inbound.RocketMQInboundChannelAdapter@222acad
14:16:54.768 [main] INFO  o.a.c.h.Http11NioProtocol - [log,173] - Starting ProtocolHandler ["http-nio-7777"]
14:16:55.257 [main] INFO  c.t.m.m.ToweloveMonitorMQApplication - [logStarted,61] - Started ToweloveMonitorMQApplication in 8.277 seconds (JVM running for 9.373)
14:16:56.473 [RMI TCP Connection(4)-192.168.0.102] INFO  o.a.c.c.C.[.[.[/] - [log,173] - Initializing Spring DispatcherServlet 'dispatcherServlet'
14:28:31.987 [SpringApplicationShutdownHook] INFO  c.a.c.s.b.r.i.i.RocketMQInboundChannelAdapter - [info,292] - stopped com.alibaba.cloud.stream.binder.rocketmq.integration.inbound.RocketMQInboundChannelAdapter@22a4ca4a
14:28:33.035 [SpringApplicationShutdownHook] INFO  c.a.c.s.b.r.i.i.RocketMQInboundChannelAdapter - [info,292] - stopped com.alibaba.cloud.stream.binder.rocketmq.integration.inbound.RocketMQInboundChannelAdapter@222acad
14:28:44.887 [background-preinit] INFO  o.h.v.i.util.Version - [<clinit>,21] - HV000001: Hibernate Validator 6.2.5.Final
14:28:45.912 [main] INFO  c.t.m.m.ToweloveMonitorMQApplication - [logStartupProfileInfo,637] - The following 1 profile is active: "dev"
14:28:47.954 [main] INFO  o.a.c.h.Http11NioProtocol - [log,173] - Initializing ProtocolHandler ["http-nio-7777"]
14:28:47.954 [main] INFO  o.a.c.c.StandardService - [log,173] - Starting service [Tomcat]
14:28:47.955 [main] INFO  o.a.c.c.StandardEngine - [log,173] - Starting Servlet engine: [Apache Tomcat/9.0.70]
14:28:48.059 [main] INFO  o.a.c.c.C.[.[.[/] - [log,173] - Initializing Spring embedded WebApplicationContext
14:28:52.621 [main] INFO  c.a.c.s.b.r.i.i.RocketMQInboundChannelAdapter - [info,292] - started com.alibaba.cloud.stream.binder.rocketmq.integration.inbound.RocketMQInboundChannelAdapter@20cff21e
14:28:53.619 [main] INFO  c.a.c.s.b.r.i.i.RocketMQInboundChannelAdapter - [info,292] - started com.alibaba.cloud.stream.binder.rocketmq.integration.inbound.RocketMQInboundChannelAdapter@4faf1f4
14:28:53.619 [main] INFO  o.a.c.h.Http11NioProtocol - [log,173] - Starting ProtocolHandler ["http-nio-7777"]
14:28:54.125 [main] INFO  c.t.m.m.ToweloveMonitorMQApplication - [logStarted,61] - Started ToweloveMonitorMQApplication in 10.153 seconds (JVM running for 11.314)
14:28:54.646 [RMI TCP Connection(3)-192.168.0.102] INFO  o.a.c.c.C.[.[.[/] - [log,173] - Initializing Spring DispatcherServlet 'dispatcherServlet'
14:34:29.827 [SpringApplicationShutdownHook] INFO  c.a.c.s.b.r.i.i.RocketMQInboundChannelAdapter - [info,292] - stopped com.alibaba.cloud.stream.binder.rocketmq.integration.inbound.RocketMQInboundChannelAdapter@20cff21e
14:34:29.934 [SpringApplicationShutdownHook] INFO  c.a.c.s.b.r.i.i.RocketMQInboundChannelAdapter - [info,292] - stopped com.alibaba.cloud.stream.binder.rocketmq.integration.inbound.RocketMQInboundChannelAdapter@4faf1f4
14:34:37.549 [background-preinit] INFO  o.h.v.i.util.Version - [<clinit>,21] - HV000001: Hibernate Validator 6.2.5.Final
14:34:38.772 [main] INFO  c.t.m.m.ToweloveMonitorMQApplication - [logStartupProfileInfo,637] - The following 1 profile is active: "dev"
14:34:41.039 [main] INFO  o.a.c.h.Http11NioProtocol - [log,173] - Initializing ProtocolHandler ["http-nio-7777"]
14:34:41.041 [main] INFO  o.a.c.c.StandardService - [log,173] - Starting service [Tomcat]
14:34:41.041 [main] INFO  o.a.c.c.StandardEngine - [log,173] - Starting Servlet engine: [Apache Tomcat/9.0.70]
14:34:41.162 [main] INFO  o.a.c.c.C.[.[.[/] - [log,173] - Initializing Spring embedded WebApplicationContext
14:34:46.910 [main] INFO  c.a.c.s.b.r.i.i.RocketMQInboundChannelAdapter - [info,292] - started com.alibaba.cloud.stream.binder.rocketmq.integration.inbound.RocketMQInboundChannelAdapter@20cff21e
14:34:47.913 [main] INFO  c.a.c.s.b.r.i.i.RocketMQInboundChannelAdapter - [info,292] - started com.alibaba.cloud.stream.binder.rocketmq.integration.inbound.RocketMQInboundChannelAdapter@4b3a01d8
14:34:47.913 [main] INFO  o.a.c.h.Http11NioProtocol - [log,173] - Starting ProtocolHandler ["http-nio-7777"]
14:34:48.413 [main] INFO  c.t.m.m.ToweloveMonitorMQApplication - [logStarted,61] - Started ToweloveMonitorMQApplication in 12.015 seconds (JVM running for 13.308)
14:34:49.396 [RMI TCP Connection(8)-192.168.0.102] INFO  o.a.c.c.C.[.[.[/] - [log,173] - Initializing Spring DispatcherServlet 'dispatcherServlet'
14:52:00.362 [SpringApplicationShutdownHook] INFO  c.a.c.s.b.r.i.i.RocketMQInboundChannelAdapter - [info,292] - stopped com.alibaba.cloud.stream.binder.rocketmq.integration.inbound.RocketMQInboundChannelAdapter@20cff21e
14:52:00.434 [SpringApplicationShutdownHook] INFO  c.a.c.s.b.r.i.i.RocketMQInboundChannelAdapter - [info,292] - stopped com.alibaba.cloud.stream.binder.rocketmq.integration.inbound.RocketMQInboundChannelAdapter@4b3a01d8
14:52:08.279 [background-preinit] INFO  o.h.v.i.util.Version - [<clinit>,21] - HV000001: Hibernate Validator 6.2.5.Final
14:52:09.006 [main] INFO  c.a.n.c.r.client - [lambda$createClient$0,80] - [RpcClientFactory] create a new rpc client of 230f4ffb-2db6-4651-8c65-eec813f5ebb3_config-0
14:52:09.056 [main] INFO  o.r.Reflections - [scan,232] - Reflections took 25 ms to scan 1 urls, producing 3 keys and 6 values 
14:52:09.089 [main] INFO  o.r.Reflections - [scan,232] - Reflections took 11 ms to scan 1 urls, producing 4 keys and 9 values 
14:52:09.104 [main] INFO  o.r.Reflections - [scan,232] - Reflections took 13 ms to scan 1 urls, producing 3 keys and 10 values 
14:52:09.229 [main] INFO  o.r.Reflections - [scan,232] - Reflections took 121 ms to scan 220 urls, producing 0 keys and 0 values 
14:52:09.238 [main] INFO  o.r.Reflections - [scan,232] - Reflections took 9 ms to scan 1 urls, producing 1 keys and 5 values 
14:52:09.253 [main] INFO  o.r.Reflections - [scan,232] - Reflections took 12 ms to scan 1 urls, producing 1 keys and 7 values 
14:52:09.263 [main] INFO  o.r.Reflections - [scan,232] - Reflections took 7 ms to scan 1 urls, producing 2 keys and 8 values 
14:52:09.363 [main] INFO  o.r.Reflections - [scan,232] - Reflections took 98 ms to scan 220 urls, producing 0 keys and 0 values 
14:52:09.365 [main] INFO  c.a.n.c.r.client - [printIfInfoEnabled,60] - [230f4ffb-2db6-4651-8c65-eec813f5ebb3_config-0] RpcClient init label, labels = {module=config, Vipserver-Tag=null, source=sdk, Amory-Tag=null, Location-Tag=null, taskId=0, AppName=unknown}
14:52:09.365 [main] INFO  c.a.n.c.r.client - [printIfInfoEnabled,60] - [230f4ffb-2db6-4651-8c65-eec813f5ebb3_config-0] Register server push request handler:com.alibaba.nacos.client.config.impl.ClientWorker$ConfigRpcTransportClient$$Lambda$340/1674403916
14:52:09.366 [main] INFO  c.a.n.c.r.client - [printIfInfoEnabled,60] - [230f4ffb-2db6-4651-8c65-eec813f5ebb3_config-0] Register server push request handler:com.alibaba.nacos.client.config.impl.ClientWorker$ConfigRpcTransportClient$$Lambda$341/1088239991
14:52:09.367 [main] INFO  c.a.n.c.r.client - [printIfInfoEnabled,60] - [230f4ffb-2db6-4651-8c65-eec813f5ebb3_config-0] Registry connection listener to current client:com.alibaba.nacos.client.config.impl.ClientWorker$ConfigRpcTransportClient$1
14:52:09.367 [main] INFO  c.a.n.c.r.client - [printIfInfoEnabled,60] - [230f4ffb-2db6-4651-8c65-eec813f5ebb3_config-0] RpcClient init, ServerListFactory = com.alibaba.nacos.client.config.impl.ClientWorker$ConfigRpcTransportClient$2
14:52:09.374 [main] INFO  c.a.n.c.r.client - [printIfInfoEnabled,60] - [230f4ffb-2db6-4651-8c65-eec813f5ebb3_config-0] Try to connect to server on start up, server: {serverIp = '123.249.97.220', server main port = 8848}
14:52:10.863 [main] INFO  c.a.n.c.r.client - [printIfInfoEnabled,60] - [230f4ffb-2db6-4651-8c65-eec813f5ebb3_config-0] Success to connect to server [123.249.97.220:8848] on start up, connectionId = 1678258331156_116.2.246.63_55886
14:52:10.864 [com.alibaba.nacos.client.remote.worker] INFO  c.a.n.c.r.client - [printIfInfoEnabled,60] - [230f4ffb-2db6-4651-8c65-eec813f5ebb3_config-0] Notify connected event to listeners.
14:52:10.864 [main] INFO  c.a.n.c.r.client - [printIfInfoEnabled,60] - [230f4ffb-2db6-4651-8c65-eec813f5ebb3_config-0] Register server push request handler:com.alibaba.nacos.common.remote.client.RpcClient$ConnectResetRequestHandler
14:52:10.865 [main] INFO  c.a.n.c.r.client - [printIfInfoEnabled,60] - [230f4ffb-2db6-4651-8c65-eec813f5ebb3_config-0] Register server push request handler:com.alibaba.nacos.common.remote.client.RpcClient$$Lambda$350/1738561265
14:52:11.014 [main] INFO  c.t.m.m.ToweloveMonitorMQApplication - [logStartupProfileInfo,637] - The following 1 profile is active: "dev"
14:52:12.229 [main] INFO  o.a.c.h.Http11NioProtocol - [log,173] - Initializing ProtocolHandler ["http-nio-7777"]
14:52:12.229 [main] INFO  o.a.c.c.StandardService - [log,173] - Starting service [Tomcat]
14:52:12.230 [main] INFO  o.a.c.c.StandardEngine - [log,173] - Starting Servlet engine: [Apache Tomcat/9.0.70]
14:52:12.354 [main] INFO  o.a.c.c.C.[.[.[/] - [log,173] - Initializing Spring embedded WebApplicationContext
14:52:14.265 [main] INFO  c.a.n.c.r.client - [lambda$createClient$0,80] - [RpcClientFactory] create a new rpc client of 0cd6a576-b323-400b-9a0e-cbece72dde55
14:52:14.265 [main] INFO  c.a.n.c.r.client - [printIfInfoEnabled,60] - [0cd6a576-b323-400b-9a0e-cbece72dde55] RpcClient init label, labels = {module=naming, source=sdk}
14:52:14.266 [main] INFO  c.a.n.c.r.client - [printIfInfoEnabled,60] - [0cd6a576-b323-400b-9a0e-cbece72dde55] RpcClient init, ServerListFactory = com.alibaba.nacos.client.naming.core.ServerListManager
14:52:14.266 [main] INFO  c.a.n.c.r.client - [printIfInfoEnabled,60] - [0cd6a576-b323-400b-9a0e-cbece72dde55] Registry connection listener to current client:com.alibaba.nacos.client.naming.remote.gprc.redo.NamingGrpcRedoService
14:52:14.267 [main] INFO  c.a.n.c.r.client - [printIfInfoEnabled,60] - [0cd6a576-b323-400b-9a0e-cbece72dde55] Register server push request handler:com.alibaba.nacos.client.naming.remote.gprc.NamingPushRequestHandler
14:52:14.267 [main] INFO  c.a.n.c.r.client - [printIfInfoEnabled,60] - [0cd6a576-b323-400b-9a0e-cbece72dde55] Try to connect to server on start up, server: {serverIp = '123.249.97.220', server main port = 8848}
14:52:14.484 [main] INFO  c.a.n.c.r.client - [printIfInfoEnabled,60] - [0cd6a576-b323-400b-9a0e-cbece72dde55] Success to connect to server [123.249.97.220:8848] on start up, connectionId = 1678258334831_116.2.246.63_55890
14:52:14.484 [main] INFO  c.a.n.c.r.client - [printIfInfoEnabled,60] - [0cd6a576-b323-400b-9a0e-cbece72dde55] Register server push request handler:com.alibaba.nacos.common.remote.client.RpcClient$ConnectResetRequestHandler
14:52:14.484 [com.alibaba.nacos.client.remote.worker] INFO  c.a.n.c.r.client - [printIfInfoEnabled,60] - [0cd6a576-b323-400b-9a0e-cbece72dde55] Notify connected event to listeners.
14:52:14.484 [main] INFO  c.a.n.c.r.client - [printIfInfoEnabled,60] - [0cd6a576-b323-400b-9a0e-cbece72dde55] Register server push request handler:com.alibaba.nacos.common.remote.client.RpcClient$$Lambda$350/1738561265
14:52:15.109 [nacos-grpc-client-executor-4] INFO  c.a.n.c.r.client - [printIfInfoEnabled,60] - [0cd6a576-b323-400b-9a0e-cbece72dde55] Receive server push request, request = NotifySubscriberRequest, requestId = 414
14:52:15.111 [nacos-grpc-client-executor-4] INFO  c.a.n.c.r.client - [printIfInfoEnabled,60] - [0cd6a576-b323-400b-9a0e-cbece72dde55] Ack server push request, request = NotifySubscriberRequest, requestId = 414
14:52:16.907 [main] INFO  c.a.c.s.b.r.i.i.RocketMQInboundChannelAdapter - [info,292] - started com.alibaba.cloud.stream.binder.rocketmq.integration.inbound.RocketMQInboundChannelAdapter@704c3bdf
14:52:17.755 [main] INFO  c.a.c.s.b.r.i.i.RocketMQInboundChannelAdapter - [info,292] - started com.alibaba.cloud.stream.binder.rocketmq.integration.inbound.RocketMQInboundChannelAdapter@503a7990
14:52:17.756 [main] INFO  o.a.c.h.Http11NioProtocol - [log,173] - Starting ProtocolHandler ["http-nio-7777"]
14:52:17.809 [main] INFO  c.a.c.n.r.NacosServiceRegistry - [register,75] - nacos registry, DEFAULT_GROUP towelove-monitor-mq 192.168.146.1:7777 register finished
14:52:18.224 [main] INFO  c.t.m.m.ToweloveMonitorMQApplication - [logStarted,61] - Started ToweloveMonitorMQApplication in 10.748 seconds (JVM running for 11.756)
14:52:18.234 [main] INFO  c.a.c.n.r.NacosContextRefresher - [registerNacosListener,129] - [Nacos Config] Listening config: dataId=towelove-monitor-mq.yaml, group=DEFAULT_GROUP
14:52:18.235 [main] INFO  c.a.c.n.r.NacosContextRefresher - [registerNacosListener,129] - [Nacos Config] Listening config: dataId=towelove-monitor-mq-dev.yaml, group=DEFAULT_GROUP
14:52:18.235 [main] INFO  c.a.c.n.r.NacosContextRefresher - [registerNacosListener,129] - [Nacos Config] Listening config: dataId=towelove-monitor-mq, group=DEFAULT_GROUP
14:52:18.401 [nacos-grpc-client-executor-8] INFO  c.a.n.c.r.client - [printIfInfoEnabled,60] - [0cd6a576-b323-400b-9a0e-cbece72dde55] Receive server push request, request = NotifySubscriberRequest, requestId = 415
14:52:18.410 [nacos-grpc-client-executor-8] INFO  c.a.n.c.r.client - [printIfInfoEnabled,60] - [0cd6a576-b323-400b-9a0e-cbece72dde55] Ack server push request, request = NotifySubscriberRequest, requestId = 415
14:52:18.478 [RMI TCP Connection(3)-192.168.0.102] INFO  o.a.c.c.C.[.[.[/] - [log,173] - Initializing Spring DispatcherServlet 'dispatcherServlet'
15:10:29.457 [SpringApplicationShutdownHook] INFO  c.a.c.s.b.r.i.i.RocketMQInboundChannelAdapter - [info,292] - stopped com.alibaba.cloud.stream.binder.rocketmq.integration.inbound.RocketMQInboundChannelAdapter@704c3bdf
15:10:30.415 [SpringApplicationShutdownHook] INFO  c.a.c.s.b.r.i.i.RocketMQInboundChannelAdapter - [info,292] - stopped com.alibaba.cloud.stream.binder.rocketmq.integration.inbound.RocketMQInboundChannelAdapter@503a7990
15:10:30.466 [SpringApplicationShutdownHook] INFO  c.a.c.n.r.NacosServiceRegistry - [deregister,94] - De-registering from Nacos Server now...
15:10:30.504 [SpringApplicationShutdownHook] INFO  c.a.c.n.r.NacosServiceRegistry - [deregister,114] - De-registration finished.
15:10:30.836 [SpringApplicationShutdownHook] INFO  c.a.n.c.r.client - [shutdown,454] - Shutdown rpc client, set status to shutdown
15:10:30.836 [SpringApplicationShutdownHook] INFO  c.a.n.c.r.client - [shutdown,456] - Shutdown client event executor java.util.concurrent.ScheduledThreadPoolExecutor@5ba255[Running, pool size = 2, active threads = 2, queued tasks = 0, completed tasks = 0]
15:10:30.837 [SpringApplicationShutdownHook] INFO  c.a.n.c.r.client - [closeConnection,591] - Close current connection 1678258334831_116.2.246.63_55890
15:10:30.842 [SpringApplicationShutdownHook] INFO  c.a.n.c.r.c.g.GrpcClient - [shutdown,85] - Shutdown grpc executor java.util.concurrent.ThreadPoolExecutor@715c07ab[Running, pool size = 4, active threads = 0, queued tasks = 0, completed tasks = 229]
15:10:44.149 [background-preinit] INFO  o.h.v.i.util.Version - [<clinit>,21] - HV000001: Hibernate Validator 6.2.5.Final
15:10:44.911 [main] INFO  c.a.n.c.r.client - [lambda$createClient$0,80] - [RpcClientFactory] create a new rpc client of de1570d7-1bda-4b1f-b46f-b1af2d974002_config-0
15:10:44.961 [main] INFO  o.r.Reflections - [scan,232] - Reflections took 27 ms to scan 1 urls, producing 3 keys and 6 values 
15:10:44.991 [main] INFO  o.r.Reflections - [scan,232] - Reflections took 11 ms to scan 1 urls, producing 4 keys and 9 values 
15:10:45.006 [main] INFO  o.r.Reflections - [scan,232] - Reflections took 12 ms to scan 1 urls, producing 3 keys and 10 values 
15:10:45.133 [main] INFO  o.r.Reflections - [scan,232] - Reflections took 124 ms to scan 220 urls, producing 0 keys and 0 values 
15:10:45.143 [main] INFO  o.r.Reflections - [scan,232] - Reflections took 10 ms to scan 1 urls, producing 1 keys and 5 values 
15:10:45.158 [main] INFO  o.r.Reflections - [scan,232] - Reflections took 12 ms to scan 1 urls, producing 1 keys and 7 values 
15:10:45.167 [main] INFO  o.r.Reflections - [scan,232] - Reflections took 7 ms to scan 1 urls, producing 2 keys and 8 values 
15:10:45.265 [main] INFO  o.r.Reflections - [scan,232] - Reflections took 96 ms to scan 220 urls, producing 0 keys and 0 values 
15:10:45.267 [main] INFO  c.a.n.c.r.client - [printIfInfoEnabled,60] - [de1570d7-1bda-4b1f-b46f-b1af2d974002_config-0] RpcClient init label, labels = {module=config, Vipserver-Tag=null, source=sdk, Amory-Tag=null, Location-Tag=null, taskId=0, AppName=unknown}
15:10:45.267 [main] INFO  c.a.n.c.r.client - [printIfInfoEnabled,60] - [de1570d7-1bda-4b1f-b46f-b1af2d974002_config-0] Register server push request handler:com.alibaba.nacos.client.config.impl.ClientWorker$ConfigRpcTransportClient$$Lambda$340/1674403916
15:10:45.268 [main] INFO  c.a.n.c.r.client - [printIfInfoEnabled,60] - [de1570d7-1bda-4b1f-b46f-b1af2d974002_config-0] Register server push request handler:com.alibaba.nacos.client.config.impl.ClientWorker$ConfigRpcTransportClient$$Lambda$341/1088239991
15:10:45.268 [main] INFO  c.a.n.c.r.client - [printIfInfoEnabled,60] - [de1570d7-1bda-4b1f-b46f-b1af2d974002_config-0] Registry connection listener to current client:com.alibaba.nacos.client.config.impl.ClientWorker$ConfigRpcTransportClient$1
15:10:45.268 [main] INFO  c.a.n.c.r.client - [printIfInfoEnabled,60] - [de1570d7-1bda-4b1f-b46f-b1af2d974002_config-0] RpcClient init, ServerListFactory = com.alibaba.nacos.client.config.impl.ClientWorker$ConfigRpcTransportClient$2
15:10:45.275 [main] INFO  c.a.n.c.r.client - [printIfInfoEnabled,60] - [de1570d7-1bda-4b1f-b46f-b1af2d974002_config-0] Try to connect to server on start up, server: {serverIp = '123.249.97.220', server main port = 8848}
15:10:46.750 [main] INFO  c.a.n.c.r.client - [printIfInfoEnabled,60] - [de1570d7-1bda-4b1f-b46f-b1af2d974002_config-0] Success to connect to server [123.249.97.220:8848] on start up, connectionId = 1678259447005_116.2.246.63_50062
15:10:46.751 [com.alibaba.nacos.client.remote.worker] INFO  c.a.n.c.r.client - [printIfInfoEnabled,60] - [de1570d7-1bda-4b1f-b46f-b1af2d974002_config-0] Notify connected event to listeners.
15:10:46.751 [main] INFO  c.a.n.c.r.client - [printIfInfoEnabled,60] - [de1570d7-1bda-4b1f-b46f-b1af2d974002_config-0] Register server push request handler:com.alibaba.nacos.common.remote.client.RpcClient$ConnectResetRequestHandler
15:10:46.752 [main] INFO  c.a.n.c.r.client - [printIfInfoEnabled,60] - [de1570d7-1bda-4b1f-b46f-b1af2d974002_config-0] Register server push request handler:com.alibaba.nacos.common.remote.client.RpcClient$$Lambda$350/1738561265
15:10:46.899 [main] INFO  c.t.m.m.ToweloveMonitorMQApplication - [logStartupProfileInfo,637] - The following 1 profile is active: "dev"
15:10:48.108 [main] INFO  o.a.c.h.Http11NioProtocol - [log,173] - Initializing ProtocolHandler ["http-nio-7777"]
15:10:48.108 [main] INFO  o.a.c.c.StandardService - [log,173] - Starting service [Tomcat]
15:10:48.108 [main] INFO  o.a.c.c.StandardEngine - [log,173] - Starting Servlet engine: [Apache Tomcat/9.0.70]
15:10:48.209 [main] INFO  o.a.c.c.C.[.[.[/] - [log,173] - Initializing Spring embedded WebApplicationContext
15:10:50.067 [main] INFO  c.a.n.c.r.client - [lambda$createClient$0,80] - [RpcClientFactory] create a new rpc client of cc6c619b-d6d4-4b8b-8002-bc2648a2e125
15:10:50.067 [main] INFO  c.a.n.c.r.client - [printIfInfoEnabled,60] - [cc6c619b-d6d4-4b8b-8002-bc2648a2e125] RpcClient init label, labels = {module=naming, source=sdk}
15:10:50.069 [main] INFO  c.a.n.c.r.client - [printIfInfoEnabled,60] - [cc6c619b-d6d4-4b8b-8002-bc2648a2e125] RpcClient init, ServerListFactory = com.alibaba.nacos.client.naming.core.ServerListManager
15:10:50.069 [main] INFO  c.a.n.c.r.client - [printIfInfoEnabled,60] - [cc6c619b-d6d4-4b8b-8002-bc2648a2e125] Registry connection listener to current client:com.alibaba.nacos.client.naming.remote.gprc.redo.NamingGrpcRedoService
15:10:50.070 [main] INFO  c.a.n.c.r.client - [printIfInfoEnabled,60] - [cc6c619b-d6d4-4b8b-8002-bc2648a2e125] Register server push request handler:com.alibaba.nacos.client.naming.remote.gprc.NamingPushRequestHandler
15:10:50.070 [main] INFO  c.a.n.c.r.client - [printIfInfoEnabled,60] - [cc6c619b-d6d4-4b8b-8002-bc2648a2e125] Try to connect to server on start up, server: {serverIp = '123.249.97.220', server main port = 8848}
15:10:50.284 [main] INFO  c.a.n.c.r.client - [printIfInfoEnabled,60] - [cc6c619b-d6d4-4b8b-8002-bc2648a2e125] Success to connect to server [123.249.97.220:8848] on start up, connectionId = 1678259450590_116.2.246.63_50066
15:10:50.284 [main] INFO  c.a.n.c.r.client - [printIfInfoEnabled,60] - [cc6c619b-d6d4-4b8b-8002-bc2648a2e125] Register server push request handler:com.alibaba.nacos.common.remote.client.RpcClient$ConnectResetRequestHandler
15:10:50.284 [com.alibaba.nacos.client.remote.worker] INFO  c.a.n.c.r.client - [printIfInfoEnabled,60] - [cc6c619b-d6d4-4b8b-8002-bc2648a2e125] Notify connected event to listeners.
15:10:50.285 [main] INFO  c.a.n.c.r.client - [printIfInfoEnabled,60] - [cc6c619b-d6d4-4b8b-8002-bc2648a2e125] Register server push request handler:com.alibaba.nacos.common.remote.client.RpcClient$$Lambda$350/1738561265
15:10:50.913 [nacos-grpc-client-executor-5] INFO  c.a.n.c.r.client - [printIfInfoEnabled,60] - [cc6c619b-d6d4-4b8b-8002-bc2648a2e125] Receive server push request, request = NotifySubscriberRequest, requestId = 446
15:10:50.919 [nacos-grpc-client-executor-5] INFO  c.a.n.c.r.client - [printIfInfoEnabled,60] - [cc6c619b-d6d4-4b8b-8002-bc2648a2e125] Ack server push request, request = NotifySubscriberRequest, requestId = 446
15:10:53.341 [main] INFO  c.a.c.s.b.r.i.i.RocketMQInboundChannelAdapter - [info,292] - started com.alibaba.cloud.stream.binder.rocketmq.integration.inbound.RocketMQInboundChannelAdapter@c82d925
15:10:55.232 [main] INFO  c.a.c.s.b.r.i.i.RocketMQInboundChannelAdapter - [info,292] - started com.alibaba.cloud.stream.binder.rocketmq.integration.inbound.RocketMQInboundChannelAdapter@69d2fb0a
15:10:55.233 [main] INFO  o.a.c.h.Http11NioProtocol - [log,173] - Starting ProtocolHandler ["http-nio-7777"]
15:10:55.304 [main] INFO  c.a.c.n.r.NacosServiceRegistry - [register,75] - nacos registry, DEFAULT_GROUP towelove-monitor-mq 192.168.146.1:7777 register finished
15:10:55.812 [nacos-grpc-client-executor-10] INFO  c.a.n.c.r.client - [printIfInfoEnabled,60] - [cc6c619b-d6d4-4b8b-8002-bc2648a2e125] Receive server push request, request = NotifySubscriberRequest, requestId = 447
15:10:55.829 [nacos-grpc-client-executor-10] INFO  c.a.n.c.r.client - [printIfInfoEnabled,60] - [cc6c619b-d6d4-4b8b-8002-bc2648a2e125] Ack server push request, request = NotifySubscriberRequest, requestId = 447
15:10:56.248 [main] INFO  c.t.m.m.ToweloveMonitorMQApplication - [logStarted,61] - Started ToweloveMonitorMQApplication in 13.048 seconds (JVM running for 14.293)
15:10:56.261 [main] INFO  c.a.c.n.r.NacosContextRefresher - [registerNacosListener,129] - [Nacos Config] Listening config: dataId=towelove-monitor-mq.yaml, group=DEFAULT_GROUP
15:10:56.262 [main] INFO  c.a.c.n.r.NacosContextRefresher - [registerNacosListener,129] - [Nacos Config] Listening config: dataId=towelove-monitor-mq-dev.yaml, group=DEFAULT_GROUP
15:10:56.263 [main] INFO  c.a.c.n.r.NacosContextRefresher - [registerNacosListener,129] - [Nacos Config] Listening config: dataId=towelove-monitor-mq, group=DEFAULT_GROUP
15:10:57.139 [RMI TCP Connection(6)-192.168.0.102] INFO  o.a.c.c.C.[.[.[/] - [log,173] - Initializing Spring DispatcherServlet 'dispatcherServlet'
15:42:09.126 [SpringApplicationShutdownHook] INFO  c.a.c.s.b.r.i.i.RocketMQInboundChannelAdapter - [info,292] - stopped com.alibaba.cloud.stream.binder.rocketmq.integration.inbound.RocketMQInboundChannelAdapter@c82d925
15:42:09.248 [SpringApplicationShutdownHook] INFO  c.a.c.s.b.r.i.i.RocketMQInboundChannelAdapter - [info,292] - stopped com.alibaba.cloud.stream.binder.rocketmq.integration.inbound.RocketMQInboundChannelAdapter@69d2fb0a
15:42:09.295 [SpringApplicationShutdownHook] INFO  c.a.c.n.r.NacosServiceRegistry - [deregister,94] - De-registering from Nacos Server now...
15:42:09.327 [SpringApplicationShutdownHook] INFO  c.a.c.n.r.NacosServiceRegistry - [deregister,114] - De-registration finished.
15:42:09.659 [SpringApplicationShutdownHook] INFO  c.a.n.c.r.client - [shutdown,454] - Shutdown rpc client, set status to shutdown
15:42:09.659 [SpringApplicationShutdownHook] INFO  c.a.n.c.r.client - [shutdown,456] - Shutdown client event executor java.util.concurrent.ScheduledThreadPoolExecutor@627deae4[Running, pool size = 2, active threads = 2, queued tasks = 0, completed tasks = 0]
15:42:09.659 [SpringApplicationShutdownHook] INFO  c.a.n.c.r.client - [closeConnection,591] - Close current connection 1678259450590_116.2.246.63_50066
15:42:09.665 [SpringApplicationShutdownHook] INFO  c.a.n.c.r.c.g.GrpcClient - [shutdown,85] - Shutdown grpc executor java.util.concurrent.ThreadPoolExecutor@7ddab5e6[Running, pool size = 5, active threads = 0, queued tasks = 0, completed tasks = 390]
15:42:23.733 [background-preinit] INFO  o.h.v.i.util.Version - [<clinit>,21] - HV000001: Hibernate Validator 6.2.5.Final
15:42:25.332 [main] INFO  c.a.n.c.r.client - [lambda$createClient$0,80] - [RpcClientFactory] create a new rpc client of 78a7cb17-65bc-4a87-bee0-d11929f19eb0_config-0
15:42:25.440 [main] INFO  o.r.Reflections - [scan,232] - Reflections took 69 ms to scan 1 urls, producing 3 keys and 6 values 
15:42:25.492 [main] INFO  o.r.Reflections - [scan,232] - Reflections took 18 ms to scan 1 urls, producing 4 keys and 9 values 
15:42:25.510 [main] INFO  o.r.Reflections - [scan,232] - Reflections took 14 ms to scan 1 urls, producing 3 keys and 10 values 
15:42:25.732 [main] INFO  o.r.Reflections - [scan,232] - Reflections took 218 ms to scan 220 urls, producing 0 keys and 0 values 
15:42:25.742 [main] INFO  o.r.Reflections - [scan,232] - Reflections took 8 ms to scan 1 urls, producing 1 keys and 5 values 
15:42:25.760 [main] INFO  o.r.Reflections - [scan,232] - Reflections took 14 ms to scan 1 urls, producing 1 keys and 7 values 
15:42:25.772 [main] INFO  o.r.Reflections - [scan,232] - Reflections took 9 ms to scan 1 urls, producing 2 keys and 8 values 
15:42:25.943 [main] INFO  o.r.Reflections - [scan,232] - Reflections took 167 ms to scan 220 urls, producing 0 keys and 0 values 
15:42:25.944 [main] INFO  c.a.n.c.r.client - [printIfInfoEnabled,60] - [78a7cb17-65bc-4a87-bee0-d11929f19eb0_config-0] RpcClient init label, labels = {module=config, Vipserver-Tag=null, source=sdk, Amory-Tag=null, Location-Tag=null, taskId=0, AppName=unknown}
15:42:25.945 [main] INFO  c.a.n.c.r.client - [printIfInfoEnabled,60] - [78a7cb17-65bc-4a87-bee0-d11929f19eb0_config-0] Register server push request handler:com.alibaba.nacos.client.config.impl.ClientWorker$ConfigRpcTransportClient$$Lambda$340/798278875
15:42:25.946 [main] INFO  c.a.n.c.r.client - [printIfInfoEnabled,60] - [78a7cb17-65bc-4a87-bee0-d11929f19eb0_config-0] Register server push request handler:com.alibaba.nacos.client.config.impl.ClientWorker$ConfigRpcTransportClient$$Lambda$341/1497268815
15:42:25.946 [main] INFO  c.a.n.c.r.client - [printIfInfoEnabled,60] - [78a7cb17-65bc-4a87-bee0-d11929f19eb0_config-0] Registry connection listener to current client:com.alibaba.nacos.client.config.impl.ClientWorker$ConfigRpcTransportClient$1
15:42:25.947 [main] INFO  c.a.n.c.r.client - [printIfInfoEnabled,60] - [78a7cb17-65bc-4a87-bee0-d11929f19eb0_config-0] RpcClient init, ServerListFactory = com.alibaba.nacos.client.config.impl.ClientWorker$ConfigRpcTransportClient$2
15:42:25.960 [main] INFO  c.a.n.c.r.client - [printIfInfoEnabled,60] - [78a7cb17-65bc-4a87-bee0-d11929f19eb0_config-0] Try to connect to server on start up, server: {serverIp = '123.249.97.220', server main port = 8848}
15:42:28.419 [main] INFO  c.a.n.c.r.client - [printIfInfoEnabled,60] - [78a7cb17-65bc-4a87-bee0-d11929f19eb0_config-0] Success to connect to server [123.249.97.220:8848] on start up, connectionId = 1678261348477_116.2.246.63_54310
15:42:28.420 [com.alibaba.nacos.client.remote.worker] INFO  c.a.n.c.r.client - [printIfInfoEnabled,60] - [78a7cb17-65bc-4a87-bee0-d11929f19eb0_config-0] Notify connected event to listeners.
15:42:28.421 [main] INFO  c.a.n.c.r.client - [printIfInfoEnabled,60] - [78a7cb17-65bc-4a87-bee0-d11929f19eb0_config-0] Register server push request handler:com.alibaba.nacos.common.remote.client.RpcClient$ConnectResetRequestHandler
15:42:28.421 [main] INFO  c.a.n.c.r.client - [printIfInfoEnabled,60] - [78a7cb17-65bc-4a87-bee0-d11929f19eb0_config-0] Register server push request handler:com.alibaba.nacos.common.remote.client.RpcClient$$Lambda$350/1186989416
15:42:28.583 [main] INFO  c.t.m.m.ToweloveMonitorMQApplication - [logStartupProfileInfo,637] - The following 1 profile is active: "dev"
15:42:30.420 [main] INFO  o.a.c.h.Http11NioProtocol - [log,173] - Initializing ProtocolHandler ["http-nio-7777"]
15:42:30.420 [main] INFO  o.a.c.c.StandardService - [log,173] - Starting service [Tomcat]
15:42:30.420 [main] INFO  o.a.c.c.StandardEngine - [log,173] - Starting Servlet engine: [Apache Tomcat/9.0.70]
15:42:30.544 [main] INFO  o.a.c.c.C.[.[.[/] - [log,173] - Initializing Spring embedded WebApplicationContext
15:42:33.280 [main] INFO  c.a.n.c.r.client - [lambda$createClient$0,80] - [RpcClientFactory] create a new rpc client of 48dd385d-79c4-45d5-b90d-eaa9bcecdad1
15:42:33.280 [main] INFO  c.a.n.c.r.client - [printIfInfoEnabled,60] - [48dd385d-79c4-45d5-b90d-eaa9bcecdad1] RpcClient init label, labels = {module=naming, source=sdk}
15:42:33.282 [main] INFO  c.a.n.c.r.client - [printIfInfoEnabled,60] - [48dd385d-79c4-45d5-b90d-eaa9bcecdad1] RpcClient init, ServerListFactory = com.alibaba.nacos.client.naming.core.ServerListManager
15:42:33.282 [main] INFO  c.a.n.c.r.client - [printIfInfoEnabled,60] - [48dd385d-79c4-45d5-b90d-eaa9bcecdad1] Registry connection listener to current client:com.alibaba.nacos.client.naming.remote.gprc.redo.NamingGrpcRedoService
15:42:33.282 [main] INFO  c.a.n.c.r.client - [printIfInfoEnabled,60] - [48dd385d-79c4-45d5-b90d-eaa9bcecdad1] Register server push request handler:com.alibaba.nacos.client.naming.remote.gprc.NamingPushRequestHandler
15:42:33.283 [main] INFO  c.a.n.c.r.client - [printIfInfoEnabled,60] - [48dd385d-79c4-45d5-b90d-eaa9bcecdad1] Try to connect to server on start up, server: {serverIp = '123.249.97.220', server main port = 8848}
15:42:33.502 [main] INFO  c.a.n.c.r.client - [printIfInfoEnabled,60] - [48dd385d-79c4-45d5-b90d-eaa9bcecdad1] Success to connect to server [123.249.97.220:8848] on start up, connectionId = 1678261353732_116.2.246.63_54315
15:42:33.502 [main] INFO  c.a.n.c.r.client - [printIfInfoEnabled,60] - [48dd385d-79c4-45d5-b90d-eaa9bcecdad1] Register server push request handler:com.alibaba.nacos.common.remote.client.RpcClient$ConnectResetRequestHandler
15:42:33.502 [com.alibaba.nacos.client.remote.worker] INFO  c.a.n.c.r.client - [printIfInfoEnabled,60] - [48dd385d-79c4-45d5-b90d-eaa9bcecdad1] Notify connected event to listeners.
15:42:33.503 [main] INFO  c.a.n.c.r.client - [printIfInfoEnabled,60] - [48dd385d-79c4-45d5-b90d-eaa9bcecdad1] Register server push request handler:com.alibaba.nacos.common.remote.client.RpcClient$$Lambda$350/1186989416
15:42:34.110 [nacos-grpc-client-executor-5] INFO  c.a.n.c.r.client - [printIfInfoEnabled,60] - [48dd385d-79c4-45d5-b90d-eaa9bcecdad1] Receive server push request, request = NotifySubscriberRequest, requestId = 457
15:42:34.116 [nacos-grpc-client-executor-5] INFO  c.a.n.c.r.client - [printIfInfoEnabled,60] - [48dd385d-79c4-45d5-b90d-eaa9bcecdad1] Ack server push request, request = NotifySubscriberRequest, requestId = 457
15:42:36.334 [main] INFO  c.a.c.s.b.r.i.i.RocketMQInboundChannelAdapter - [info,292] - started com.alibaba.cloud.stream.binder.rocketmq.integration.inbound.RocketMQInboundChannelAdapter@7221539
15:42:37.318 [main] INFO  c.a.c.s.b.r.i.i.RocketMQInboundChannelAdapter - [info,292] - started com.alibaba.cloud.stream.binder.rocketmq.integration.inbound.RocketMQInboundChannelAdapter@2e40fdbd
15:42:37.319 [main] INFO  o.a.c.h.Http11NioProtocol - [log,173] - Starting ProtocolHandler ["http-nio-7777"]
15:42:37.371 [main] INFO  c.a.c.n.r.NacosServiceRegistry - [register,75] - nacos registry, DEFAULT_GROUP towelove-monitor-mq 192.168.146.1:7777 register finished
15:42:37.859 [main] INFO  c.t.m.m.ToweloveMonitorMQApplication - [logStarted,61] - Started ToweloveMonitorMQApplication in 15.362 seconds (JVM running for 16.886)
15:42:37.870 [main] INFO  c.a.c.n.r.NacosContextRefresher - [registerNacosListener,129] - [Nacos Config] Listening config: dataId=towelove-monitor-mq.yaml, group=DEFAULT_GROUP
15:42:37.871 [main] INFO  c.a.c.n.r.NacosContextRefresher - [registerNacosListener,129] - [Nacos Config] Listening config: dataId=towelove-monitor-mq-dev.yaml, group=DEFAULT_GROUP
15:42:37.871 [main] INFO  c.a.c.n.r.NacosContextRefresher - [registerNacosListener,129] - [Nacos Config] Listening config: dataId=towelove-monitor-mq, group=DEFAULT_GROUP
15:42:37.901 [nacos-grpc-client-executor-9] INFO  c.a.n.c.r.client - [printIfInfoEnabled,60] - [48dd385d-79c4-45d5-b90d-eaa9bcecdad1] Receive server push request, request = NotifySubscriberRequest, requestId = 459
15:42:37.906 [nacos-grpc-client-executor-9] INFO  c.a.n.c.r.client - [printIfInfoEnabled,60] - [48dd385d-79c4-45d5-b90d-eaa9bcecdad1] Ack server push request, request = NotifySubscriberRequest, requestId = 459
15:42:38.564 [RMI TCP Connection(5)-192.168.0.102] INFO  o.a.c.c.C.[.[.[/] - [log,173] - Initializing Spring DispatcherServlet 'dispatcherServlet'
15:44:21.685 [SpringApplicationShutdownHook] INFO  c.a.c.s.b.r.i.i.RocketMQInboundChannelAdapter - [info,292] - stopped com.alibaba.cloud.stream.binder.rocketmq.integration.inbound.RocketMQInboundChannelAdapter@7221539
15:44:22.737 [SpringApplicationShutdownHook] INFO  c.a.c.s.b.r.i.i.RocketMQInboundChannelAdapter - [info,292] - stopped com.alibaba.cloud.stream.binder.rocketmq.integration.inbound.RocketMQInboundChannelAdapter@2e40fdbd
15:44:22.780 [SpringApplicationShutdownHook] INFO  c.a.c.n.r.NacosServiceRegistry - [deregister,94] - De-registering from Nacos Server now...
15:44:22.813 [SpringApplicationShutdownHook] INFO  c.a.c.n.r.NacosServiceRegistry - [deregister,114] - De-registration finished.
15:44:23.130 [SpringApplicationShutdownHook] INFO  c.a.n.c.r.client - [shutdown,454] - Shutdown rpc client, set status to shutdown
15:44:23.130 [SpringApplicationShutdownHook] INFO  c.a.n.c.r.client - [shutdown,456] - Shutdown client event executor java.util.concurrent.ScheduledThreadPoolExecutor@318c22c8[Running, pool size = 2, active threads = 2, queued tasks = 0, completed tasks = 0]
15:44:23.130 [SpringApplicationShutdownHook] INFO  c.a.n.c.r.client - [closeConnection,591] - Close current connection 1678261353732_116.2.246.63_54315
15:44:23.135 [SpringApplicationShutdownHook] INFO  c.a.n.c.r.c.g.GrpcClient - [shutdown,85] - Shutdown grpc executor java.util.concurrent.ThreadPoolExecutor@67508a0[Running, pool size = 4, active threads = 0, queued tasks = 0, completed tasks = 36]
15:44:30.542 [background-preinit] INFO  o.h.v.i.util.Version - [<clinit>,21] - HV000001: Hibernate Validator 6.2.5.Final
15:44:31.488 [main] INFO  c.a.n.c.r.client - [lambda$createClient$0,80] - [RpcClientFactory] create a new rpc client of 3c5f1172-ec2d-45f5-988d-ed8c8965b339_config-0
15:44:31.546 [main] INFO  o.r.Reflections - [scan,232] - Reflections took 32 ms to scan 1 urls, producing 3 keys and 6 values 
15:44:31.586 [main] INFO  o.r.Reflections - [scan,232] - Reflections took 16 ms to scan 1 urls, producing 4 keys and 9 values 
15:44:31.601 [main] INFO  o.r.Reflections - [scan,232] - Reflections took 12 ms to scan 1 urls, producing 3 keys and 10 values 
15:44:31.780 [main] INFO  o.r.Reflections - [scan,232] - Reflections took 176 ms to scan 219 urls, producing 0 keys and 0 values 
15:44:31.790 [main] INFO  o.r.Reflections - [scan,232] - Reflections took 8 ms to scan 1 urls, producing 1 keys and 5 values 
15:44:31.806 [main] INFO  o.r.Reflections - [scan,232] - Reflections took 14 ms to scan 1 urls, producing 1 keys and 7 values 
15:44:31.822 [main] INFO  o.r.Reflections - [scan,232] - Reflections took 13 ms to scan 1 urls, producing 2 keys and 8 values 
15:44:31.959 [main] INFO  o.r.Reflections - [scan,232] - Reflections took 135 ms to scan 219 urls, producing 0 keys and 0 values 
15:44:31.960 [main] INFO  c.a.n.c.r.client - [printIfInfoEnabled,60] - [3c5f1172-ec2d-45f5-988d-ed8c8965b339_config-0] RpcClient init label, labels = {module=config, Vipserver-Tag=null, source=sdk, Amory-Tag=null, Location-Tag=null, taskId=0, AppName=unknown}
15:44:31.961 [main] INFO  c.a.n.c.r.client - [printIfInfoEnabled,60] - [3c5f1172-ec2d-45f5-988d-ed8c8965b339_config-0] Register server push request handler:com.alibaba.nacos.client.config.impl.ClientWorker$ConfigRpcTransportClient$$Lambda$340/1521568953
15:44:31.961 [main] INFO  c.a.n.c.r.client - [printIfInfoEnabled,60] - [3c5f1172-ec2d-45f5-988d-ed8c8965b339_config-0] Register server push request handler:com.alibaba.nacos.client.config.impl.ClientWorker$ConfigRpcTransportClient$$Lambda$341/1605988985
15:44:31.962 [main] INFO  c.a.n.c.r.client - [printIfInfoEnabled,60] - [3c5f1172-ec2d-45f5-988d-ed8c8965b339_config-0] Registry connection listener to current client:com.alibaba.nacos.client.config.impl.ClientWorker$ConfigRpcTransportClient$1
15:44:31.963 [main] INFO  c.a.n.c.r.client - [printIfInfoEnabled,60] - [3c5f1172-ec2d-45f5-988d-ed8c8965b339_config-0] RpcClient init, ServerListFactory = com.alibaba.nacos.client.config.impl.ClientWorker$ConfigRpcTransportClient$2
15:44:31.969 [main] INFO  c.a.n.c.r.client - [printIfInfoEnabled,60] - [3c5f1172-ec2d-45f5-988d-ed8c8965b339_config-0] Try to connect to server on start up, server: {serverIp = '123.249.97.220', server main port = 8848}
15:44:33.567 [main] INFO  c.a.n.c.r.client - [printIfInfoEnabled,60] - [3c5f1172-ec2d-45f5-988d-ed8c8965b339_config-0] Success to connect to server [123.249.97.220:8848] on start up, connectionId = 1678261473702_116.2.246.63_57316
15:44:33.567 [com.alibaba.nacos.client.remote.worker] INFO  c.a.n.c.r.client - [printIfInfoEnabled,60] - [3c5f1172-ec2d-45f5-988d-ed8c8965b339_config-0] Notify connected event to listeners.
15:44:33.568 [main] INFO  c.a.n.c.r.client - [printIfInfoEnabled,60] - [3c5f1172-ec2d-45f5-988d-ed8c8965b339_config-0] Register server push request handler:com.alibaba.nacos.common.remote.client.RpcClient$ConnectResetRequestHandler
15:44:33.569 [main] INFO  c.a.n.c.r.client - [printIfInfoEnabled,60] - [3c5f1172-ec2d-45f5-988d-ed8c8965b339_config-0] Register server push request handler:com.alibaba.nacos.common.remote.client.RpcClient$$Lambda$350/1564078808
15:44:33.713 [main] INFO  c.t.m.m.ToweloveMonitorMQApplication - [logStartupProfileInfo,637] - The following 1 profile is active: "dev"
15:44:34.811 [main] INFO  o.a.c.h.Http11NioProtocol - [log,173] - Initializing ProtocolHandler ["http-nio-7777"]
15:44:34.812 [main] INFO  o.a.c.c.StandardService - [log,173] - Starting service [Tomcat]
15:44:34.812 [main] INFO  o.a.c.c.StandardEngine - [log,173] - Starting Servlet engine: [Apache Tomcat/9.0.70]
15:44:34.921 [main] INFO  o.a.c.c.C.[.[.[/] - [log,173] - Initializing Spring embedded WebApplicationContext
15:44:36.799 [main] INFO  c.a.n.c.r.client - [lambda$createClient$0,80] - [RpcClientFactory] create a new rpc client of c2d360e5-2fa6-43ca-9870-8811e3368159
15:44:36.799 [main] INFO  c.a.n.c.r.client - [printIfInfoEnabled,60] - [c2d360e5-2fa6-43ca-9870-8811e3368159] RpcClient init label, labels = {module=naming, source=sdk}
15:44:36.800 [main] INFO  c.a.n.c.r.client - [printIfInfoEnabled,60] - [c2d360e5-2fa6-43ca-9870-8811e3368159] RpcClient init, ServerListFactory = com.alibaba.nacos.client.naming.core.ServerListManager
15:44:36.801 [main] INFO  c.a.n.c.r.client - [printIfInfoEnabled,60] - [c2d360e5-2fa6-43ca-9870-8811e3368159] Registry connection listener to current client:com.alibaba.nacos.client.naming.remote.gprc.redo.NamingGrpcRedoService
15:44:36.801 [main] INFO  c.a.n.c.r.client - [printIfInfoEnabled,60] - [c2d360e5-2fa6-43ca-9870-8811e3368159] Register server push request handler:com.alibaba.nacos.client.naming.remote.gprc.NamingPushRequestHandler
15:44:36.801 [main] INFO  c.a.n.c.r.client - [printIfInfoEnabled,60] - [c2d360e5-2fa6-43ca-9870-8811e3368159] Try to connect to server on start up, server: {serverIp = '123.249.97.220', server main port = 8848}
15:44:37.019 [main] INFO  c.a.n.c.r.client - [printIfInfoEnabled,60] - [c2d360e5-2fa6-43ca-9870-8811e3368159] Success to connect to server [123.249.97.220:8848] on start up, connectionId = 1678261477245_116.2.246.63_57325
15:44:37.020 [main] INFO  c.a.n.c.r.client - [printIfInfoEnabled,60] - [c2d360e5-2fa6-43ca-9870-8811e3368159] Register server push request handler:com.alibaba.nacos.common.remote.client.RpcClient$ConnectResetRequestHandler
15:44:37.020 [com.alibaba.nacos.client.remote.worker] INFO  c.a.n.c.r.client - [printIfInfoEnabled,60] - [c2d360e5-2fa6-43ca-9870-8811e3368159] Notify connected event to listeners.
15:44:37.020 [main] INFO  c.a.n.c.r.client - [printIfInfoEnabled,60] - [c2d360e5-2fa6-43ca-9870-8811e3368159] Register server push request handler:com.alibaba.nacos.common.remote.client.RpcClient$$Lambda$350/1564078808
15:44:37.627 [nacos-grpc-client-executor-4] INFO  c.a.n.c.r.client - [printIfInfoEnabled,60] - [c2d360e5-2fa6-43ca-9870-8811e3368159] Receive server push request, request = NotifySubscriberRequest, requestId = 468
15:44:37.634 [nacos-grpc-client-executor-4] INFO  c.a.n.c.r.client - [printIfInfoEnabled,60] - [c2d360e5-2fa6-43ca-9870-8811e3368159] Ack server push request, request = NotifySubscriberRequest, requestId = 468
15:44:39.533 [main] INFO  c.a.c.s.b.r.i.i.RocketMQInboundChannelAdapter - [info,292] - started com.alibaba.cloud.stream.binder.rocketmq.integration.inbound.RocketMQInboundChannelAdapter@51a719e7
15:44:40.888 [main] INFO  c.a.c.s.b.r.i.i.RocketMQInboundChannelAdapter - [info,292] - started com.alibaba.cloud.stream.binder.rocketmq.integration.inbound.RocketMQInboundChannelAdapter@40a8a26f
15:44:40.888 [main] INFO  o.a.c.h.Http11NioProtocol - [log,173] - Starting ProtocolHandler ["http-nio-7777"]
15:44:40.945 [main] INFO  c.a.c.n.r.NacosServiceRegistry - [register,75] - nacos registry, DEFAULT_GROUP towelove-monitor-mq 192.168.146.1:7777 register finished
15:44:41.487 [main] INFO  c.t.m.m.ToweloveMonitorMQApplication - [logStarted,61] - Started ToweloveMonitorMQApplication in 12.143 seconds (JVM running for 13.484)
15:44:41.500 [main] INFO  c.a.c.n.r.NacosContextRefresher - [registerNacosListener,129] - [Nacos Config] Listening config: dataId=towelove-monitor-mq.yaml, group=DEFAULT_GROUP
15:44:41.501 [main] INFO  c.a.c.n.r.NacosContextRefresher - [registerNacosListener,129] - [Nacos Config] Listening config: dataId=towelove-monitor-mq-dev.yaml, group=DEFAULT_GROUP
15:44:41.501 [main] INFO  c.a.c.n.r.NacosContextRefresher - [registerNacosListener,129] - [Nacos Config] Listening config: dataId=towelove-monitor-mq, group=DEFAULT_GROUP
15:44:41.524 [nacos-grpc-client-executor-8] INFO  c.a.n.c.r.client - [printIfInfoEnabled,60] - [c2d360e5-2fa6-43ca-9870-8811e3368159] Receive server push request, request = NotifySubscriberRequest, requestId = 470
15:44:41.531 [nacos-grpc-client-executor-8] INFO  c.a.n.c.r.client - [printIfInfoEnabled,60] - [c2d360e5-2fa6-43ca-9870-8811e3368159] Ack server push request, request = NotifySubscriberRequest, requestId = 470
15:44:42.467 [RMI TCP Connection(6)-192.168.0.102] INFO  o.a.c.c.C.[.[.[/] - [log,173] - Initializing Spring DispatcherServlet 'dispatcherServlet'
15:46:30.318 [SpringApplicationShutdownHook] INFO  c.a.c.s.b.r.i.i.RocketMQInboundChannelAdapter - [info,292] - stopped com.alibaba.cloud.stream.binder.rocketmq.integration.inbound.RocketMQInboundChannelAdapter@51a719e7
15:46:30.393 [SpringApplicationShutdownHook] INFO  c.a.c.s.b.r.i.i.RocketMQInboundChannelAdapter - [info,292] - stopped com.alibaba.cloud.stream.binder.rocketmq.integration.inbound.RocketMQInboundChannelAdapter@40a8a26f
15:46:30.436 [SpringApplicationShutdownHook] INFO  c.a.c.n.r.NacosServiceRegistry - [deregister,94] - De-registering from Nacos Server now...
15:46:30.473 [SpringApplicationShutdownHook] INFO  c.a.c.n.r.NacosServiceRegistry - [deregister,114] - De-registration finished.
15:46:30.795 [SpringApplicationShutdownHook] INFO  c.a.n.c.r.client - [shutdown,454] - Shutdown rpc client, set status to shutdown
15:46:30.796 [SpringApplicationShutdownHook] INFO  c.a.n.c.r.client - [shutdown,456] - Shutdown client event executor java.util.concurrent.ScheduledThreadPoolExecutor@43c5cdfe[Running, pool size = 2, active threads = 2, queued tasks = 0, completed tasks = 0]
15:46:30.796 [SpringApplicationShutdownHook] INFO  c.a.n.c.r.client - [closeConnection,591] - Close current connection 1678261477245_116.2.246.63_57325
15:46:30.798 [SpringApplicationShutdownHook] INFO  c.a.n.c.r.c.g.GrpcClient - [shutdown,85] - Shutdown grpc executor java.util.concurrent.ThreadPoolExecutor@2f4371d1[Running, pool size = 4, active threads = 0, queued tasks = 0, completed tasks = 35]
