16:32:04.556 [main] ERROR o.s.b.SpringApplication - [reportFailure,821] - Application run failed
java.lang.IllegalStateException: rocketMQTemplate already exists RocketMQLocalTransactionListener
	at org.apache.rocketmq.spring.autoconfigure.RocketMQTransactionConfiguration.registerTransactionListener(RocketMQTransactionConfiguration.java:68)
	at java.util.HashMap.forEach(HashMap.java:1290)
	at org.apache.rocketmq.spring.autoconfigure.RocketMQTransactionConfiguration.afterSingletonsInstantiated(RocketMQTransactionConfiguration.java:56)
	at org.springframework.beans.factory.support.DefaultListableBeanFactory.preInstantiateSingletons(DefaultListableBeanFactory.java:974)
	at org.springframework.context.support.AbstractApplicationContext.finishBeanFactoryInitialization(AbstractApplicationContext.java:918)
	at org.springframework.context.support.AbstractApplicationContext.refresh(AbstractApplicationContext.java:583)
	at org.springframework.boot.web.servlet.context.ServletWebServerApplicationContext.refresh(ServletWebServerApplicationContext.java:147)
	at org.springframework.boot.SpringApplication.refresh(SpringApplication.java:731)
	at org.springframework.boot.SpringApplication.refreshContext(SpringApplication.java:408)
	at org.springframework.boot.SpringApplication.run(SpringApplication.java:307)
	at org.springframework.boot.SpringApplication.run(SpringApplication.java:1303)
	at org.springframework.boot.SpringApplication.run(SpringApplication.java:1292)
	at com.towelove.rocketmq.producer.ToweloveRocketProducerApplication.main(ToweloveRocketProducerApplication.java:36)
16:33:29.274 [main] ERROR o.a.r.s.c.RocketMQTemplate - [syncSend,565] - syncSend failed. destination:Towelove-Topic, message:GenericMessage [payload=Hello, World! I'm from spring message & ACL Msg, headers={id=1e06f33f-80ef-e814-a6e5-156b4be896e6, timestamp=1677832406258}], detail exception info: 
org.apache.rocketmq.remoting.exception.RemotingTooMuchRequestException: sendDefaultImpl call timeout
	at org.apache.rocketmq.client.impl.producer.DefaultMQProducerImpl.sendDefaultImpl(DefaultMQProducerImpl.java:657)
	at org.apache.rocketmq.client.impl.producer.DefaultMQProducerImpl.send(DefaultMQProducerImpl.java:1367)
	at org.apache.rocketmq.client.producer.DefaultMQProducer.send(DefaultMQProducer.java:354)
	at org.apache.rocketmq.spring.core.RocketMQTemplate.syncSend(RocketMQTemplate.java:558)
	at org.apache.rocketmq.spring.core.RocketMQTemplate.syncSend(RocketMQTemplate.java:487)
	at org.apache.rocketmq.spring.core.RocketMQTemplate.syncSend(RocketMQTemplate.java:475)
	at com.towelove.rocketmq.producer.ToweloveRocketProducerApplication.run(ToweloveRocketProducerApplication.java:47)
	at org.springframework.boot.SpringApplication.callRunner(SpringApplication.java:768)
	at org.springframework.boot.SpringApplication.callRunners(SpringApplication.java:752)
	at org.springframework.boot.SpringApplication.run(SpringApplication.java:314)
	at org.springframework.boot.SpringApplication.run(SpringApplication.java:1303)
	at org.springframework.boot.SpringApplication.run(SpringApplication.java:1292)
	at com.towelove.rocketmq.producer.ToweloveRocketProducerApplication.main(ToweloveRocketProducerApplication.java:36)
16:33:29.529 [main] ERROR o.s.b.SpringApplication - [reportFailure,821] - Application run failed
java.lang.IllegalStateException: Failed to execute CommandLineRunner
	at org.springframework.boot.SpringApplication.callRunner(SpringApplication.java:771)
	at org.springframework.boot.SpringApplication.callRunners(SpringApplication.java:752)
	at org.springframework.boot.SpringApplication.run(SpringApplication.java:314)
	at org.springframework.boot.SpringApplication.run(SpringApplication.java:1303)
	at org.springframework.boot.SpringApplication.run(SpringApplication.java:1292)
	at com.towelove.rocketmq.producer.ToweloveRocketProducerApplication.main(ToweloveRocketProducerApplication.java:36)
Caused by: org.springframework.messaging.MessagingException: sendDefaultImpl call timeout; nested exception is org.apache.rocketmq.remoting.exception.RemotingTooMuchRequestException: sendDefaultImpl call timeout
	at org.apache.rocketmq.spring.core.RocketMQTemplate.syncSend(RocketMQTemplate.java:566)
	at org.apache.rocketmq.spring.core.RocketMQTemplate.syncSend(RocketMQTemplate.java:487)
	at org.apache.rocketmq.spring.core.RocketMQTemplate.syncSend(RocketMQTemplate.java:475)
	at com.towelove.rocketmq.producer.ToweloveRocketProducerApplication.run(ToweloveRocketProducerApplication.java:47)
	at org.springframework.boot.SpringApplication.callRunner(SpringApplication.java:768)
	... 5 common frames omitted
Caused by: org.apache.rocketmq.remoting.exception.RemotingTooMuchRequestException: sendDefaultImpl call timeout
	at org.apache.rocketmq.client.impl.producer.DefaultMQProducerImpl.sendDefaultImpl(DefaultMQProducerImpl.java:657)
	at org.apache.rocketmq.client.impl.producer.DefaultMQProducerImpl.send(DefaultMQProducerImpl.java:1367)
	at org.apache.rocketmq.client.producer.DefaultMQProducer.send(DefaultMQProducer.java:354)
	at org.apache.rocketmq.spring.core.RocketMQTemplate.syncSend(RocketMQTemplate.java:558)
	... 9 common frames omitted
