10:49:20.628 [background-preinit] INFO  o.h.v.i.util.Version - [<clinit>,21] - HV000001: Hibernate Validator 6.2.5.Final
10:49:21.284 [main] INFO  c.a.n.c.r.client - [lambda$createClient$0,80] - [RpcClientFactory] create a new rpc client of 5c847ee2-1a55-457a-ac8d-5be0c87cc73f_config-0
10:49:21.330 [main] INFO  o.r.Reflections - [scan,232] - Reflections took 27 ms to scan 1 urls, producing 3 keys and 6 values 
10:49:21.355 [main] INFO  o.r.Reflections - [scan,232] - Reflections took 10 ms to scan 1 urls, producing 4 keys and 9 values 
10:49:21.367 [main] INFO  o.r.Reflections - [scan,232] - Reflections took 8 ms to scan 1 urls, producing 3 keys and 10 values 
10:49:21.652 [main] INFO  o.r.Reflections - [scan,232] - Reflections took 283 ms to scan 172 urls, producing 0 keys and 0 values 
10:49:21.660 [main] INFO  o.r.Reflections - [scan,232] - Reflections took 7 ms to scan 1 urls, producing 1 keys and 5 values 
10:49:21.670 [main] INFO  o.r.Reflections - [scan,232] - Reflections took 8 ms to scan 1 urls, producing 1 keys and 7 values 
10:49:21.679 [main] INFO  o.r.Reflections - [scan,232] - Reflections took 7 ms to scan 1 urls, producing 2 keys and 8 values 
10:49:21.780 [main] INFO  o.r.Reflections - [scan,232] - Reflections took 99 ms to scan 172 urls, producing 0 keys and 0 values 
10:49:21.781 [main] INFO  c.a.n.c.r.client - [printIfInfoEnabled,60] - [5c847ee2-1a55-457a-ac8d-5be0c87cc73f_config-0] RpcClient init label, labels = {module=config, Vipserver-Tag=null, source=sdk, Amory-Tag=null, Location-Tag=null, taskId=0, AppName=unknown}
10:49:21.782 [main] INFO  c.a.n.c.r.client - [printIfInfoEnabled,60] - [5c847ee2-1a55-457a-ac8d-5be0c87cc73f_config-0] Register server push request handler:com.alibaba.nacos.client.config.impl.ClientWorker$ConfigRpcTransportClient$$Lambda$335/1453062635
10:49:21.782 [main] INFO  c.a.n.c.r.client - [printIfInfoEnabled,60] - [5c847ee2-1a55-457a-ac8d-5be0c87cc73f_config-0] Register server push request handler:com.alibaba.nacos.client.config.impl.ClientWorker$ConfigRpcTransportClient$$Lambda$336/1632789609
10:49:21.782 [main] INFO  c.a.n.c.r.client - [printIfInfoEnabled,60] - [5c847ee2-1a55-457a-ac8d-5be0c87cc73f_config-0] Registry connection listener to current client:com.alibaba.nacos.client.config.impl.ClientWorker$ConfigRpcTransportClient$1
10:49:21.783 [main] INFO  c.a.n.c.r.client - [printIfInfoEnabled,60] - [5c847ee2-1a55-457a-ac8d-5be0c87cc73f_config-0] RpcClient init, ServerListFactory = com.alibaba.nacos.client.config.impl.ClientWorker$ConfigRpcTransportClient$2
10:49:21.788 [main] INFO  c.a.n.c.r.client - [printIfInfoEnabled,60] - [5c847ee2-1a55-457a-ac8d-5be0c87cc73f_config-0] Try to connect to server on start up, server: {serverIp = '127.0.0.1', server main port = 8848}
10:49:24.847 [main] INFO  c.a.n.c.r.client - [printIfInfoEnabled,60] - [5c847ee2-1a55-457a-ac8d-5be0c87cc73f_config-0] Try to connect to server on start up, server: {serverIp = '127.0.0.1', server main port = 8848}
10:49:26.870 [main] INFO  c.a.n.c.r.client - [printIfInfoEnabled,60] - [5c847ee2-1a55-457a-ac8d-5be0c87cc73f_config-0] Try to connect to server on start up, server: {serverIp = '127.0.0.1', server main port = 8848}
10:49:28.897 [com.alibaba.nacos.client.remote.worker] INFO  c.a.n.c.r.client - [printIfInfoEnabled,60] - [5c847ee2-1a55-457a-ac8d-5be0c87cc73f_config-0] Try to reconnect to a new server, server is  not appointed, will choose a random server.
10:49:28.897 [main] INFO  c.a.n.c.r.client - [printIfInfoEnabled,60] - [5c847ee2-1a55-457a-ac8d-5be0c87cc73f_config-0] Register server push request handler:com.alibaba.nacos.common.remote.client.RpcClient$ConnectResetRequestHandler
10:49:28.897 [main] INFO  c.a.n.c.r.client - [printIfInfoEnabled,60] - [5c847ee2-1a55-457a-ac8d-5be0c87cc73f_config-0] Register server push request handler:com.alibaba.nacos.common.remote.client.RpcClient$$Lambda$345/571481216
10:49:30.323 [main] INFO  c.t.a.ToweloveAuthApplication - [logStartupProfileInfo,637] - The following 1 profile is active: "dev"
10:49:31.452 [main] INFO  o.a.c.h.Http11NioProtocol - [log,173] - Initializing ProtocolHandler ["http-nio-9200"]
10:49:31.452 [main] INFO  o.a.c.c.StandardService - [log,173] - Starting service [Tomcat]
10:49:31.453 [main] INFO  o.a.c.c.StandardEngine - [log,173] - Starting Servlet engine: [Apache Tomcat/9.0.70]
10:49:31.545 [main] INFO  o.a.c.c.C.[.[.[/] - [log,173] - Initializing Spring embedded WebApplicationContext
10:49:31.689 [main] INFO  o.a.c.c.StandardService - [log,173] - Stopping service [Tomcat]
11:51:32.932 [background-preinit] INFO  o.h.v.i.util.Version - [<clinit>,21] - HV000001: Hibernate Validator 6.2.5.Final
11:51:33.587 [main] INFO  c.a.n.c.r.client - [lambda$createClient$0,80] - [RpcClientFactory] create a new rpc client of 1d545c4e-7121-463a-876b-04c4785a9bcf_config-0
11:51:33.617 [main] INFO  o.r.Reflections - [scan,232] - Reflections took 19 ms to scan 1 urls, producing 3 keys and 6 values 
11:51:33.636 [main] INFO  o.r.Reflections - [scan,232] - Reflections took 9 ms to scan 1 urls, producing 4 keys and 9 values 
11:51:33.647 [main] INFO  o.r.Reflections - [scan,232] - Reflections took 8 ms to scan 1 urls, producing 3 keys and 10 values 
11:51:33.770 [main] INFO  o.r.Reflections - [scan,232] - Reflections took 119 ms to scan 172 urls, producing 0 keys and 0 values 
11:51:33.779 [main] INFO  o.r.Reflections - [scan,232] - Reflections took 7 ms to scan 1 urls, producing 1 keys and 5 values 
11:51:33.787 [main] INFO  o.r.Reflections - [scan,232] - Reflections took 7 ms to scan 1 urls, producing 1 keys and 7 values 
11:51:33.796 [main] INFO  o.r.Reflections - [scan,232] - Reflections took 7 ms to scan 1 urls, producing 2 keys and 8 values 
11:51:33.896 [main] INFO  o.r.Reflections - [scan,232] - Reflections took 97 ms to scan 172 urls, producing 0 keys and 0 values 
11:51:33.897 [main] INFO  c.a.n.c.r.client - [printIfInfoEnabled,60] - [1d545c4e-7121-463a-876b-04c4785a9bcf_config-0] RpcClient init label, labels = {module=config, Vipserver-Tag=null, source=sdk, Amory-Tag=null, Location-Tag=null, taskId=0, AppName=unknown}
11:51:33.898 [main] INFO  c.a.n.c.r.client - [printIfInfoEnabled,60] - [1d545c4e-7121-463a-876b-04c4785a9bcf_config-0] Register server push request handler:com.alibaba.nacos.client.config.impl.ClientWorker$ConfigRpcTransportClient$$Lambda$335/124494140
11:51:33.898 [main] INFO  c.a.n.c.r.client - [printIfInfoEnabled,60] - [1d545c4e-7121-463a-876b-04c4785a9bcf_config-0] Register server push request handler:com.alibaba.nacos.client.config.impl.ClientWorker$ConfigRpcTransportClient$$Lambda$336/246826139
11:51:33.898 [main] INFO  c.a.n.c.r.client - [printIfInfoEnabled,60] - [1d545c4e-7121-463a-876b-04c4785a9bcf_config-0] Registry connection listener to current client:com.alibaba.nacos.client.config.impl.ClientWorker$ConfigRpcTransportClient$1
11:51:33.898 [main] INFO  c.a.n.c.r.client - [printIfInfoEnabled,60] - [1d545c4e-7121-463a-876b-04c4785a9bcf_config-0] RpcClient init, ServerListFactory = com.alibaba.nacos.client.config.impl.ClientWorker$ConfigRpcTransportClient$2
11:51:33.903 [main] INFO  c.a.n.c.r.client - [printIfInfoEnabled,60] - [1d545c4e-7121-463a-876b-04c4785a9bcf_config-0] Try to connect to server on start up, server: {serverIp = '127.0.0.1', server main port = 8848}
11:51:35.130 [main] INFO  c.a.n.c.r.client - [printIfInfoEnabled,60] - [1d545c4e-7121-463a-876b-04c4785a9bcf_config-0] Success to connect to server [127.0.0.1:8848] on start up, connectionId = 1677210694861_127.0.0.1_59718
11:51:35.131 [com.alibaba.nacos.client.remote.worker] INFO  c.a.n.c.r.client - [printIfInfoEnabled,60] - [1d545c4e-7121-463a-876b-04c4785a9bcf_config-0] Notify connected event to listeners.
11:51:35.131 [main] INFO  c.a.n.c.r.client - [printIfInfoEnabled,60] - [1d545c4e-7121-463a-876b-04c4785a9bcf_config-0] Register server push request handler:com.alibaba.nacos.common.remote.client.RpcClient$ConnectResetRequestHandler
11:51:35.131 [main] INFO  c.a.n.c.r.client - [printIfInfoEnabled,60] - [1d545c4e-7121-463a-876b-04c4785a9bcf_config-0] Register server push request handler:com.alibaba.nacos.common.remote.client.RpcClient$$Lambda$345/1538462491
11:51:35.201 [main] INFO  c.t.a.ToweloveAuthApplication - [logStartupProfileInfo,637] - The following 1 profile is active: "dev"
11:51:36.195 [main] INFO  o.a.c.h.Http11NioProtocol - [log,173] - Initializing ProtocolHandler ["http-nio-9200"]
11:51:36.196 [main] INFO  o.a.c.c.StandardService - [log,173] - Starting service [Tomcat]
11:51:36.196 [main] INFO  o.a.c.c.StandardEngine - [log,173] - Starting Servlet engine: [Apache Tomcat/9.0.70]
11:51:36.280 [main] INFO  o.a.c.c.C.[.[.[/] - [log,173] - Initializing Spring embedded WebApplicationContext
11:51:36.404 [main] INFO  o.a.c.c.StandardService - [log,173] - Stopping service [Tomcat]
11:52:03.360 [background-preinit] INFO  o.h.v.i.util.Version - [<clinit>,21] - HV000001: Hibernate Validator 6.2.5.Final
11:52:03.938 [main] INFO  c.a.n.c.r.client - [lambda$createClient$0,80] - [RpcClientFactory] create a new rpc client of 56a007d7-0ade-461d-b88d-ff8063dcf096_config-0
11:52:03.971 [main] INFO  o.r.Reflections - [scan,232] - Reflections took 21 ms to scan 1 urls, producing 3 keys and 6 values 
11:52:03.991 [main] INFO  o.r.Reflections - [scan,232] - Reflections took 9 ms to scan 1 urls, producing 4 keys and 9 values 
11:52:04.001 [main] INFO  o.r.Reflections - [scan,232] - Reflections took 8 ms to scan 1 urls, producing 3 keys and 10 values 
11:52:04.118 [main] INFO  o.r.Reflections - [scan,232] - Reflections took 114 ms to scan 172 urls, producing 0 keys and 0 values 
11:52:04.126 [main] INFO  o.r.Reflections - [scan,232] - Reflections took 7 ms to scan 1 urls, producing 1 keys and 5 values 
11:52:04.135 [main] INFO  o.r.Reflections - [scan,232] - Reflections took 7 ms to scan 1 urls, producing 1 keys and 7 values 
11:52:04.145 [main] INFO  o.r.Reflections - [scan,232] - Reflections took 7 ms to scan 1 urls, producing 2 keys and 8 values 
11:52:04.243 [main] INFO  o.r.Reflections - [scan,232] - Reflections took 96 ms to scan 172 urls, producing 0 keys and 0 values 
11:52:04.244 [main] INFO  c.a.n.c.r.client - [printIfInfoEnabled,60] - [56a007d7-0ade-461d-b88d-ff8063dcf096_config-0] RpcClient init label, labels = {module=config, Vipserver-Tag=null, source=sdk, Amory-Tag=null, Location-Tag=null, taskId=0, AppName=unknown}
11:52:04.245 [main] INFO  c.a.n.c.r.client - [printIfInfoEnabled,60] - [56a007d7-0ade-461d-b88d-ff8063dcf096_config-0] Register server push request handler:com.alibaba.nacos.client.config.impl.ClientWorker$ConfigRpcTransportClient$$Lambda$335/659059448
11:52:04.245 [main] INFO  c.a.n.c.r.client - [printIfInfoEnabled,60] - [56a007d7-0ade-461d-b88d-ff8063dcf096_config-0] Register server push request handler:com.alibaba.nacos.client.config.impl.ClientWorker$ConfigRpcTransportClient$$Lambda$336/124494140
11:52:04.246 [main] INFO  c.a.n.c.r.client - [printIfInfoEnabled,60] - [56a007d7-0ade-461d-b88d-ff8063dcf096_config-0] Registry connection listener to current client:com.alibaba.nacos.client.config.impl.ClientWorker$ConfigRpcTransportClient$1
11:52:04.246 [main] INFO  c.a.n.c.r.client - [printIfInfoEnabled,60] - [56a007d7-0ade-461d-b88d-ff8063dcf096_config-0] RpcClient init, ServerListFactory = com.alibaba.nacos.client.config.impl.ClientWorker$ConfigRpcTransportClient$2
11:52:04.251 [main] INFO  c.a.n.c.r.client - [printIfInfoEnabled,60] - [56a007d7-0ade-461d-b88d-ff8063dcf096_config-0] Try to connect to server on start up, server: {serverIp = '127.0.0.1', server main port = 8848}
11:52:05.375 [main] INFO  c.a.n.c.r.client - [printIfInfoEnabled,60] - [56a007d7-0ade-461d-b88d-ff8063dcf096_config-0] Success to connect to server [127.0.0.1:8848] on start up, connectionId = 1677210725170_127.0.0.1_59818
11:52:05.376 [com.alibaba.nacos.client.remote.worker] INFO  c.a.n.c.r.client - [printIfInfoEnabled,60] - [56a007d7-0ade-461d-b88d-ff8063dcf096_config-0] Notify connected event to listeners.
11:52:05.376 [main] INFO  c.a.n.c.r.client - [printIfInfoEnabled,60] - [56a007d7-0ade-461d-b88d-ff8063dcf096_config-0] Register server push request handler:com.alibaba.nacos.common.remote.client.RpcClient$ConnectResetRequestHandler
11:52:05.376 [main] INFO  c.a.n.c.r.client - [printIfInfoEnabled,60] - [56a007d7-0ade-461d-b88d-ff8063dcf096_config-0] Register server push request handler:com.alibaba.nacos.common.remote.client.RpcClient$$Lambda$345/990684641
11:52:05.427 [main] INFO  c.t.a.ToweloveAuthApplication - [logStartupProfileInfo,637] - The following 1 profile is active: "dev"
11:52:06.381 [main] INFO  o.a.c.h.Http11NioProtocol - [log,173] - Initializing ProtocolHandler ["http-nio-9200"]
11:52:06.382 [main] INFO  o.a.c.c.StandardService - [log,173] - Starting service [Tomcat]
11:52:06.382 [main] INFO  o.a.c.c.StandardEngine - [log,173] - Starting Servlet engine: [Apache Tomcat/9.0.70]
11:52:06.469 [main] INFO  o.a.c.c.C.[.[.[/] - [log,173] - Initializing Spring embedded WebApplicationContext
11:52:06.591 [main] INFO  o.a.c.c.StandardService - [log,173] - Stopping service [Tomcat]
11:52:58.596 [background-preinit] INFO  o.h.v.i.util.Version - [<clinit>,21] - HV000001: Hibernate Validator 6.2.5.Final
11:52:59.172 [main] INFO  c.a.n.c.r.client - [lambda$createClient$0,80] - [RpcClientFactory] create a new rpc client of 0fc8b97d-89b0-4feb-8f45-759b93ca053c_config-0
11:52:59.203 [main] INFO  o.r.Reflections - [scan,232] - Reflections took 20 ms to scan 1 urls, producing 3 keys and 6 values 
11:52:59.223 [main] INFO  o.r.Reflections - [scan,232] - Reflections took 9 ms to scan 1 urls, producing 4 keys and 9 values 
11:52:59.232 [main] INFO  o.r.Reflections - [scan,232] - Reflections took 8 ms to scan 1 urls, producing 3 keys and 10 values 
11:52:59.345 [main] INFO  o.r.Reflections - [scan,232] - Reflections took 110 ms to scan 172 urls, producing 0 keys and 0 values 
11:52:59.353 [main] INFO  o.r.Reflections - [scan,232] - Reflections took 7 ms to scan 1 urls, producing 1 keys and 5 values 
11:52:59.362 [main] INFO  o.r.Reflections - [scan,232] - Reflections took 7 ms to scan 1 urls, producing 1 keys and 7 values 
11:52:59.371 [main] INFO  o.r.Reflections - [scan,232] - Reflections took 7 ms to scan 1 urls, producing 2 keys and 8 values 
11:52:59.465 [main] INFO  o.r.Reflections - [scan,232] - Reflections took 92 ms to scan 172 urls, producing 0 keys and 0 values 
11:52:59.466 [main] INFO  c.a.n.c.r.client - [printIfInfoEnabled,60] - [0fc8b97d-89b0-4feb-8f45-759b93ca053c_config-0] RpcClient init label, labels = {module=config, Vipserver-Tag=null, source=sdk, Amory-Tag=null, Location-Tag=null, taskId=0, AppName=unknown}
11:52:59.467 [main] INFO  c.a.n.c.r.client - [printIfInfoEnabled,60] - [0fc8b97d-89b0-4feb-8f45-759b93ca053c_config-0] Register server push request handler:com.alibaba.nacos.client.config.impl.ClientWorker$ConfigRpcTransportClient$$Lambda$335/659059448
11:52:59.467 [main] INFO  c.a.n.c.r.client - [printIfInfoEnabled,60] - [0fc8b97d-89b0-4feb-8f45-759b93ca053c_config-0] Register server push request handler:com.alibaba.nacos.client.config.impl.ClientWorker$ConfigRpcTransportClient$$Lambda$336/124494140
11:52:59.468 [main] INFO  c.a.n.c.r.client - [printIfInfoEnabled,60] - [0fc8b97d-89b0-4feb-8f45-759b93ca053c_config-0] Registry connection listener to current client:com.alibaba.nacos.client.config.impl.ClientWorker$ConfigRpcTransportClient$1
11:52:59.468 [main] INFO  c.a.n.c.r.client - [printIfInfoEnabled,60] - [0fc8b97d-89b0-4feb-8f45-759b93ca053c_config-0] RpcClient init, ServerListFactory = com.alibaba.nacos.client.config.impl.ClientWorker$ConfigRpcTransportClient$2
11:52:59.473 [main] INFO  c.a.n.c.r.client - [printIfInfoEnabled,60] - [0fc8b97d-89b0-4feb-8f45-759b93ca053c_config-0] Try to connect to server on start up, server: {serverIp = '127.0.0.1', server main port = 8848}
11:53:00.581 [main] INFO  c.a.n.c.r.client - [printIfInfoEnabled,60] - [0fc8b97d-89b0-4feb-8f45-759b93ca053c_config-0] Success to connect to server [127.0.0.1:8848] on start up, connectionId = 1677210780380_127.0.0.1_59932
11:53:00.582 [com.alibaba.nacos.client.remote.worker] INFO  c.a.n.c.r.client - [printIfInfoEnabled,60] - [0fc8b97d-89b0-4feb-8f45-759b93ca053c_config-0] Notify connected event to listeners.
11:53:00.582 [main] INFO  c.a.n.c.r.client - [printIfInfoEnabled,60] - [0fc8b97d-89b0-4feb-8f45-759b93ca053c_config-0] Register server push request handler:com.alibaba.nacos.common.remote.client.RpcClient$ConnectResetRequestHandler
11:53:00.582 [main] INFO  c.a.n.c.r.client - [printIfInfoEnabled,60] - [0fc8b97d-89b0-4feb-8f45-759b93ca053c_config-0] Register server push request handler:com.alibaba.nacos.common.remote.client.RpcClient$$Lambda$345/990684641
11:53:00.634 [main] INFO  c.t.a.ToweloveAuthApplication - [logStartupProfileInfo,637] - The following 1 profile is active: "dev"
11:53:01.567 [main] INFO  o.a.c.h.Http11NioProtocol - [log,173] - Initializing ProtocolHandler ["http-nio-9200"]
11:53:01.567 [main] INFO  o.a.c.c.StandardService - [log,173] - Starting service [Tomcat]
11:53:01.567 [main] INFO  o.a.c.c.StandardEngine - [log,173] - Starting Servlet engine: [Apache Tomcat/9.0.70]
11:53:01.653 [main] INFO  o.a.c.c.C.[.[.[/] - [log,173] - Initializing Spring embedded WebApplicationContext
11:53:01.775 [main] INFO  o.a.c.c.StandardService - [log,173] - Stopping service [Tomcat]
11:53:21.533 [background-preinit] INFO  o.h.v.i.util.Version - [<clinit>,21] - HV000001: Hibernate Validator 6.2.5.Final
11:53:22.105 [main] INFO  c.a.n.c.r.client - [lambda$createClient$0,80] - [RpcClientFactory] create a new rpc client of ed5c2882-6a3d-430b-ba08-85cf9e97d6f2_config-0
11:53:22.136 [main] INFO  o.r.Reflections - [scan,232] - Reflections took 20 ms to scan 1 urls, producing 3 keys and 6 values 
11:53:22.156 [main] INFO  o.r.Reflections - [scan,232] - Reflections took 10 ms to scan 1 urls, producing 4 keys and 9 values 
11:53:22.167 [main] INFO  o.r.Reflections - [scan,232] - Reflections took 9 ms to scan 1 urls, producing 3 keys and 10 values 
11:53:22.285 [main] INFO  o.r.Reflections - [scan,232] - Reflections took 115 ms to scan 172 urls, producing 0 keys and 0 values 
11:53:22.293 [main] INFO  o.r.Reflections - [scan,232] - Reflections took 7 ms to scan 1 urls, producing 1 keys and 5 values 
11:53:22.301 [main] INFO  o.r.Reflections - [scan,232] - Reflections took 7 ms to scan 1 urls, producing 1 keys and 7 values 
11:53:22.310 [main] INFO  o.r.Reflections - [scan,232] - Reflections took 7 ms to scan 1 urls, producing 2 keys and 8 values 
11:53:22.406 [main] INFO  o.r.Reflections - [scan,232] - Reflections took 94 ms to scan 172 urls, producing 0 keys and 0 values 
11:53:22.407 [main] INFO  c.a.n.c.r.client - [printIfInfoEnabled,60] - [ed5c2882-6a3d-430b-ba08-85cf9e97d6f2_config-0] RpcClient init label, labels = {module=config, Vipserver-Tag=null, source=sdk, Amory-Tag=null, Location-Tag=null, taskId=0, AppName=unknown}
11:53:22.408 [main] INFO  c.a.n.c.r.client - [printIfInfoEnabled,60] - [ed5c2882-6a3d-430b-ba08-85cf9e97d6f2_config-0] Register server push request handler:com.alibaba.nacos.client.config.impl.ClientWorker$ConfigRpcTransportClient$$Lambda$335/659059448
11:53:22.408 [main] INFO  c.a.n.c.r.client - [printIfInfoEnabled,60] - [ed5c2882-6a3d-430b-ba08-85cf9e97d6f2_config-0] Register server push request handler:com.alibaba.nacos.client.config.impl.ClientWorker$ConfigRpcTransportClient$$Lambda$336/124494140
11:53:22.409 [main] INFO  c.a.n.c.r.client - [printIfInfoEnabled,60] - [ed5c2882-6a3d-430b-ba08-85cf9e97d6f2_config-0] Registry connection listener to current client:com.alibaba.nacos.client.config.impl.ClientWorker$ConfigRpcTransportClient$1
11:53:22.409 [main] INFO  c.a.n.c.r.client - [printIfInfoEnabled,60] - [ed5c2882-6a3d-430b-ba08-85cf9e97d6f2_config-0] RpcClient init, ServerListFactory = com.alibaba.nacos.client.config.impl.ClientWorker$ConfigRpcTransportClient$2
11:53:22.414 [main] INFO  c.a.n.c.r.client - [printIfInfoEnabled,60] - [ed5c2882-6a3d-430b-ba08-85cf9e97d6f2_config-0] Try to connect to server on start up, server: {serverIp = '127.0.0.1', server main port = 8848}
11:53:23.549 [main] INFO  c.a.n.c.r.client - [printIfInfoEnabled,60] - [ed5c2882-6a3d-430b-ba08-85cf9e97d6f2_config-0] Success to connect to server [127.0.0.1:8848] on start up, connectionId = 1677210803332_127.0.0.1_60018
11:53:23.550 [com.alibaba.nacos.client.remote.worker] INFO  c.a.n.c.r.client - [printIfInfoEnabled,60] - [ed5c2882-6a3d-430b-ba08-85cf9e97d6f2_config-0] Notify connected event to listeners.
11:53:23.550 [main] INFO  c.a.n.c.r.client - [printIfInfoEnabled,60] - [ed5c2882-6a3d-430b-ba08-85cf9e97d6f2_config-0] Register server push request handler:com.alibaba.nacos.common.remote.client.RpcClient$ConnectResetRequestHandler
11:53:23.550 [main] INFO  c.a.n.c.r.client - [printIfInfoEnabled,60] - [ed5c2882-6a3d-430b-ba08-85cf9e97d6f2_config-0] Register server push request handler:com.alibaba.nacos.common.remote.client.RpcClient$$Lambda$345/990684641
11:53:23.602 [main] INFO  c.t.a.ToweloveAuthApplication - [logStartupProfileInfo,637] - The following 1 profile is active: "dev"
11:53:24.578 [main] INFO  o.a.c.h.Http11NioProtocol - [log,173] - Initializing ProtocolHandler ["http-nio-9200"]
11:53:24.578 [main] INFO  o.a.c.c.StandardService - [log,173] - Starting service [Tomcat]
11:53:24.579 [main] INFO  o.a.c.c.StandardEngine - [log,173] - Starting Servlet engine: [Apache Tomcat/9.0.70]
11:53:24.664 [main] INFO  o.a.c.c.C.[.[.[/] - [log,173] - Initializing Spring embedded WebApplicationContext
11:53:24.794 [main] INFO  o.a.c.c.StandardService - [log,173] - Stopping service [Tomcat]
11:53:37.593 [background-preinit] INFO  o.h.v.i.util.Version - [<clinit>,21] - HV000001: Hibernate Validator 6.2.5.Final
11:53:38.165 [main] INFO  c.a.n.c.r.client - [lambda$createClient$0,80] - [RpcClientFactory] create a new rpc client of 8e5a0217-7860-4bbf-8769-857b43beda21_config-0
11:53:38.197 [main] INFO  o.r.Reflections - [scan,232] - Reflections took 20 ms to scan 1 urls, producing 3 keys and 6 values 
11:53:38.216 [main] INFO  o.r.Reflections - [scan,232] - Reflections took 9 ms to scan 1 urls, producing 4 keys and 9 values 
11:53:38.227 [main] INFO  o.r.Reflections - [scan,232] - Reflections took 9 ms to scan 1 urls, producing 3 keys and 10 values 
11:53:38.343 [main] INFO  o.r.Reflections - [scan,232] - Reflections took 114 ms to scan 172 urls, producing 0 keys and 0 values 
11:53:38.351 [main] INFO  o.r.Reflections - [scan,232] - Reflections took 7 ms to scan 1 urls, producing 1 keys and 5 values 
11:53:38.360 [main] INFO  o.r.Reflections - [scan,232] - Reflections took 7 ms to scan 1 urls, producing 1 keys and 7 values 
11:53:38.369 [main] INFO  o.r.Reflections - [scan,232] - Reflections took 6 ms to scan 1 urls, producing 2 keys and 8 values 
11:53:38.466 [main] INFO  o.r.Reflections - [scan,232] - Reflections took 95 ms to scan 172 urls, producing 0 keys and 0 values 
11:53:38.467 [main] INFO  c.a.n.c.r.client - [printIfInfoEnabled,60] - [8e5a0217-7860-4bbf-8769-857b43beda21_config-0] RpcClient init label, labels = {module=config, Vipserver-Tag=null, source=sdk, Amory-Tag=null, Location-Tag=null, taskId=0, AppName=unknown}
11:53:38.467 [main] INFO  c.a.n.c.r.client - [printIfInfoEnabled,60] - [8e5a0217-7860-4bbf-8769-857b43beda21_config-0] Register server push request handler:com.alibaba.nacos.client.config.impl.ClientWorker$ConfigRpcTransportClient$$Lambda$335/124494140
11:53:38.468 [main] INFO  c.a.n.c.r.client - [printIfInfoEnabled,60] - [8e5a0217-7860-4bbf-8769-857b43beda21_config-0] Register server push request handler:com.alibaba.nacos.client.config.impl.ClientWorker$ConfigRpcTransportClient$$Lambda$336/246826139
11:53:38.468 [main] INFO  c.a.n.c.r.client - [printIfInfoEnabled,60] - [8e5a0217-7860-4bbf-8769-857b43beda21_config-0] Registry connection listener to current client:com.alibaba.nacos.client.config.impl.ClientWorker$ConfigRpcTransportClient$1
11:53:38.468 [main] INFO  c.a.n.c.r.client - [printIfInfoEnabled,60] - [8e5a0217-7860-4bbf-8769-857b43beda21_config-0] RpcClient init, ServerListFactory = com.alibaba.nacos.client.config.impl.ClientWorker$ConfigRpcTransportClient$2
11:53:38.473 [main] INFO  c.a.n.c.r.client - [printIfInfoEnabled,60] - [8e5a0217-7860-4bbf-8769-857b43beda21_config-0] Try to connect to server on start up, server: {serverIp = '127.0.0.1', server main port = 8848}
11:53:39.610 [main] INFO  c.a.n.c.r.client - [printIfInfoEnabled,60] - [8e5a0217-7860-4bbf-8769-857b43beda21_config-0] Success to connect to server [127.0.0.1:8848] on start up, connectionId = 1677210819405_127.0.0.1_60096
11:53:39.611 [com.alibaba.nacos.client.remote.worker] INFO  c.a.n.c.r.client - [printIfInfoEnabled,60] - [8e5a0217-7860-4bbf-8769-857b43beda21_config-0] Notify connected event to listeners.
11:53:39.611 [main] INFO  c.a.n.c.r.client - [printIfInfoEnabled,60] - [8e5a0217-7860-4bbf-8769-857b43beda21_config-0] Register server push request handler:com.alibaba.nacos.common.remote.client.RpcClient$ConnectResetRequestHandler
11:53:39.611 [main] INFO  c.a.n.c.r.client - [printIfInfoEnabled,60] - [8e5a0217-7860-4bbf-8769-857b43beda21_config-0] Register server push request handler:com.alibaba.nacos.common.remote.client.RpcClient$$Lambda$345/1538462491
11:53:39.659 [main] INFO  c.t.a.ToweloveAuthApplication - [logStartupProfileInfo,637] - The following 1 profile is active: "dev"
11:53:40.586 [main] INFO  o.a.c.h.Http11NioProtocol - [log,173] - Initializing ProtocolHandler ["http-nio-9200"]
11:53:40.587 [main] INFO  o.a.c.c.StandardService - [log,173] - Starting service [Tomcat]
11:53:40.587 [main] INFO  o.a.c.c.StandardEngine - [log,173] - Starting Servlet engine: [Apache Tomcat/9.0.70]
11:53:40.671 [main] INFO  o.a.c.c.C.[.[.[/] - [log,173] - Initializing Spring embedded WebApplicationContext
11:53:40.793 [main] INFO  o.a.c.c.StandardService - [log,173] - Stopping service [Tomcat]
11:54:16.489 [background-preinit] INFO  o.h.v.i.util.Version - [<clinit>,21] - HV000001: Hibernate Validator 6.2.5.Final
11:54:17.065 [main] INFO  c.a.n.c.r.client - [lambda$createClient$0,80] - [RpcClientFactory] create a new rpc client of 567b42d2-7722-460d-b670-9336485c9085_config-0
11:54:17.097 [main] INFO  o.r.Reflections - [scan,232] - Reflections took 22 ms to scan 1 urls, producing 3 keys and 6 values 
11:54:17.117 [main] INFO  o.r.Reflections - [scan,232] - Reflections took 10 ms to scan 1 urls, producing 4 keys and 9 values 
11:54:17.127 [main] INFO  o.r.Reflections - [scan,232] - Reflections took 8 ms to scan 1 urls, producing 3 keys and 10 values 
11:54:17.239 [main] INFO  o.r.Reflections - [scan,232] - Reflections took 110 ms to scan 172 urls, producing 0 keys and 0 values 
11:54:17.247 [main] INFO  o.r.Reflections - [scan,232] - Reflections took 7 ms to scan 1 urls, producing 1 keys and 5 values 
11:54:17.256 [main] INFO  o.r.Reflections - [scan,232] - Reflections took 7 ms to scan 1 urls, producing 1 keys and 7 values 
11:54:17.265 [main] INFO  o.r.Reflections - [scan,232] - Reflections took 7 ms to scan 1 urls, producing 2 keys and 8 values 
11:54:17.365 [main] INFO  o.r.Reflections - [scan,232] - Reflections took 98 ms to scan 172 urls, producing 0 keys and 0 values 
11:54:17.366 [main] INFO  c.a.n.c.r.client - [printIfInfoEnabled,60] - [567b42d2-7722-460d-b670-9336485c9085_config-0] RpcClient init label, labels = {module=config, Vipserver-Tag=null, source=sdk, Amory-Tag=null, Location-Tag=null, taskId=0, AppName=unknown}
11:54:17.366 [main] INFO  c.a.n.c.r.client - [printIfInfoEnabled,60] - [567b42d2-7722-460d-b670-9336485c9085_config-0] Register server push request handler:com.alibaba.nacos.client.config.impl.ClientWorker$ConfigRpcTransportClient$$Lambda$335/659059448
11:54:17.366 [main] INFO  c.a.n.c.r.client - [printIfInfoEnabled,60] - [567b42d2-7722-460d-b670-9336485c9085_config-0] Register server push request handler:com.alibaba.nacos.client.config.impl.ClientWorker$ConfigRpcTransportClient$$Lambda$336/124494140
11:54:17.367 [main] INFO  c.a.n.c.r.client - [printIfInfoEnabled,60] - [567b42d2-7722-460d-b670-9336485c9085_config-0] Registry connection listener to current client:com.alibaba.nacos.client.config.impl.ClientWorker$ConfigRpcTransportClient$1
11:54:17.367 [main] INFO  c.a.n.c.r.client - [printIfInfoEnabled,60] - [567b42d2-7722-460d-b670-9336485c9085_config-0] RpcClient init, ServerListFactory = com.alibaba.nacos.client.config.impl.ClientWorker$ConfigRpcTransportClient$2
11:54:17.372 [main] INFO  c.a.n.c.r.client - [printIfInfoEnabled,60] - [567b42d2-7722-460d-b670-9336485c9085_config-0] Try to connect to server on start up, server: {serverIp = '127.0.0.1', server main port = 8848}
11:54:18.491 [main] INFO  c.a.n.c.r.client - [printIfInfoEnabled,60] - [567b42d2-7722-460d-b670-9336485c9085_config-0] Success to connect to server [127.0.0.1:8848] on start up, connectionId = 1677210858277_127.0.0.1_60204
11:54:18.492 [com.alibaba.nacos.client.remote.worker] INFO  c.a.n.c.r.client - [printIfInfoEnabled,60] - [567b42d2-7722-460d-b670-9336485c9085_config-0] Notify connected event to listeners.
11:54:18.492 [main] INFO  c.a.n.c.r.client - [printIfInfoEnabled,60] - [567b42d2-7722-460d-b670-9336485c9085_config-0] Register server push request handler:com.alibaba.nacos.common.remote.client.RpcClient$ConnectResetRequestHandler
11:54:18.492 [main] INFO  c.a.n.c.r.client - [printIfInfoEnabled,60] - [567b42d2-7722-460d-b670-9336485c9085_config-0] Register server push request handler:com.alibaba.nacos.common.remote.client.RpcClient$$Lambda$345/990684641
11:54:18.545 [main] INFO  c.t.a.ToweloveAuthApplication - [logStartupProfileInfo,637] - The following 1 profile is active: "dev"
11:54:19.532 [main] INFO  o.a.c.h.Http11NioProtocol - [log,173] - Initializing ProtocolHandler ["http-nio-9200"]
11:54:19.533 [main] INFO  o.a.c.c.StandardService - [log,173] - Starting service [Tomcat]
11:54:19.533 [main] INFO  o.a.c.c.StandardEngine - [log,173] - Starting Servlet engine: [Apache Tomcat/9.0.70]
11:54:19.622 [main] INFO  o.a.c.c.C.[.[.[/] - [log,173] - Initializing Spring embedded WebApplicationContext
11:54:19.753 [main] INFO  o.a.c.c.StandardService - [log,173] - Stopping service [Tomcat]
11:55:51.076 [background-preinit] INFO  o.h.v.i.util.Version - [<clinit>,21] - HV000001: Hibernate Validator 6.2.5.Final
11:55:51.829 [main] INFO  c.a.n.c.r.client - [lambda$createClient$0,80] - [RpcClientFactory] create a new rpc client of 1b4f3e41-29fc-42f0-9526-706f60fcb392_config-0
11:55:51.866 [main] INFO  o.r.Reflections - [scan,232] - Reflections took 23 ms to scan 1 urls, producing 3 keys and 6 values 
11:55:51.888 [main] INFO  o.r.Reflections - [scan,232] - Reflections took 12 ms to scan 1 urls, producing 4 keys and 9 values 
11:55:51.902 [main] INFO  o.r.Reflections - [scan,232] - Reflections took 10 ms to scan 1 urls, producing 3 keys and 10 values 
11:55:52.132 [main] INFO  o.r.Reflections - [scan,232] - Reflections took 228 ms to scan 172 urls, producing 0 keys and 0 values 
11:55:52.139 [main] INFO  o.r.Reflections - [scan,232] - Reflections took 7 ms to scan 1 urls, producing 1 keys and 5 values 
11:55:52.149 [main] INFO  o.r.Reflections - [scan,232] - Reflections took 8 ms to scan 1 urls, producing 1 keys and 7 values 
11:55:52.157 [main] INFO  o.r.Reflections - [scan,232] - Reflections took 7 ms to scan 1 urls, producing 2 keys and 8 values 
11:55:52.266 [main] INFO  o.r.Reflections - [scan,232] - Reflections took 107 ms to scan 172 urls, producing 0 keys and 0 values 
11:55:52.267 [main] INFO  c.a.n.c.r.client - [printIfInfoEnabled,60] - [1b4f3e41-29fc-42f0-9526-706f60fcb392_config-0] RpcClient init label, labels = {module=config, Vipserver-Tag=null, source=sdk, Amory-Tag=null, Location-Tag=null, taskId=0, AppName=unknown}
11:55:52.268 [main] INFO  c.a.n.c.r.client - [printIfInfoEnabled,60] - [1b4f3e41-29fc-42f0-9526-706f60fcb392_config-0] Register server push request handler:com.alibaba.nacos.client.config.impl.ClientWorker$ConfigRpcTransportClient$$Lambda$335/659059448
11:55:52.268 [main] INFO  c.a.n.c.r.client - [printIfInfoEnabled,60] - [1b4f3e41-29fc-42f0-9526-706f60fcb392_config-0] Register server push request handler:com.alibaba.nacos.client.config.impl.ClientWorker$ConfigRpcTransportClient$$Lambda$336/124494140
11:55:52.268 [main] INFO  c.a.n.c.r.client - [printIfInfoEnabled,60] - [1b4f3e41-29fc-42f0-9526-706f60fcb392_config-0] Registry connection listener to current client:com.alibaba.nacos.client.config.impl.ClientWorker$ConfigRpcTransportClient$1
11:55:52.269 [main] INFO  c.a.n.c.r.client - [printIfInfoEnabled,60] - [1b4f3e41-29fc-42f0-9526-706f60fcb392_config-0] RpcClient init, ServerListFactory = com.alibaba.nacos.client.config.impl.ClientWorker$ConfigRpcTransportClient$2
11:55:52.274 [main] INFO  c.a.n.c.r.client - [printIfInfoEnabled,60] - [1b4f3e41-29fc-42f0-9526-706f60fcb392_config-0] Try to connect to server on start up, server: {serverIp = '127.0.0.1', server main port = 8848}
11:55:53.521 [main] INFO  c.a.n.c.r.client - [printIfInfoEnabled,60] - [1b4f3e41-29fc-42f0-9526-706f60fcb392_config-0] Success to connect to server [127.0.0.1:8848] on start up, connectionId = 1677210953286_127.0.0.1_60580
11:55:53.522 [com.alibaba.nacos.client.remote.worker] INFO  c.a.n.c.r.client - [printIfInfoEnabled,60] - [1b4f3e41-29fc-42f0-9526-706f60fcb392_config-0] Notify connected event to listeners.
11:55:53.522 [main] INFO  c.a.n.c.r.client - [printIfInfoEnabled,60] - [1b4f3e41-29fc-42f0-9526-706f60fcb392_config-0] Register server push request handler:com.alibaba.nacos.common.remote.client.RpcClient$ConnectResetRequestHandler
11:55:53.522 [main] INFO  c.a.n.c.r.client - [printIfInfoEnabled,60] - [1b4f3e41-29fc-42f0-9526-706f60fcb392_config-0] Register server push request handler:com.alibaba.nacos.common.remote.client.RpcClient$$Lambda$345/990684641
11:55:53.576 [main] INFO  c.t.a.ToweloveAuthApplication - [logStartupProfileInfo,637] - The following 1 profile is active: "dev"
11:55:54.550 [main] INFO  o.a.c.h.Http11NioProtocol - [log,173] - Initializing ProtocolHandler ["http-nio-9200"]
11:55:54.550 [main] INFO  o.a.c.c.StandardService - [log,173] - Starting service [Tomcat]
11:55:54.550 [main] INFO  o.a.c.c.StandardEngine - [log,173] - Starting Servlet engine: [Apache Tomcat/9.0.70]
11:55:54.634 [main] INFO  o.a.c.c.C.[.[.[/] - [log,173] - Initializing Spring embedded WebApplicationContext
11:55:54.758 [main] INFO  o.a.c.c.StandardService - [log,173] - Stopping service [Tomcat]
12:31:44.935 [background-preinit] INFO  o.h.v.i.util.Version - [<clinit>,21] - HV000001: Hibernate Validator 6.2.5.Final
12:31:45.499 [main] INFO  c.a.n.c.r.client - [lambda$createClient$0,80] - [RpcClientFactory] create a new rpc client of 10a00e48-ef36-4dd8-a59c-486ea745852f_config-0
12:31:45.529 [main] INFO  o.r.Reflections - [scan,232] - Reflections took 19 ms to scan 1 urls, producing 3 keys and 6 values 
12:31:45.548 [main] INFO  o.r.Reflections - [scan,232] - Reflections took 9 ms to scan 1 urls, producing 4 keys and 9 values 
12:31:45.558 [main] INFO  o.r.Reflections - [scan,232] - Reflections took 8 ms to scan 1 urls, producing 3 keys and 10 values 
12:31:45.673 [main] INFO  o.r.Reflections - [scan,232] - Reflections took 113 ms to scan 172 urls, producing 0 keys and 0 values 
12:31:45.681 [main] INFO  o.r.Reflections - [scan,232] - Reflections took 7 ms to scan 1 urls, producing 1 keys and 5 values 
12:31:45.689 [main] INFO  o.r.Reflections - [scan,232] - Reflections took 7 ms to scan 1 urls, producing 1 keys and 7 values 
12:31:45.698 [main] INFO  o.r.Reflections - [scan,232] - Reflections took 7 ms to scan 1 urls, producing 2 keys and 8 values 
12:31:45.793 [main] INFO  o.r.Reflections - [scan,232] - Reflections took 93 ms to scan 172 urls, producing 0 keys and 0 values 
12:31:45.794 [main] INFO  c.a.n.c.r.client - [printIfInfoEnabled,60] - [10a00e48-ef36-4dd8-a59c-486ea745852f_config-0] RpcClient init label, labels = {module=config, Vipserver-Tag=null, source=sdk, Amory-Tag=null, Location-Tag=null, taskId=0, AppName=unknown}
12:31:45.795 [main] INFO  c.a.n.c.r.client - [printIfInfoEnabled,60] - [10a00e48-ef36-4dd8-a59c-486ea745852f_config-0] Register server push request handler:com.alibaba.nacos.client.config.impl.ClientWorker$ConfigRpcTransportClient$$Lambda$335/1632789609
12:31:45.795 [main] INFO  c.a.n.c.r.client - [printIfInfoEnabled,60] - [10a00e48-ef36-4dd8-a59c-486ea745852f_config-0] Register server push request handler:com.alibaba.nacos.client.config.impl.ClientWorker$ConfigRpcTransportClient$$Lambda$336/659059448
12:31:45.795 [main] INFO  c.a.n.c.r.client - [printIfInfoEnabled,60] - [10a00e48-ef36-4dd8-a59c-486ea745852f_config-0] Registry connection listener to current client:com.alibaba.nacos.client.config.impl.ClientWorker$ConfigRpcTransportClient$1
12:31:45.796 [main] INFO  c.a.n.c.r.client - [printIfInfoEnabled,60] - [10a00e48-ef36-4dd8-a59c-486ea745852f_config-0] RpcClient init, ServerListFactory = com.alibaba.nacos.client.config.impl.ClientWorker$ConfigRpcTransportClient$2
12:31:45.801 [main] INFO  c.a.n.c.r.client - [printIfInfoEnabled,60] - [10a00e48-ef36-4dd8-a59c-486ea745852f_config-0] Try to connect to server on start up, server: {serverIp = '127.0.0.1', server main port = 8848}
12:31:46.942 [main] INFO  c.a.n.c.r.client - [printIfInfoEnabled,60] - [10a00e48-ef36-4dd8-a59c-486ea745852f_config-0] Success to connect to server [127.0.0.1:8848] on start up, connectionId = 1677213106730_127.0.0.1_49891
12:31:46.943 [com.alibaba.nacos.client.remote.worker] INFO  c.a.n.c.r.client - [printIfInfoEnabled,60] - [10a00e48-ef36-4dd8-a59c-486ea745852f_config-0] Notify connected event to listeners.
12:31:46.943 [main] INFO  c.a.n.c.r.client - [printIfInfoEnabled,60] - [10a00e48-ef36-4dd8-a59c-486ea745852f_config-0] Register server push request handler:com.alibaba.nacos.common.remote.client.RpcClient$ConnectResetRequestHandler
12:31:46.943 [main] INFO  c.a.n.c.r.client - [printIfInfoEnabled,60] - [10a00e48-ef36-4dd8-a59c-486ea745852f_config-0] Register server push request handler:com.alibaba.nacos.common.remote.client.RpcClient$$Lambda$345/516413619
12:31:46.994 [main] INFO  c.t.a.ToweloveAuthApplication - [logStartupProfileInfo,637] - The following 1 profile is active: "dev"
12:31:48.027 [main] INFO  o.a.c.h.Http11NioProtocol - [log,173] - Initializing ProtocolHandler ["http-nio-9200"]
12:31:48.028 [main] INFO  o.a.c.c.StandardService - [log,173] - Starting service [Tomcat]
12:31:48.029 [main] INFO  o.a.c.c.StandardEngine - [log,173] - Starting Servlet engine: [Apache Tomcat/9.0.70]
12:31:48.110 [main] INFO  o.a.c.c.C.[.[.[/] - [log,173] - Initializing Spring embedded WebApplicationContext
12:31:48.226 [main] INFO  o.a.c.c.StandardService - [log,173] - Stopping service [Tomcat]
12:50:50.120 [background-preinit] INFO  o.h.v.i.util.Version - [<clinit>,21] - HV000001: Hibernate Validator 6.2.5.Final
12:50:50.729 [main] INFO  c.a.n.c.r.client - [lambda$createClient$0,80] - [RpcClientFactory] create a new rpc client of 5ed64d49-1610-4295-b440-d52ebe1e4a5f_config-0
12:50:50.765 [main] INFO  o.r.Reflections - [scan,232] - Reflections took 22 ms to scan 1 urls, producing 3 keys and 6 values 
12:50:50.788 [main] INFO  o.r.Reflections - [scan,232] - Reflections took 11 ms to scan 1 urls, producing 4 keys and 9 values 
12:50:50.801 [main] INFO  o.r.Reflections - [scan,232] - Reflections took 10 ms to scan 1 urls, producing 3 keys and 10 values 
12:50:50.927 [main] INFO  o.r.Reflections - [scan,232] - Reflections took 123 ms to scan 172 urls, producing 0 keys and 0 values 
12:50:50.935 [main] INFO  o.r.Reflections - [scan,232] - Reflections took 7 ms to scan 1 urls, producing 1 keys and 5 values 
12:50:50.944 [main] INFO  o.r.Reflections - [scan,232] - Reflections took 7 ms to scan 1 urls, producing 1 keys and 7 values 
12:50:50.955 [main] INFO  o.r.Reflections - [scan,232] - Reflections took 9 ms to scan 1 urls, producing 2 keys and 8 values 
12:50:51.050 [main] INFO  o.r.Reflections - [scan,232] - Reflections took 93 ms to scan 172 urls, producing 0 keys and 0 values 
12:50:51.052 [main] INFO  c.a.n.c.r.client - [printIfInfoEnabled,60] - [5ed64d49-1610-4295-b440-d52ebe1e4a5f_config-0] RpcClient init label, labels = {module=config, Vipserver-Tag=null, source=sdk, Amory-Tag=null, Location-Tag=null, taskId=0, AppName=unknown}
12:50:51.052 [main] INFO  c.a.n.c.r.client - [printIfInfoEnabled,60] - [5ed64d49-1610-4295-b440-d52ebe1e4a5f_config-0] Register server push request handler:com.alibaba.nacos.client.config.impl.ClientWorker$ConfigRpcTransportClient$$Lambda$335/1453062635
12:50:51.052 [main] INFO  c.a.n.c.r.client - [printIfInfoEnabled,60] - [5ed64d49-1610-4295-b440-d52ebe1e4a5f_config-0] Register server push request handler:com.alibaba.nacos.client.config.impl.ClientWorker$ConfigRpcTransportClient$$Lambda$336/1632789609
12:50:51.052 [main] INFO  c.a.n.c.r.client - [printIfInfoEnabled,60] - [5ed64d49-1610-4295-b440-d52ebe1e4a5f_config-0] Registry connection listener to current client:com.alibaba.nacos.client.config.impl.ClientWorker$ConfigRpcTransportClient$1
12:50:51.053 [main] INFO  c.a.n.c.r.client - [printIfInfoEnabled,60] - [5ed64d49-1610-4295-b440-d52ebe1e4a5f_config-0] RpcClient init, ServerListFactory = com.alibaba.nacos.client.config.impl.ClientWorker$ConfigRpcTransportClient$2
12:50:51.057 [main] INFO  c.a.n.c.r.client - [printIfInfoEnabled,60] - [5ed64d49-1610-4295-b440-d52ebe1e4a5f_config-0] Try to connect to server on start up, server: {serverIp = '127.0.0.1', server main port = 8848}
12:50:52.159 [main] INFO  c.a.n.c.r.client - [printIfInfoEnabled,60] - [5ed64d49-1610-4295-b440-d52ebe1e4a5f_config-0] Success to connect to server [127.0.0.1:8848] on start up, connectionId = 1677214251974_127.0.0.1_52123
12:50:52.159 [com.alibaba.nacos.client.remote.worker] INFO  c.a.n.c.r.client - [printIfInfoEnabled,60] - [5ed64d49-1610-4295-b440-d52ebe1e4a5f_config-0] Notify connected event to listeners.
12:50:52.160 [main] INFO  c.a.n.c.r.client - [printIfInfoEnabled,60] - [5ed64d49-1610-4295-b440-d52ebe1e4a5f_config-0] Register server push request handler:com.alibaba.nacos.common.remote.client.RpcClient$ConnectResetRequestHandler
12:50:52.160 [main] INFO  c.a.n.c.r.client - [printIfInfoEnabled,60] - [5ed64d49-1610-4295-b440-d52ebe1e4a5f_config-0] Register server push request handler:com.alibaba.nacos.common.remote.client.RpcClient$$Lambda$345/1161382705
12:50:52.208 [main] INFO  c.t.a.ToweloveAuthApplication - [logStartupProfileInfo,637] - The following 1 profile is active: "dev"
12:50:53.283 [main] INFO  o.a.c.h.Http11NioProtocol - [log,173] - Initializing ProtocolHandler ["http-nio-9200"]
12:50:53.284 [main] INFO  o.a.c.c.StandardService - [log,173] - Starting service [Tomcat]
12:50:53.284 [main] INFO  o.a.c.c.StandardEngine - [log,173] - Starting Servlet engine: [Apache Tomcat/9.0.70]
12:50:53.371 [main] INFO  o.a.c.c.C.[.[.[/] - [log,173] - Initializing Spring embedded WebApplicationContext
12:50:53.501 [main] INFO  o.a.c.c.StandardService - [log,173] - Stopping service [Tomcat]
12:53:30.449 [background-preinit] INFO  o.h.v.i.util.Version - [<clinit>,21] - HV000001: Hibernate Validator 6.2.5.Final
12:53:31.038 [main] INFO  c.a.n.c.r.client - [lambda$createClient$0,80] - [RpcClientFactory] create a new rpc client of 3c7420d2-3c77-442a-a6eb-a4ac80695348_config-0
12:53:31.068 [main] INFO  o.r.Reflections - [scan,232] - Reflections took 20 ms to scan 1 urls, producing 3 keys and 6 values 
12:53:31.088 [main] INFO  o.r.Reflections - [scan,232] - Reflections took 10 ms to scan 1 urls, producing 4 keys and 9 values 
12:53:31.099 [main] INFO  o.r.Reflections - [scan,232] - Reflections took 8 ms to scan 1 urls, producing 3 keys and 10 values 
12:53:31.220 [main] INFO  o.r.Reflections - [scan,232] - Reflections took 120 ms to scan 172 urls, producing 0 keys and 0 values 
12:53:31.227 [main] INFO  o.r.Reflections - [scan,232] - Reflections took 6 ms to scan 1 urls, producing 1 keys and 5 values 
12:53:31.236 [main] INFO  o.r.Reflections - [scan,232] - Reflections took 7 ms to scan 1 urls, producing 1 keys and 7 values 
12:53:31.245 [main] INFO  o.r.Reflections - [scan,232] - Reflections took 7 ms to scan 1 urls, producing 2 keys and 8 values 
12:53:31.342 [main] INFO  o.r.Reflections - [scan,232] - Reflections took 95 ms to scan 172 urls, producing 0 keys and 0 values 
12:53:31.343 [main] INFO  c.a.n.c.r.client - [printIfInfoEnabled,60] - [3c7420d2-3c77-442a-a6eb-a4ac80695348_config-0] RpcClient init label, labels = {module=config, Vipserver-Tag=null, source=sdk, Amory-Tag=null, Location-Tag=null, taskId=0, AppName=unknown}
12:53:31.344 [main] INFO  c.a.n.c.r.client - [printIfInfoEnabled,60] - [3c7420d2-3c77-442a-a6eb-a4ac80695348_config-0] Register server push request handler:com.alibaba.nacos.client.config.impl.ClientWorker$ConfigRpcTransportClient$$Lambda$335/124494140
12:53:31.344 [main] INFO  c.a.n.c.r.client - [printIfInfoEnabled,60] - [3c7420d2-3c77-442a-a6eb-a4ac80695348_config-0] Register server push request handler:com.alibaba.nacos.client.config.impl.ClientWorker$ConfigRpcTransportClient$$Lambda$336/246826139
12:53:31.344 [main] INFO  c.a.n.c.r.client - [printIfInfoEnabled,60] - [3c7420d2-3c77-442a-a6eb-a4ac80695348_config-0] Registry connection listener to current client:com.alibaba.nacos.client.config.impl.ClientWorker$ConfigRpcTransportClient$1
12:53:31.344 [main] INFO  c.a.n.c.r.client - [printIfInfoEnabled,60] - [3c7420d2-3c77-442a-a6eb-a4ac80695348_config-0] RpcClient init, ServerListFactory = com.alibaba.nacos.client.config.impl.ClientWorker$ConfigRpcTransportClient$2
12:53:31.349 [main] INFO  c.a.n.c.r.client - [printIfInfoEnabled,60] - [3c7420d2-3c77-442a-a6eb-a4ac80695348_config-0] Try to connect to server on start up, server: {serverIp = '127.0.0.1', server main port = 8848}
12:53:32.502 [main] INFO  c.a.n.c.r.client - [printIfInfoEnabled,60] - [3c7420d2-3c77-442a-a6eb-a4ac80695348_config-0] Success to connect to server [127.0.0.1:8848] on start up, connectionId = 1677214412288_127.0.0.1_52439
12:53:32.502 [com.alibaba.nacos.client.remote.worker] INFO  c.a.n.c.r.client - [printIfInfoEnabled,60] - [3c7420d2-3c77-442a-a6eb-a4ac80695348_config-0] Notify connected event to listeners.
12:53:32.503 [main] INFO  c.a.n.c.r.client - [printIfInfoEnabled,60] - [3c7420d2-3c77-442a-a6eb-a4ac80695348_config-0] Register server push request handler:com.alibaba.nacos.common.remote.client.RpcClient$ConnectResetRequestHandler
12:53:32.503 [main] INFO  c.a.n.c.r.client - [printIfInfoEnabled,60] - [3c7420d2-3c77-442a-a6eb-a4ac80695348_config-0] Register server push request handler:com.alibaba.nacos.common.remote.client.RpcClient$$Lambda$345/1538462491
12:53:32.556 [main] INFO  c.t.a.ToweloveAuthApplication - [logStartupProfileInfo,637] - The following 1 profile is active: "dev"
12:53:33.658 [main] INFO  o.a.c.h.Http11NioProtocol - [log,173] - Initializing ProtocolHandler ["http-nio-9200"]
12:53:33.658 [main] INFO  o.a.c.c.StandardService - [log,173] - Starting service [Tomcat]
12:53:33.658 [main] INFO  o.a.c.c.StandardEngine - [log,173] - Starting Servlet engine: [Apache Tomcat/9.0.70]
12:53:33.746 [main] INFO  o.a.c.c.C.[.[.[/] - [log,173] - Initializing Spring embedded WebApplicationContext
12:53:34.193 [main] INFO  o.a.c.c.StandardService - [log,173] - Stopping service [Tomcat]
13:04:17.737 [background-preinit] INFO  o.h.v.i.util.Version - [<clinit>,21] - HV000001: Hibernate Validator 6.2.5.Final
13:04:18.400 [main] INFO  c.a.n.c.r.client - [lambda$createClient$0,80] - [RpcClientFactory] create a new rpc client of 7959420c-043f-4720-b9fc-52c9bb38c673_config-0
13:04:18.435 [main] INFO  o.r.Reflections - [scan,232] - Reflections took 21 ms to scan 1 urls, producing 3 keys and 6 values 
13:04:18.458 [main] INFO  o.r.Reflections - [scan,232] - Reflections took 10 ms to scan 1 urls, producing 4 keys and 9 values 
13:04:18.468 [main] INFO  o.r.Reflections - [scan,232] - Reflections took 8 ms to scan 1 urls, producing 3 keys and 10 values 
13:04:18.729 [main] INFO  o.r.Reflections - [scan,232] - Reflections took 259 ms to scan 172 urls, producing 0 keys and 0 values 
13:04:18.739 [main] INFO  o.r.Reflections - [scan,232] - Reflections took 9 ms to scan 1 urls, producing 1 keys and 5 values 
13:04:18.755 [main] INFO  o.r.Reflections - [scan,232] - Reflections took 13 ms to scan 1 urls, producing 1 keys and 7 values 
13:04:18.769 [main] INFO  o.r.Reflections - [scan,232] - Reflections took 13 ms to scan 1 urls, producing 2 keys and 8 values 
13:04:18.885 [main] INFO  o.r.Reflections - [scan,232] - Reflections took 113 ms to scan 172 urls, producing 0 keys and 0 values 
13:04:18.886 [main] INFO  c.a.n.c.r.client - [printIfInfoEnabled,60] - [7959420c-043f-4720-b9fc-52c9bb38c673_config-0] RpcClient init label, labels = {module=config, Vipserver-Tag=null, source=sdk, Amory-Tag=null, Location-Tag=null, taskId=0, AppName=unknown}
13:04:18.887 [main] INFO  c.a.n.c.r.client - [printIfInfoEnabled,60] - [7959420c-043f-4720-b9fc-52c9bb38c673_config-0] Register server push request handler:com.alibaba.nacos.client.config.impl.ClientWorker$ConfigRpcTransportClient$$Lambda$335/1453062635
13:04:18.887 [main] INFO  c.a.n.c.r.client - [printIfInfoEnabled,60] - [7959420c-043f-4720-b9fc-52c9bb38c673_config-0] Register server push request handler:com.alibaba.nacos.client.config.impl.ClientWorker$ConfigRpcTransportClient$$Lambda$336/1632789609
13:04:18.888 [main] INFO  c.a.n.c.r.client - [printIfInfoEnabled,60] - [7959420c-043f-4720-b9fc-52c9bb38c673_config-0] Registry connection listener to current client:com.alibaba.nacos.client.config.impl.ClientWorker$ConfigRpcTransportClient$1
13:04:18.888 [main] INFO  c.a.n.c.r.client - [printIfInfoEnabled,60] - [7959420c-043f-4720-b9fc-52c9bb38c673_config-0] RpcClient init, ServerListFactory = com.alibaba.nacos.client.config.impl.ClientWorker$ConfigRpcTransportClient$2
13:04:18.893 [main] INFO  c.a.n.c.r.client - [printIfInfoEnabled,60] - [7959420c-043f-4720-b9fc-52c9bb38c673_config-0] Try to connect to server on start up, server: {serverIp = '127.0.0.1', server main port = 8848}
13:04:20.146 [main] INFO  c.a.n.c.r.client - [printIfInfoEnabled,60] - [7959420c-043f-4720-b9fc-52c9bb38c673_config-0] Success to connect to server [127.0.0.1:8848] on start up, connectionId = 1677215059902_127.0.0.1_52927
13:04:20.146 [com.alibaba.nacos.client.remote.worker] INFO  c.a.n.c.r.client - [printIfInfoEnabled,60] - [7959420c-043f-4720-b9fc-52c9bb38c673_config-0] Notify connected event to listeners.
13:04:20.146 [main] INFO  c.a.n.c.r.client - [printIfInfoEnabled,60] - [7959420c-043f-4720-b9fc-52c9bb38c673_config-0] Register server push request handler:com.alibaba.nacos.common.remote.client.RpcClient$ConnectResetRequestHandler
13:04:20.146 [main] INFO  c.a.n.c.r.client - [printIfInfoEnabled,60] - [7959420c-043f-4720-b9fc-52c9bb38c673_config-0] Register server push request handler:com.alibaba.nacos.common.remote.client.RpcClient$$Lambda$345/1161382705
13:04:20.196 [main] INFO  c.t.a.ToweloveAuthApplication - [logStartupProfileInfo,637] - The following 1 profile is active: "dev"
13:04:21.351 [main] INFO  o.a.c.h.Http11NioProtocol - [log,173] - Initializing ProtocolHandler ["http-nio-9200"]
13:04:21.352 [main] INFO  o.a.c.c.StandardService - [log,173] - Starting service [Tomcat]
13:04:21.352 [main] INFO  o.a.c.c.StandardEngine - [log,173] - Starting Servlet engine: [Apache Tomcat/9.0.70]
13:04:21.437 [main] INFO  o.a.c.c.C.[.[.[/] - [log,173] - Initializing Spring embedded WebApplicationContext
13:04:21.778 [main] INFO  o.a.c.c.StandardService - [log,173] - Stopping service [Tomcat]
13:05:42.270 [background-preinit] INFO  o.h.v.i.util.Version - [<clinit>,21] - HV000001: Hibernate Validator 6.2.5.Final
13:05:42.848 [main] INFO  c.a.n.c.r.client - [lambda$createClient$0,80] - [RpcClientFactory] create a new rpc client of 5700e302-9bb6-45fe-81f9-4c510e6d3f77_config-0
13:05:42.879 [main] INFO  o.r.Reflections - [scan,232] - Reflections took 20 ms to scan 1 urls, producing 3 keys and 6 values 
13:05:42.899 [main] INFO  o.r.Reflections - [scan,232] - Reflections took 10 ms to scan 1 urls, producing 4 keys and 9 values 
13:05:42.909 [main] INFO  o.r.Reflections - [scan,232] - Reflections took 8 ms to scan 1 urls, producing 3 keys and 10 values 
13:05:43.021 [main] INFO  o.r.Reflections - [scan,232] - Reflections took 109 ms to scan 172 urls, producing 0 keys and 0 values 
13:05:43.029 [main] INFO  o.r.Reflections - [scan,232] - Reflections took 7 ms to scan 1 urls, producing 1 keys and 5 values 
13:05:43.038 [main] INFO  o.r.Reflections - [scan,232] - Reflections took 8 ms to scan 1 urls, producing 1 keys and 7 values 
13:05:43.047 [main] INFO  o.r.Reflections - [scan,232] - Reflections took 6 ms to scan 1 urls, producing 2 keys and 8 values 
13:05:43.145 [main] INFO  o.r.Reflections - [scan,232] - Reflections took 97 ms to scan 172 urls, producing 0 keys and 0 values 
13:05:43.146 [main] INFO  c.a.n.c.r.client - [printIfInfoEnabled,60] - [5700e302-9bb6-45fe-81f9-4c510e6d3f77_config-0] RpcClient init label, labels = {module=config, Vipserver-Tag=null, source=sdk, Amory-Tag=null, Location-Tag=null, taskId=0, AppName=unknown}
13:05:43.146 [main] INFO  c.a.n.c.r.client - [printIfInfoEnabled,60] - [5700e302-9bb6-45fe-81f9-4c510e6d3f77_config-0] Register server push request handler:com.alibaba.nacos.client.config.impl.ClientWorker$ConfigRpcTransportClient$$Lambda$335/1453062635
13:05:43.147 [main] INFO  c.a.n.c.r.client - [printIfInfoEnabled,60] - [5700e302-9bb6-45fe-81f9-4c510e6d3f77_config-0] Register server push request handler:com.alibaba.nacos.client.config.impl.ClientWorker$ConfigRpcTransportClient$$Lambda$336/1632789609
13:05:43.147 [main] INFO  c.a.n.c.r.client - [printIfInfoEnabled,60] - [5700e302-9bb6-45fe-81f9-4c510e6d3f77_config-0] Registry connection listener to current client:com.alibaba.nacos.client.config.impl.ClientWorker$ConfigRpcTransportClient$1
13:05:43.147 [main] INFO  c.a.n.c.r.client - [printIfInfoEnabled,60] - [5700e302-9bb6-45fe-81f9-4c510e6d3f77_config-0] RpcClient init, ServerListFactory = com.alibaba.nacos.client.config.impl.ClientWorker$ConfigRpcTransportClient$2
13:05:43.152 [main] INFO  c.a.n.c.r.client - [printIfInfoEnabled,60] - [5700e302-9bb6-45fe-81f9-4c510e6d3f77_config-0] Try to connect to server on start up, server: {serverIp = '127.0.0.1', server main port = 8848}
13:05:44.259 [main] INFO  c.a.n.c.r.client - [printIfInfoEnabled,60] - [5700e302-9bb6-45fe-81f9-4c510e6d3f77_config-0] Success to connect to server [127.0.0.1:8848] on start up, connectionId = 1677215144058_127.0.0.1_53034
13:05:44.260 [com.alibaba.nacos.client.remote.worker] INFO  c.a.n.c.r.client - [printIfInfoEnabled,60] - [5700e302-9bb6-45fe-81f9-4c510e6d3f77_config-0] Notify connected event to listeners.
13:05:44.260 [main] INFO  c.a.n.c.r.client - [printIfInfoEnabled,60] - [5700e302-9bb6-45fe-81f9-4c510e6d3f77_config-0] Register server push request handler:com.alibaba.nacos.common.remote.client.RpcClient$ConnectResetRequestHandler
13:05:44.261 [main] INFO  c.a.n.c.r.client - [printIfInfoEnabled,60] - [5700e302-9bb6-45fe-81f9-4c510e6d3f77_config-0] Register server push request handler:com.alibaba.nacos.common.remote.client.RpcClient$$Lambda$345/1161382705
13:05:44.310 [main] INFO  c.t.a.ToweloveAuthApplication - [logStartupProfileInfo,637] - The following 1 profile is active: "dev"
13:05:45.356 [main] INFO  o.a.c.h.Http11NioProtocol - [log,173] - Initializing ProtocolHandler ["http-nio-9200"]
13:05:45.357 [main] INFO  o.a.c.c.StandardService - [log,173] - Starting service [Tomcat]
13:05:45.357 [main] INFO  o.a.c.c.StandardEngine - [log,173] - Starting Servlet engine: [Apache Tomcat/9.0.70]
13:05:45.444 [main] INFO  o.a.c.c.C.[.[.[/] - [log,173] - Initializing Spring embedded WebApplicationContext
13:05:45.833 [main] INFO  o.a.c.c.StandardService - [log,173] - Stopping service [Tomcat]
13:10:18.169 [background-preinit] INFO  o.h.v.i.util.Version - [<clinit>,21] - HV000001: Hibernate Validator 6.2.5.Final
13:10:18.773 [main] INFO  c.a.n.c.r.client - [lambda$createClient$0,80] - [RpcClientFactory] create a new rpc client of de0c8960-9a2a-47a0-ba70-a464774ad7d3_config-0
13:10:18.808 [main] INFO  o.r.Reflections - [scan,232] - Reflections took 22 ms to scan 1 urls, producing 3 keys and 6 values 
13:10:18.829 [main] INFO  o.r.Reflections - [scan,232] - Reflections took 10 ms to scan 1 urls, producing 4 keys and 9 values 
13:10:18.840 [main] INFO  o.r.Reflections - [scan,232] - Reflections took 8 ms to scan 1 urls, producing 3 keys and 10 values 
13:10:18.963 [main] INFO  o.r.Reflections - [scan,232] - Reflections took 120 ms to scan 172 urls, producing 0 keys and 0 values 
13:10:18.971 [main] INFO  o.r.Reflections - [scan,232] - Reflections took 7 ms to scan 1 urls, producing 1 keys and 5 values 
13:10:18.980 [main] INFO  o.r.Reflections - [scan,232] - Reflections took 7 ms to scan 1 urls, producing 1 keys and 7 values 
13:10:18.989 [main] INFO  o.r.Reflections - [scan,232] - Reflections took 7 ms to scan 1 urls, producing 2 keys and 8 values 
13:10:19.086 [main] INFO  o.r.Reflections - [scan,232] - Reflections took 96 ms to scan 172 urls, producing 0 keys and 0 values 
13:10:19.087 [main] INFO  c.a.n.c.r.client - [printIfInfoEnabled,60] - [de0c8960-9a2a-47a0-ba70-a464774ad7d3_config-0] RpcClient init label, labels = {module=config, Vipserver-Tag=null, source=sdk, Amory-Tag=null, Location-Tag=null, taskId=0, AppName=unknown}
13:10:19.088 [main] INFO  c.a.n.c.r.client - [printIfInfoEnabled,60] - [de0c8960-9a2a-47a0-ba70-a464774ad7d3_config-0] Register server push request handler:com.alibaba.nacos.client.config.impl.ClientWorker$ConfigRpcTransportClient$$Lambda$335/1632789609
13:10:19.088 [main] INFO  c.a.n.c.r.client - [printIfInfoEnabled,60] - [de0c8960-9a2a-47a0-ba70-a464774ad7d3_config-0] Register server push request handler:com.alibaba.nacos.client.config.impl.ClientWorker$ConfigRpcTransportClient$$Lambda$336/659059448
13:10:19.089 [main] INFO  c.a.n.c.r.client - [printIfInfoEnabled,60] - [de0c8960-9a2a-47a0-ba70-a464774ad7d3_config-0] Registry connection listener to current client:com.alibaba.nacos.client.config.impl.ClientWorker$ConfigRpcTransportClient$1
13:10:19.089 [main] INFO  c.a.n.c.r.client - [printIfInfoEnabled,60] - [de0c8960-9a2a-47a0-ba70-a464774ad7d3_config-0] RpcClient init, ServerListFactory = com.alibaba.nacos.client.config.impl.ClientWorker$ConfigRpcTransportClient$2
13:10:19.094 [main] INFO  c.a.n.c.r.client - [printIfInfoEnabled,60] - [de0c8960-9a2a-47a0-ba70-a464774ad7d3_config-0] Try to connect to server on start up, server: {serverIp = '127.0.0.1', server main port = 8848}
13:10:20.312 [main] INFO  c.a.n.c.r.client - [printIfInfoEnabled,60] - [de0c8960-9a2a-47a0-ba70-a464774ad7d3_config-0] Success to connect to server [127.0.0.1:8848] on start up, connectionId = 1677215420062_127.0.0.1_53474
13:10:20.313 [com.alibaba.nacos.client.remote.worker] INFO  c.a.n.c.r.client - [printIfInfoEnabled,60] - [de0c8960-9a2a-47a0-ba70-a464774ad7d3_config-0] Notify connected event to listeners.
13:10:20.313 [main] INFO  c.a.n.c.r.client - [printIfInfoEnabled,60] - [de0c8960-9a2a-47a0-ba70-a464774ad7d3_config-0] Register server push request handler:com.alibaba.nacos.common.remote.client.RpcClient$ConnectResetRequestHandler
13:10:20.313 [main] INFO  c.a.n.c.r.client - [printIfInfoEnabled,60] - [de0c8960-9a2a-47a0-ba70-a464774ad7d3_config-0] Register server push request handler:com.alibaba.nacos.common.remote.client.RpcClient$$Lambda$345/516413619
13:10:20.373 [main] INFO  c.t.a.ToweloveAuthApplication - [logStartupProfileInfo,637] - The following 1 profile is active: "dev"
13:10:24.750 [background-preinit] INFO  o.h.v.i.util.Version - [<clinit>,21] - HV000001: Hibernate Validator 6.2.5.Final
13:10:25.320 [main] INFO  c.a.n.c.r.client - [lambda$createClient$0,80] - [RpcClientFactory] create a new rpc client of 9b903636-206b-457f-ae32-79c0b1674ae9_config-0
13:10:25.351 [main] INFO  o.r.Reflections - [scan,232] - Reflections took 20 ms to scan 1 urls, producing 3 keys and 6 values 
13:10:25.371 [main] INFO  o.r.Reflections - [scan,232] - Reflections took 9 ms to scan 1 urls, producing 4 keys and 9 values 
13:10:25.381 [main] INFO  o.r.Reflections - [scan,232] - Reflections took 8 ms to scan 1 urls, producing 3 keys and 10 values 
13:10:25.497 [main] INFO  o.r.Reflections - [scan,232] - Reflections took 112 ms to scan 172 urls, producing 0 keys and 0 values 
13:10:25.504 [main] INFO  o.r.Reflections - [scan,232] - Reflections took 7 ms to scan 1 urls, producing 1 keys and 5 values 
13:10:25.514 [main] INFO  o.r.Reflections - [scan,232] - Reflections took 8 ms to scan 1 urls, producing 1 keys and 7 values 
13:10:25.524 [main] INFO  o.r.Reflections - [scan,232] - Reflections took 8 ms to scan 1 urls, producing 2 keys and 8 values 
13:10:25.620 [main] INFO  o.r.Reflections - [scan,232] - Reflections took 93 ms to scan 172 urls, producing 0 keys and 0 values 
13:10:25.621 [main] INFO  c.a.n.c.r.client - [printIfInfoEnabled,60] - [9b903636-206b-457f-ae32-79c0b1674ae9_config-0] RpcClient init label, labels = {module=config, Vipserver-Tag=null, source=sdk, Amory-Tag=null, Location-Tag=null, taskId=0, AppName=unknown}
13:10:25.621 [main] INFO  c.a.n.c.r.client - [printIfInfoEnabled,60] - [9b903636-206b-457f-ae32-79c0b1674ae9_config-0] Register server push request handler:com.alibaba.nacos.client.config.impl.ClientWorker$ConfigRpcTransportClient$$Lambda$335/1632789609
13:10:25.622 [main] INFO  c.a.n.c.r.client - [printIfInfoEnabled,60] - [9b903636-206b-457f-ae32-79c0b1674ae9_config-0] Register server push request handler:com.alibaba.nacos.client.config.impl.ClientWorker$ConfigRpcTransportClient$$Lambda$336/659059448
13:10:25.622 [main] INFO  c.a.n.c.r.client - [printIfInfoEnabled,60] - [9b903636-206b-457f-ae32-79c0b1674ae9_config-0] Registry connection listener to current client:com.alibaba.nacos.client.config.impl.ClientWorker$ConfigRpcTransportClient$1
13:10:25.623 [main] INFO  c.a.n.c.r.client - [printIfInfoEnabled,60] - [9b903636-206b-457f-ae32-79c0b1674ae9_config-0] RpcClient init, ServerListFactory = com.alibaba.nacos.client.config.impl.ClientWorker$ConfigRpcTransportClient$2
13:10:25.628 [main] INFO  c.a.n.c.r.client - [printIfInfoEnabled,60] - [9b903636-206b-457f-ae32-79c0b1674ae9_config-0] Try to connect to server on start up, server: {serverIp = '127.0.0.1', server main port = 8848}
13:10:26.742 [main] INFO  c.a.n.c.r.client - [printIfInfoEnabled,60] - [9b903636-206b-457f-ae32-79c0b1674ae9_config-0] Success to connect to server [127.0.0.1:8848] on start up, connectionId = 1677215426533_127.0.0.1_53558
13:10:26.743 [com.alibaba.nacos.client.remote.worker] INFO  c.a.n.c.r.client - [printIfInfoEnabled,60] - [9b903636-206b-457f-ae32-79c0b1674ae9_config-0] Notify connected event to listeners.
13:10:26.743 [main] INFO  c.a.n.c.r.client - [printIfInfoEnabled,60] - [9b903636-206b-457f-ae32-79c0b1674ae9_config-0] Register server push request handler:com.alibaba.nacos.common.remote.client.RpcClient$ConnectResetRequestHandler
13:10:26.743 [main] INFO  c.a.n.c.r.client - [printIfInfoEnabled,60] - [9b903636-206b-457f-ae32-79c0b1674ae9_config-0] Register server push request handler:com.alibaba.nacos.common.remote.client.RpcClient$$Lambda$345/516413619
13:10:26.790 [main] INFO  c.t.a.ToweloveAuthApplication - [logStartupProfileInfo,637] - The following 1 profile is active: "dev"
13:10:27.803 [main] INFO  o.a.c.h.Http11NioProtocol - [log,173] - Initializing ProtocolHandler ["http-nio-9200"]
13:10:27.803 [main] INFO  o.a.c.c.StandardService - [log,173] - Starting service [Tomcat]
13:10:27.803 [main] INFO  o.a.c.c.StandardEngine - [log,173] - Starting Servlet engine: [Apache Tomcat/9.0.70]
13:10:27.889 [main] INFO  o.a.c.c.C.[.[.[/] - [log,173] - Initializing Spring embedded WebApplicationContext
13:10:28.306 [main] INFO  o.a.c.c.StandardService - [log,173] - Stopping service [Tomcat]
13:10:39.965 [background-preinit] INFO  o.h.v.i.util.Version - [<clinit>,21] - HV000001: Hibernate Validator 6.2.5.Final
13:10:40.548 [main] INFO  c.a.n.c.r.client - [lambda$createClient$0,80] - [RpcClientFactory] create a new rpc client of 6919b21f-0861-4019-83a6-62eb07c8a844_config-0
13:10:40.580 [main] INFO  o.r.Reflections - [scan,232] - Reflections took 21 ms to scan 1 urls, producing 3 keys and 6 values 
13:10:40.599 [main] INFO  o.r.Reflections - [scan,232] - Reflections took 9 ms to scan 1 urls, producing 4 keys and 9 values 
13:10:40.609 [main] INFO  o.r.Reflections - [scan,232] - Reflections took 8 ms to scan 1 urls, producing 3 keys and 10 values 
13:10:40.723 [main] INFO  o.r.Reflections - [scan,232] - Reflections took 112 ms to scan 172 urls, producing 0 keys and 0 values 
13:10:40.730 [main] INFO  o.r.Reflections - [scan,232] - Reflections took 6 ms to scan 1 urls, producing 1 keys and 5 values 
13:10:40.739 [main] INFO  o.r.Reflections - [scan,232] - Reflections took 7 ms to scan 1 urls, producing 1 keys and 7 values 
13:10:40.747 [main] INFO  o.r.Reflections - [scan,232] - Reflections took 6 ms to scan 1 urls, producing 2 keys and 8 values 
13:10:40.842 [main] INFO  o.r.Reflections - [scan,232] - Reflections took 92 ms to scan 172 urls, producing 0 keys and 0 values 
13:10:40.843 [main] INFO  c.a.n.c.r.client - [printIfInfoEnabled,60] - [6919b21f-0861-4019-83a6-62eb07c8a844_config-0] RpcClient init label, labels = {module=config, Vipserver-Tag=null, source=sdk, Amory-Tag=null, Location-Tag=null, taskId=0, AppName=unknown}
13:10:40.843 [main] INFO  c.a.n.c.r.client - [printIfInfoEnabled,60] - [6919b21f-0861-4019-83a6-62eb07c8a844_config-0] Register server push request handler:com.alibaba.nacos.client.config.impl.ClientWorker$ConfigRpcTransportClient$$Lambda$335/659059448
13:10:40.844 [main] INFO  c.a.n.c.r.client - [printIfInfoEnabled,60] - [6919b21f-0861-4019-83a6-62eb07c8a844_config-0] Register server push request handler:com.alibaba.nacos.client.config.impl.ClientWorker$ConfigRpcTransportClient$$Lambda$336/124494140
13:10:40.845 [main] INFO  c.a.n.c.r.client - [printIfInfoEnabled,60] - [6919b21f-0861-4019-83a6-62eb07c8a844_config-0] Registry connection listener to current client:com.alibaba.nacos.client.config.impl.ClientWorker$ConfigRpcTransportClient$1
13:10:40.845 [main] INFO  c.a.n.c.r.client - [printIfInfoEnabled,60] - [6919b21f-0861-4019-83a6-62eb07c8a844_config-0] RpcClient init, ServerListFactory = com.alibaba.nacos.client.config.impl.ClientWorker$ConfigRpcTransportClient$2
13:10:40.850 [main] INFO  c.a.n.c.r.client - [printIfInfoEnabled,60] - [6919b21f-0861-4019-83a6-62eb07c8a844_config-0] Try to connect to server on start up, server: {serverIp = '127.0.0.1', server main port = 8848}
13:10:41.994 [main] INFO  c.a.n.c.r.client - [printIfInfoEnabled,60] - [6919b21f-0861-4019-83a6-62eb07c8a844_config-0] Success to connect to server [127.0.0.1:8848] on start up, connectionId = 1677215441779_127.0.0.1_53645
13:10:41.995 [com.alibaba.nacos.client.remote.worker] INFO  c.a.n.c.r.client - [printIfInfoEnabled,60] - [6919b21f-0861-4019-83a6-62eb07c8a844_config-0] Notify connected event to listeners.
13:10:41.995 [main] INFO  c.a.n.c.r.client - [printIfInfoEnabled,60] - [6919b21f-0861-4019-83a6-62eb07c8a844_config-0] Register server push request handler:com.alibaba.nacos.common.remote.client.RpcClient$ConnectResetRequestHandler
13:10:41.996 [main] INFO  c.a.n.c.r.client - [printIfInfoEnabled,60] - [6919b21f-0861-4019-83a6-62eb07c8a844_config-0] Register server push request handler:com.alibaba.nacos.common.remote.client.RpcClient$$Lambda$345/990684641
13:10:42.044 [main] INFO  c.t.a.ToweloveAuthApplication - [logStartupProfileInfo,637] - The following 1 profile is active: "dev"
13:10:43.071 [main] INFO  o.a.c.h.Http11NioProtocol - [log,173] - Initializing ProtocolHandler ["http-nio-9200"]
13:10:43.072 [main] INFO  o.a.c.c.StandardService - [log,173] - Starting service [Tomcat]
13:10:43.072 [main] INFO  o.a.c.c.StandardEngine - [log,173] - Starting Servlet engine: [Apache Tomcat/9.0.70]
13:10:43.154 [main] INFO  o.a.c.c.C.[.[.[/] - [log,173] - Initializing Spring embedded WebApplicationContext
13:10:43.547 [main] INFO  o.a.c.c.StandardService - [log,173] - Stopping service [Tomcat]
13:11:56.205 [background-preinit] INFO  o.h.v.i.util.Version - [<clinit>,21] - HV000001: Hibernate Validator 6.2.5.Final
13:11:56.782 [main] INFO  c.a.n.c.r.client - [lambda$createClient$0,80] - [RpcClientFactory] create a new rpc client of a8debe31-f96f-446f-8dd0-281013a75c50_config-0
13:11:56.812 [main] INFO  o.r.Reflections - [scan,232] - Reflections took 20 ms to scan 1 urls, producing 3 keys and 6 values 
13:11:56.833 [main] INFO  o.r.Reflections - [scan,232] - Reflections took 9 ms to scan 1 urls, producing 4 keys and 9 values 
13:11:56.843 [main] INFO  o.r.Reflections - [scan,232] - Reflections took 9 ms to scan 1 urls, producing 3 keys and 10 values 
13:11:56.963 [main] INFO  o.r.Reflections - [scan,232] - Reflections took 118 ms to scan 172 urls, producing 0 keys and 0 values 
13:11:56.971 [main] INFO  o.r.Reflections - [scan,232] - Reflections took 7 ms to scan 1 urls, producing 1 keys and 5 values 
13:11:56.980 [main] INFO  o.r.Reflections - [scan,232] - Reflections took 8 ms to scan 1 urls, producing 1 keys and 7 values 
13:11:56.989 [main] INFO  o.r.Reflections - [scan,232] - Reflections took 7 ms to scan 1 urls, producing 2 keys and 8 values 
13:11:57.087 [main] INFO  o.r.Reflections - [scan,232] - Reflections took 96 ms to scan 172 urls, producing 0 keys and 0 values 
13:11:57.088 [main] INFO  c.a.n.c.r.client - [printIfInfoEnabled,60] - [a8debe31-f96f-446f-8dd0-281013a75c50_config-0] RpcClient init label, labels = {module=config, Vipserver-Tag=null, source=sdk, Amory-Tag=null, Location-Tag=null, taskId=0, AppName=unknown}
13:11:57.089 [main] INFO  c.a.n.c.r.client - [printIfInfoEnabled,60] - [a8debe31-f96f-446f-8dd0-281013a75c50_config-0] Register server push request handler:com.alibaba.nacos.client.config.impl.ClientWorker$ConfigRpcTransportClient$$Lambda$335/659059448
13:11:57.089 [main] INFO  c.a.n.c.r.client - [printIfInfoEnabled,60] - [a8debe31-f96f-446f-8dd0-281013a75c50_config-0] Register server push request handler:com.alibaba.nacos.client.config.impl.ClientWorker$ConfigRpcTransportClient$$Lambda$336/124494140
13:11:57.090 [main] INFO  c.a.n.c.r.client - [printIfInfoEnabled,60] - [a8debe31-f96f-446f-8dd0-281013a75c50_config-0] Registry connection listener to current client:com.alibaba.nacos.client.config.impl.ClientWorker$ConfigRpcTransportClient$1
13:11:57.090 [main] INFO  c.a.n.c.r.client - [printIfInfoEnabled,60] - [a8debe31-f96f-446f-8dd0-281013a75c50_config-0] RpcClient init, ServerListFactory = com.alibaba.nacos.client.config.impl.ClientWorker$ConfigRpcTransportClient$2
13:11:57.095 [main] INFO  c.a.n.c.r.client - [printIfInfoEnabled,60] - [a8debe31-f96f-446f-8dd0-281013a75c50_config-0] Try to connect to server on start up, server: {serverIp = '127.0.0.1', server main port = 8848}
13:11:58.206 [main] INFO  c.a.n.c.r.client - [printIfInfoEnabled,60] - [a8debe31-f96f-446f-8dd0-281013a75c50_config-0] Success to connect to server [127.0.0.1:8848] on start up, connectionId = 1677215518003_127.0.0.1_53755
13:11:58.207 [com.alibaba.nacos.client.remote.worker] INFO  c.a.n.c.r.client - [printIfInfoEnabled,60] - [a8debe31-f96f-446f-8dd0-281013a75c50_config-0] Notify connected event to listeners.
13:11:58.207 [main] INFO  c.a.n.c.r.client - [printIfInfoEnabled,60] - [a8debe31-f96f-446f-8dd0-281013a75c50_config-0] Register server push request handler:com.alibaba.nacos.common.remote.client.RpcClient$ConnectResetRequestHandler
13:11:58.207 [main] INFO  c.a.n.c.r.client - [printIfInfoEnabled,60] - [a8debe31-f96f-446f-8dd0-281013a75c50_config-0] Register server push request handler:com.alibaba.nacos.common.remote.client.RpcClient$$Lambda$345/990684641
13:11:58.251 [main] INFO  c.t.a.ToweloveAuthApplication - [logStartupProfileInfo,637] - The following 1 profile is active: "dev"
13:11:59.391 [main] INFO  o.a.c.h.Http11NioProtocol - [log,173] - Initializing ProtocolHandler ["http-nio-9200"]
13:11:59.391 [main] INFO  o.a.c.c.StandardService - [log,173] - Starting service [Tomcat]
13:11:59.391 [main] INFO  o.a.c.c.StandardEngine - [log,173] - Starting Servlet engine: [Apache Tomcat/9.0.70]
13:11:59.479 [main] INFO  o.a.c.c.C.[.[.[/] - [log,173] - Initializing Spring embedded WebApplicationContext
13:11:59.926 [main] INFO  o.a.c.c.StandardService - [log,173] - Stopping service [Tomcat]
13:15:06.137 [background-preinit] INFO  o.h.v.i.util.Version - [<clinit>,21] - HV000001: Hibernate Validator 6.2.5.Final
13:15:06.711 [main] INFO  c.a.n.c.r.client - [lambda$createClient$0,80] - [RpcClientFactory] create a new rpc client of 09c8778e-b298-4fc5-b77b-0bfb674f512c_config-0
13:15:06.741 [main] INFO  o.r.Reflections - [scan,232] - Reflections took 19 ms to scan 1 urls, producing 3 keys and 6 values 
13:15:06.760 [main] INFO  o.r.Reflections - [scan,232] - Reflections took 10 ms to scan 1 urls, producing 4 keys and 9 values 
13:15:06.770 [main] INFO  o.r.Reflections - [scan,232] - Reflections took 9 ms to scan 1 urls, producing 3 keys and 10 values 
13:15:06.884 [main] INFO  o.r.Reflections - [scan,232] - Reflections took 112 ms to scan 172 urls, producing 0 keys and 0 values 
13:15:06.892 [main] INFO  o.r.Reflections - [scan,232] - Reflections took 7 ms to scan 1 urls, producing 1 keys and 5 values 
13:15:06.901 [main] INFO  o.r.Reflections - [scan,232] - Reflections took 7 ms to scan 1 urls, producing 1 keys and 7 values 
13:15:06.909 [main] INFO  o.r.Reflections - [scan,232] - Reflections took 6 ms to scan 1 urls, producing 2 keys and 8 values 
13:15:07.006 [main] INFO  o.r.Reflections - [scan,232] - Reflections took 95 ms to scan 172 urls, producing 0 keys and 0 values 
13:15:07.007 [main] INFO  c.a.n.c.r.client - [printIfInfoEnabled,60] - [09c8778e-b298-4fc5-b77b-0bfb674f512c_config-0] RpcClient init label, labels = {module=config, Vipserver-Tag=null, source=sdk, Amory-Tag=null, Location-Tag=null, taskId=0, AppName=unknown}
13:15:07.008 [main] INFO  c.a.n.c.r.client - [printIfInfoEnabled,60] - [09c8778e-b298-4fc5-b77b-0bfb674f512c_config-0] Register server push request handler:com.alibaba.nacos.client.config.impl.ClientWorker$ConfigRpcTransportClient$$Lambda$335/659059448
13:15:07.008 [main] INFO  c.a.n.c.r.client - [printIfInfoEnabled,60] - [09c8778e-b298-4fc5-b77b-0bfb674f512c_config-0] Register server push request handler:com.alibaba.nacos.client.config.impl.ClientWorker$ConfigRpcTransportClient$$Lambda$336/124494140
13:15:07.009 [main] INFO  c.a.n.c.r.client - [printIfInfoEnabled,60] - [09c8778e-b298-4fc5-b77b-0bfb674f512c_config-0] Registry connection listener to current client:com.alibaba.nacos.client.config.impl.ClientWorker$ConfigRpcTransportClient$1
13:15:07.009 [main] INFO  c.a.n.c.r.client - [printIfInfoEnabled,60] - [09c8778e-b298-4fc5-b77b-0bfb674f512c_config-0] RpcClient init, ServerListFactory = com.alibaba.nacos.client.config.impl.ClientWorker$ConfigRpcTransportClient$2
13:15:07.014 [main] INFO  c.a.n.c.r.client - [printIfInfoEnabled,60] - [09c8778e-b298-4fc5-b77b-0bfb674f512c_config-0] Try to connect to server on start up, server: {serverIp = '127.0.0.1', server main port = 8848}
13:15:08.134 [main] INFO  c.a.n.c.r.client - [printIfInfoEnabled,60] - [09c8778e-b298-4fc5-b77b-0bfb674f512c_config-0] Success to connect to server [127.0.0.1:8848] on start up, connectionId = 1677215707924_127.0.0.1_54236
13:15:08.134 [com.alibaba.nacos.client.remote.worker] INFO  c.a.n.c.r.client - [printIfInfoEnabled,60] - [09c8778e-b298-4fc5-b77b-0bfb674f512c_config-0] Notify connected event to listeners.
13:15:08.134 [main] INFO  c.a.n.c.r.client - [printIfInfoEnabled,60] - [09c8778e-b298-4fc5-b77b-0bfb674f512c_config-0] Register server push request handler:com.alibaba.nacos.common.remote.client.RpcClient$ConnectResetRequestHandler
13:15:08.134 [main] INFO  c.a.n.c.r.client - [printIfInfoEnabled,60] - [09c8778e-b298-4fc5-b77b-0bfb674f512c_config-0] Register server push request handler:com.alibaba.nacos.common.remote.client.RpcClient$$Lambda$345/990684641
13:15:08.177 [main] INFO  c.t.a.ToweloveAuthApplication - [logStartupProfileInfo,637] - The following 1 profile is active: "dev"
13:15:09.175 [main] INFO  o.a.c.h.Http11NioProtocol - [log,173] - Initializing ProtocolHandler ["http-nio-9200"]
13:15:09.176 [main] INFO  o.a.c.c.StandardService - [log,173] - Starting service [Tomcat]
13:15:09.176 [main] INFO  o.a.c.c.StandardEngine - [log,173] - Starting Servlet engine: [Apache Tomcat/9.0.70]
13:15:09.265 [main] INFO  o.a.c.c.C.[.[.[/] - [log,173] - Initializing Spring embedded WebApplicationContext
13:15:09.747 [main] INFO  o.a.c.c.StandardService - [log,173] - Stopping service [Tomcat]
