11:21:23.080 [background-preinit] INFO  o.h.v.i.util.Version - [<clinit>,21] - HV000001: Hibernate Validator 6.2.5.Final
11:21:23.621 [main] INFO  c.a.n.c.r.client - [lambda$createClient$0,80] - [RpcClientFactory] create a new rpc client of 8143bbb7-d807-4871-9768-4d76ecc39e7e_config-0
11:21:23.665 [main] INFO  o.r.Reflections - [scan,232] - Reflections took 25 ms to scan 1 urls, producing 3 keys and 6 values 
11:21:23.693 [main] INFO  o.r.Reflections - [scan,232] - Reflections took 13 ms to scan 1 urls, producing 4 keys and 9 values 
11:21:23.703 [main] INFO  o.r.Reflections - [scan,232] - Reflections took 8 ms to scan 1 urls, producing 3 keys and 10 values 
11:21:23.724 [main] INFO  o.r.Reflections - [scan,232] - Reflections took 17 ms to scan 1 urls, producing 1 keys and 5 values 
11:21:23.734 [main] INFO  o.r.Reflections - [scan,232] - Reflections took 6 ms to scan 1 urls, producing 1 keys and 7 values 
11:21:23.742 [main] INFO  o.r.Reflections - [scan,232] - Reflections took 6 ms to scan 1 urls, producing 2 keys and 8 values 
11:21:23.746 [main] INFO  c.a.n.c.r.client - [printIfInfoEnabled,60] - [8143bbb7-d807-4871-9768-4d76ecc39e7e_config-0] RpcClient init label, labels = {module=config, Vipserver-Tag=null, source=sdk, Amory-Tag=null, Location-Tag=null, taskId=0, AppName=unknown}
11:21:23.747 [main] INFO  c.a.n.c.r.client - [printIfInfoEnabled,60] - [8143bbb7-d807-4871-9768-4d76ecc39e7e_config-0] Register server push request handler:com.alibaba.nacos.client.config.impl.ClientWorker$ConfigRpcTransportClient$$Lambda$471/0x0000000801325f28
11:21:23.747 [main] INFO  c.a.n.c.r.client - [printIfInfoEnabled,60] - [8143bbb7-d807-4871-9768-4d76ecc39e7e_config-0] Register server push request handler:com.alibaba.nacos.client.config.impl.ClientWorker$ConfigRpcTransportClient$$Lambda$472/0x0000000801326138
11:21:23.747 [main] INFO  c.a.n.c.r.client - [printIfInfoEnabled,60] - [8143bbb7-d807-4871-9768-4d76ecc39e7e_config-0] Registry connection listener to current client:com.alibaba.nacos.client.config.impl.ClientWorker$ConfigRpcTransportClient$1
11:21:23.748 [main] INFO  c.a.n.c.r.client - [printIfInfoEnabled,60] - [8143bbb7-d807-4871-9768-4d76ecc39e7e_config-0] RpcClient init, ServerListFactory = com.alibaba.nacos.client.config.impl.ClientWorker$ConfigRpcTransportClient$2
11:21:23.758 [main] INFO  c.a.n.c.r.client - [printIfInfoEnabled,60] - [8143bbb7-d807-4871-9768-4d76ecc39e7e_config-0] Try to connect to server on start up, server: {serverIp = '123.249.97.220', server main port = 8848}
11:21:24.657 [main] INFO  c.a.n.c.r.client - [printIfInfoEnabled,60] - [8143bbb7-d807-4871-9768-4d76ecc39e7e_config-0] Success to connect to server [123.249.97.220:8848] on start up, connectionId = 1678159284264_116.2.246.63_59934
11:21:24.658 [com.alibaba.nacos.client.remote.worker] INFO  c.a.n.c.r.client - [printIfInfoEnabled,60] - [8143bbb7-d807-4871-9768-4d76ecc39e7e_config-0] Notify connected event to listeners.
11:21:24.658 [main] INFO  c.a.n.c.r.client - [printIfInfoEnabled,60] - [8143bbb7-d807-4871-9768-4d76ecc39e7e_config-0] Register server push request handler:com.alibaba.nacos.common.remote.client.RpcClient$ConnectResetRequestHandler
11:21:24.659 [main] INFO  c.a.n.c.r.client - [printIfInfoEnabled,60] - [8143bbb7-d807-4871-9768-4d76ecc39e7e_config-0] Register server push request handler:com.alibaba.nacos.common.remote.client.RpcClient$$Lambda$486/0x00000008014259a0
11:21:24.901 [main] INFO  c.t.a.ToweloveAuthApplication - [logStartupProfileInfo,637] - The following 1 profile is active: "dev"
11:21:27.740 [main] INFO  o.a.c.h.Http11NioProtocol - [log,173] - Initializing ProtocolHandler ["http-nio-9200"]
11:21:27.740 [main] INFO  o.a.c.c.StandardService - [log,173] - Starting service [Tomcat]
11:21:27.741 [main] INFO  o.a.c.c.StandardEngine - [log,173] - Starting Servlet engine: [Apache Tomcat/9.0.70]
11:21:27.886 [main] INFO  o.a.c.c.C.[.[.[/] - [log,173] - Initializing Spring embedded WebApplicationContext
11:21:29.009 [main] INFO  c.a.c.s.SentinelWebMvcConfigurer - [addInterceptors,52] - [Sentinel Starter] register SentinelWebInterceptor with urlPatterns: [/**].
11:21:30.170 [main] INFO  c.a.n.c.r.client - [lambda$createClient$0,80] - [RpcClientFactory] create a new rpc client of d2f1d2d2-48a3-44ce-b376-005f4e2f5c56
11:21:30.170 [main] INFO  c.a.n.c.r.client - [printIfInfoEnabled,60] - [d2f1d2d2-48a3-44ce-b376-005f4e2f5c56] RpcClient init label, labels = {module=naming, source=sdk}
11:21:30.172 [main] INFO  c.a.n.c.r.client - [printIfInfoEnabled,60] - [d2f1d2d2-48a3-44ce-b376-005f4e2f5c56] RpcClient init, ServerListFactory = com.alibaba.nacos.client.naming.core.ServerListManager
11:21:30.172 [main] INFO  c.a.n.c.r.client - [printIfInfoEnabled,60] - [d2f1d2d2-48a3-44ce-b376-005f4e2f5c56] Registry connection listener to current client:com.alibaba.nacos.client.naming.remote.gprc.redo.NamingGrpcRedoService
11:21:30.172 [main] INFO  c.a.n.c.r.client - [printIfInfoEnabled,60] - [d2f1d2d2-48a3-44ce-b376-005f4e2f5c56] Register server push request handler:com.alibaba.nacos.client.naming.remote.gprc.NamingPushRequestHandler
11:21:30.172 [main] INFO  c.a.n.c.r.client - [printIfInfoEnabled,60] - [d2f1d2d2-48a3-44ce-b376-005f4e2f5c56] Try to connect to server on start up, server: {serverIp = '123.249.97.220', server main port = 8848}
11:21:30.477 [main] INFO  c.a.n.c.r.client - [printIfInfoEnabled,60] - [d2f1d2d2-48a3-44ce-b376-005f4e2f5c56] Success to connect to server [123.249.97.220:8848] on start up, connectionId = 1678159290126_116.2.246.63_59939
11:21:30.477 [main] INFO  c.a.n.c.r.client - [printIfInfoEnabled,60] - [d2f1d2d2-48a3-44ce-b376-005f4e2f5c56] Register server push request handler:com.alibaba.nacos.common.remote.client.RpcClient$ConnectResetRequestHandler
11:21:30.477 [com.alibaba.nacos.client.remote.worker] INFO  c.a.n.c.r.client - [printIfInfoEnabled,60] - [d2f1d2d2-48a3-44ce-b376-005f4e2f5c56] Notify connected event to listeners.
11:21:30.477 [main] INFO  c.a.n.c.r.client - [printIfInfoEnabled,60] - [d2f1d2d2-48a3-44ce-b376-005f4e2f5c56] Register server push request handler:com.alibaba.nacos.common.remote.client.RpcClient$$Lambda$486/0x00000008014259a0
11:21:30.553 [main] INFO  o.a.c.h.Http11NioProtocol - [log,173] - Starting ProtocolHandler ["http-nio-9200"]
11:21:30.621 [main] INFO  c.a.c.n.r.NacosServiceRegistry - [register,75] - nacos registry, DEFAULT_GROUP towelove-auth 192.168.146.1:9200 register finished
11:21:30.864 [main] INFO  c.t.a.ToweloveAuthApplication - [logStarted,61] - Started ToweloveAuthApplication in 8.38 seconds (JVM running for 13.99)
11:21:30.888 [main] INFO  c.a.c.n.r.NacosContextRefresher - [registerNacosListener,129] - [Nacos Config] Listening config: dataId=towelove-base-dev.yaml, group=DEFAULT_GROUP
11:21:30.888 [main] INFO  c.a.c.n.r.NacosContextRefresher - [registerNacosListener,129] - [Nacos Config] Listening config: dataId=towelove-auth, group=DEFAULT_GROUP
11:21:30.890 [main] INFO  c.a.c.n.r.NacosContextRefresher - [registerNacosListener,129] - [Nacos Config] Listening config: dataId=towelove-auth.yml, group=DEFAULT_GROUP
11:21:30.890 [main] INFO  c.a.c.n.r.NacosContextRefresher - [registerNacosListener,129] - [Nacos Config] Listening config: dataId=towelove-auth-dev.yml, group=DEFAULT_GROUP
11:21:31.036 [nacos-grpc-client-executor-8] INFO  c.a.n.c.r.client - [printIfInfoEnabled,60] - [d2f1d2d2-48a3-44ce-b376-005f4e2f5c56] Receive server push request, request = NotifySubscriberRequest, requestId = 17
11:21:31.045 [nacos-grpc-client-executor-8] INFO  c.a.n.c.r.client - [printIfInfoEnabled,60] - [d2f1d2d2-48a3-44ce-b376-005f4e2f5c56] Ack server push request, request = NotifySubscriberRequest, requestId = 17
11:23:42.741 [http-nio-9200-exec-1] INFO  o.a.c.c.C.[.[.[/] - [log,173] - Initializing Spring DispatcherServlet 'dispatcherServlet'
11:23:43.550 [nacos-grpc-client-executor-37] INFO  c.a.n.c.r.client - [printIfInfoEnabled,60] - [d2f1d2d2-48a3-44ce-b376-005f4e2f5c56] Receive server push request, request = NotifySubscriberRequest, requestId = 31
11:23:43.550 [nacos-grpc-client-executor-37] INFO  c.a.n.c.r.client - [printIfInfoEnabled,60] - [d2f1d2d2-48a3-44ce-b376-005f4e2f5c56] Ack server push request, request = NotifySubscriberRequest, requestId = 31
